{"/home/grigorisntousakis/thesis/lya/tst/repos/yargs/index.js":{"path":"/home/grigorisntousakis/thesis/lya/tst/repos/yargs/index.js","statementMap":{"0":{"start":{"line":5,"column":14},"end":{"line":5,"column":32}},"1":{"start":{"line":7,"column":0},"end":{"line":7,"column":27}},"2":{"start":{"line":9,"column":0},"end":{"line":9,"column":21}},"3":{"start":{"line":12,"column":15},"end":{"line":12,"column":47}},"4":{"start":{"line":13,"column":2},"end":{"line":13,"column":20}},"5":{"start":{"line":14,"column":2},"end":{"line":14,"column":13}},"6":{"start":{"line":25,"column":2},"end":{"line":31,"column":4}},"7":{"start":{"line":26,"column":4},"end":{"line":30,"column":5}},"8":{"start":{"line":27,"column":6},"end":{"line":27,"column":60}},"9":{"start":{"line":29,"column":6},"end":{"line":29,"column":84}}},"fnMap":{"0":{"name":"Argv","decl":{"start":{"line":11,"column":9},"end":{"line":11,"column":13}},"loc":{"start":{"line":11,"column":33},"end":{"line":15,"column":1}},"line":11},"1":{"name":"singletonify","decl":{"start":{"line":24,"column":9},"end":{"line":24,"column":21}},"loc":{"start":{"line":24,"column":29},"end":{"line":32,"column":1}},"line":24},"2":{"name":"(anonymous_2)","decl":{"start":{"line":25,"column":28},"end":{"line":25,"column":29}},"loc":{"start":{"line":25,"column":37},"end":{"line":31,"column":3}},"line":25}},"branchMap":{"0":{"loc":{"start":{"line":26,"column":4},"end":{"line":30,"column":5}},"type":"if","locations":[{"start":{"line":26,"column":4},"end":{"line":30,"column":5}},{"start":{"line":26,"column":4},"end":{"line":30,"column":5}}],"line":26},"1":{"loc":{"start":{"line":29,"column":18},"end":{"line":29,"column":84}},"type":"cond-expr","locations":[{"start":{"line":29,"column":52},"end":{"line":29,"column":72}},{"start":{"line":29,"column":75},"end":{"line":29,"column":84}}],"line":29}},"s":{"0":1,"1":1,"2":1,"3":1,"4":1,"5":1,"6":1,"7":80,"8":1,"9":79},"f":{"0":1,"1":1,"2":80},"b":{"0":[1,79],"1":[77,2]},"_coverageSchema":"332fd63041d2c1bcb487cc26dd0d5f7d97098a6c","hash":"da751d22a4c483b3f137af8c52e2d919b3a3150e","contentHash":"e51befde0dec6f292a3a17153401bb5d_11.9.0"},"/home/grigorisntousakis/thesis/lya/tst/repos/yargs/yargs.js":{"path":"/home/grigorisntousakis/thesis/lya/tst/repos/yargs/yargs.js","statementMap":{"0":{"start":{"line":2,"column":16},"end":{"line":2,"column":40}},"1":{"start":{"line":3,"column":11},"end":{"line":3,"column":24}},"2":{"start":{"line":4,"column":16},"end":{"line":4,"column":40}},"3":{"start":{"line":5,"column":19},"end":{"line":5,"column":46}},"4":{"start":{"line":6,"column":15},"end":{"line":6,"column":38}},"5":{"start":{"line":7,"column":13},"end":{"line":7,"column":28}},"6":{"start":{"line":8,"column":14},"end":{"line":8,"column":36}},"7":{"start":{"line":9,"column":19},"end":{"line":9,"column":46}},"8":{"start":{"line":10,"column":13},"end":{"line":10,"column":28}},"9":{"start":{"line":11,"column":18},"end":{"line":11,"column":45}},"10":{"start":{"line":12,"column":20},"end":{"line":12,"column":43}},"11":{"start":{"line":13,"column":21},"end":{"line":13,"column":51}},"12":{"start":{"line":14,"column":15},"end":{"line":14,"column":38}},"13":{"start":{"line":16,"column":0},"end":{"line":16,"column":32}},"14":{"start":{"line":18,"column":2},"end":{"line":18,"column":33}},"15":{"start":{"line":20,"column":15},"end":{"line":20,"column":17}},"16":{"start":{"line":21,"column":16},"end":{"line":21,"column":20}},"17":{"start":{"line":22,"column":19},"end":{"line":22,"column":23}},"18":{"start":{"line":23,"column":15},"end":{"line":23,"column":17}},"19":{"start":{"line":24,"column":15},"end":{"line":24,"column":17}},"20":{"start":{"line":25,"column":24},"end":{"line":25,"column":26}},"21":{"start":{"line":26,"column":14},"end":{"line":26,"column":18}},"22":{"start":{"line":27,"column":19},"end":{"line":27,"column":23}},"23":{"start":{"line":29,"column":15},"end":{"line":32,"column":4}},"24":{"start":{"line":34,"column":2},"end":{"line":34,"column":31}},"25":{"start":{"line":34,"column":12},"end":{"line":34,"column":31}},"26":{"start":{"line":36,"column":2},"end":{"line":45,"column":21}},"27":{"start":{"line":41,"column":6},"end":{"line":41,"column":61}},"28":{"start":{"line":41,"column":55},"end":{"line":41,"column":61}},"29":{"start":{"line":42,"column":16},"end":{"line":42,"column":30}},"30":{"start":{"line":43,"column":6},"end":{"line":43,"column":75}},"31":{"start":{"line":47,"column":2},"end":{"line":51,"column":3}},"32":{"start":{"line":48,"column":4},"end":{"line":50,"column":5}},"33":{"start":{"line":55,"column":18},"end":{"line":55,"column":75}},"34":{"start":{"line":56,"column":2},"end":{"line":56,"column":33}},"35":{"start":{"line":56,"column":26},"end":{"line":56,"column":33}},"36":{"start":{"line":62,"column":2},"end":{"line":129,"column":3}},"37":{"start":{"line":63,"column":4},"end":{"line":63,"column":20}},"38":{"start":{"line":64,"column":4},"end":{"line":64,"column":27}},"39":{"start":{"line":65,"column":4},"end":{"line":65,"column":27}},"40":{"start":{"line":69,"column":23},"end":{"line":69,"column":25}},"41":{"start":{"line":70,"column":4},"end":{"line":70,"column":57}},"42":{"start":{"line":71,"column":4},"end":{"line":71,"column":81}},"43":{"start":{"line":75,"column":24},"end":{"line":75,"column":26}},"44":{"start":{"line":76,"column":4},"end":{"line":81,"column":6}},"45":{"start":{"line":77,"column":6},"end":{"line":78,"column":7}},"46":{"start":{"line":78,"column":7},"end":{"line":80,"column":8}},"47":{"start":{"line":79,"column":8},"end":{"line":79,"column":29}},"48":{"start":{"line":84,"column":4},"end":{"line":90,"column":10}},"49":{"start":{"line":85,"column":19},"end":{"line":85,"column":73}},"50":{"start":{"line":85,"column":51},"end":{"line":85,"column":72}},"51":{"start":{"line":86,"column":6},"end":{"line":88,"column":7}},"52":{"start":{"line":87,"column":8},"end":{"line":87,"column":29}},"53":{"start":{"line":89,"column":6},"end":{"line":89,"column":16}},"54":{"start":{"line":92,"column":4},"end":{"line":92,"column":15}},"55":{"start":{"line":94,"column":25},"end":{"line":97,"column":5}},"56":{"start":{"line":99,"column":26},"end":{"line":102,"column":5}},"57":{"start":{"line":104,"column":4},"end":{"line":106,"column":6}},"58":{"start":{"line":105,"column":6},"end":{"line":105,"column":69}},"59":{"start":{"line":105,"column":53},"end":{"line":105,"column":68}},"60":{"start":{"line":108,"column":4},"end":{"line":110,"column":6}},"61":{"start":{"line":109,"column":6},"end":{"line":109,"column":70}},"62":{"start":{"line":109,"column":54},"end":{"line":109,"column":69}},"63":{"start":{"line":112,"column":4},"end":{"line":112,"column":44}},"64":{"start":{"line":113,"column":4},"end":{"line":113,"column":24}},"65":{"start":{"line":117,"column":4},"end":{"line":117,"column":64}},"66":{"start":{"line":118,"column":4},"end":{"line":118,"column":91}},"67":{"start":{"line":119,"column":4},"end":{"line":119,"column":74}},"68":{"start":{"line":120,"column":4},"end":{"line":120,"column":66}},"69":{"start":{"line":120,"column":21},"end":{"line":120,"column":66}},"70":{"start":{"line":122,"column":4},"end":{"line":122,"column":28}},"71":{"start":{"line":123,"column":4},"end":{"line":123,"column":15}},"72":{"start":{"line":124,"column":4},"end":{"line":124,"column":20}},"73":{"start":{"line":125,"column":4},"end":{"line":125,"column":21}},"74":{"start":{"line":126,"column":4},"end":{"line":126,"column":23}},"75":{"start":{"line":128,"column":4},"end":{"line":128,"column":15}},"76":{"start":{"line":130,"column":2},"end":{"line":130,"column":21}},"77":{"start":{"line":135,"column":4},"end":{"line":135,"column":15}},"78":{"start":{"line":136,"column":4},"end":{"line":136,"column":28}},"79":{"start":{"line":137,"column":4},"end":{"line":137,"column":57}},"80":{"start":{"line":138,"column":4},"end":{"line":138,"column":36}},"81":{"start":{"line":139,"column":4},"end":{"line":139,"column":26}},"82":{"start":{"line":140,"column":4},"end":{"line":140,"column":18}},"83":{"start":{"line":141,"column":4},"end":{"line":141,"column":23}},"84":{"start":{"line":142,"column":4},"end":{"line":142,"column":20}},"85":{"start":{"line":143,"column":4},"end":{"line":143,"column":26}},"86":{"start":{"line":144,"column":4},"end":{"line":144,"column":48}},"87":{"start":{"line":145,"column":4},"end":{"line":145,"column":26}},"88":{"start":{"line":146,"column":4},"end":{"line":146,"column":32}},"89":{"start":{"line":147,"column":4},"end":{"line":147,"column":32}},"90":{"start":{"line":148,"column":4},"end":{"line":148,"column":31}},"91":{"start":{"line":151,"column":4},"end":{"line":151,"column":28}},"92":{"start":{"line":152,"column":4},"end":{"line":152,"column":48}},"93":{"start":{"line":153,"column":4},"end":{"line":153,"column":36}},"94":{"start":{"line":154,"column":4},"end":{"line":154,"column":26}},"95":{"start":{"line":155,"column":4},"end":{"line":155,"column":26}},"96":{"start":{"line":156,"column":4},"end":{"line":156,"column":32}},"97":{"start":{"line":157,"column":4},"end":{"line":157,"column":32}},"98":{"start":{"line":158,"column":4},"end":{"line":158,"column":31}},"99":{"start":{"line":159,"column":4},"end":{"line":159,"column":20}},"100":{"start":{"line":160,"column":4},"end":{"line":160,"column":25}},"101":{"start":{"line":161,"column":4},"end":{"line":161,"column":22}},"102":{"start":{"line":162,"column":4},"end":{"line":162,"column":26}},"103":{"start":{"line":163,"column":4},"end":{"line":163,"column":48}},"104":{"start":{"line":164,"column":4},"end":{"line":164,"column":18}},"105":{"start":{"line":165,"column":4},"end":{"line":165,"column":23}},"106":{"start":{"line":166,"column":4},"end":{"line":166,"column":22}},"107":{"start":{"line":169,"column":2},"end":{"line":173,"column":3}},"108":{"start":{"line":170,"column":4},"end":{"line":170,"column":55}},"109":{"start":{"line":171,"column":4},"end":{"line":171,"column":44}},"110":{"start":{"line":172,"column":4},"end":{"line":172,"column":15}},"111":{"start":{"line":175,"column":2},"end":{"line":179,"column":3}},"112":{"start":{"line":176,"column":4},"end":{"line":176,"column":55}},"113":{"start":{"line":177,"column":4},"end":{"line":177,"column":42}},"114":{"start":{"line":178,"column":4},"end":{"line":178,"column":15}},"115":{"start":{"line":181,"column":2},"end":{"line":185,"column":3}},"116":{"start":{"line":182,"column":4},"end":{"line":182,"column":55}},"117":{"start":{"line":183,"column":4},"end":{"line":183,"column":43}},"118":{"start":{"line":184,"column":4},"end":{"line":184,"column":15}},"119":{"start":{"line":187,"column":2},"end":{"line":191,"column":3}},"120":{"start":{"line":188,"column":4},"end":{"line":188,"column":55}},"121":{"start":{"line":189,"column":4},"end":{"line":189,"column":46}},"122":{"start":{"line":190,"column":4},"end":{"line":190,"column":15}},"123":{"start":{"line":193,"column":2},"end":{"line":197,"column":3}},"124":{"start":{"line":194,"column":4},"end":{"line":194,"column":55}},"125":{"start":{"line":195,"column":4},"end":{"line":195,"column":42}},"126":{"start":{"line":196,"column":4},"end":{"line":196,"column":15}},"127":{"start":{"line":199,"column":2},"end":{"line":203,"column":3}},"128":{"start":{"line":200,"column":4},"end":{"line":200,"column":55}},"129":{"start":{"line":201,"column":4},"end":{"line":201,"column":43}},"130":{"start":{"line":202,"column":4},"end":{"line":202,"column":15}},"131":{"start":{"line":205,"column":2},"end":{"line":209,"column":3}},"132":{"start":{"line":206,"column":4},"end":{"line":206,"column":55}},"133":{"start":{"line":207,"column":4},"end":{"line":207,"column":48}},"134":{"start":{"line":208,"column":4},"end":{"line":208,"column":15}},"135":{"start":{"line":211,"column":2},"end":{"line":215,"column":3}},"136":{"start":{"line":212,"column":4},"end":{"line":212,"column":55}},"137":{"start":{"line":213,"column":4},"end":{"line":213,"column":51}},"138":{"start":{"line":214,"column":4},"end":{"line":214,"column":15}},"139":{"start":{"line":218,"column":4},"end":{"line":218,"column":26}},"140":{"start":{"line":219,"column":4},"end":{"line":221,"column":6}},"141":{"start":{"line":220,"column":6},"end":{"line":220,"column":29}},"142":{"start":{"line":224,"column":2},"end":{"line":228,"column":3}},"143":{"start":{"line":225,"column":4},"end":{"line":225,"column":77}},"144":{"start":{"line":226,"column":4},"end":{"line":226,"column":67}},"145":{"start":{"line":227,"column":4},"end":{"line":227,"column":15}},"146":{"start":{"line":230,"column":2},"end":{"line":234,"column":3}},"147":{"start":{"line":231,"column":4},"end":{"line":231,"column":83}},"148":{"start":{"line":232,"column":4},"end":{"line":232,"column":71}},"149":{"start":{"line":233,"column":4},"end":{"line":233,"column":15}},"150":{"start":{"line":236,"column":2},"end":{"line":240,"column":3}},"151":{"start":{"line":237,"column":4},"end":{"line":237,"column":83}},"152":{"start":{"line":238,"column":4},"end":{"line":238,"column":67}},"153":{"start":{"line":239,"column":4},"end":{"line":239,"column":15}},"154":{"start":{"line":243,"column":2},"end":{"line":252,"column":3}},"155":{"start":{"line":244,"column":4},"end":{"line":244,"column":101}},"156":{"start":{"line":245,"column":4},"end":{"line":245,"column":80}},"157":{"start":{"line":245,"column":28},"end":{"line":245,"column":80}},"158":{"start":{"line":246,"column":4},"end":{"line":249,"column":5}},"159":{"start":{"line":247,"column":6},"end":{"line":247,"column":110}},"160":{"start":{"line":247,"column":44},"end":{"line":247,"column":110}},"161":{"start":{"line":248,"column":6},"end":{"line":248,"column":26}},"162":{"start":{"line":250,"column":4},"end":{"line":250,"column":72}},"163":{"start":{"line":251,"column":4},"end":{"line":251,"column":15}},"164":{"start":{"line":254,"column":2},"end":{"line":259,"column":3}},"165":{"start":{"line":255,"column":4},"end":{"line":255,"column":76}},"166":{"start":{"line":256,"column":4},"end":{"line":256,"column":68}},"167":{"start":{"line":257,"column":4},"end":{"line":257,"column":29}},"168":{"start":{"line":258,"column":4},"end":{"line":258,"column":15}},"169":{"start":{"line":261,"column":2},"end":{"line":265,"column":3}},"170":{"start":{"line":262,"column":4},"end":{"line":262,"column":76}},"171":{"start":{"line":263,"column":4},"end":{"line":263,"column":84}},"172":{"start":{"line":264,"column":4},"end":{"line":264,"column":15}},"173":{"start":{"line":267,"column":2},"end":{"line":271,"column":3}},"174":{"start":{"line":268,"column":4},"end":{"line":268,"column":80}},"175":{"start":{"line":269,"column":4},"end":{"line":269,"column":71}},"176":{"start":{"line":270,"column":4},"end":{"line":270,"column":15}},"177":{"start":{"line":274,"column":4},"end":{"line":293,"column":5}},"178":{"start":{"line":276,"column":19},"end":{"line":276,"column":21}},"179":{"start":{"line":277,"column":6},"end":{"line":279,"column":8}},"180":{"start":{"line":278,"column":8},"end":{"line":278,"column":23}},"181":{"start":{"line":280,"column":6},"end":{"line":280,"column":19}},"182":{"start":{"line":281,"column":11},"end":{"line":293,"column":5}},"183":{"start":{"line":283,"column":6},"end":{"line":285,"column":8}},"184":{"start":{"line":284,"column":8},"end":{"line":284,"column":26}},"185":{"start":{"line":288,"column":6},"end":{"line":292,"column":7}},"186":{"start":{"line":289,"column":8},"end":{"line":289,"column":69}},"187":{"start":{"line":291,"column":8},"end":{"line":291,"column":34}},"188":{"start":{"line":299,"column":4},"end":{"line":306,"column":6}},"189":{"start":{"line":300,"column":19},"end":{"line":300,"column":35}},"190":{"start":{"line":301,"column":6},"end":{"line":305,"column":7}},"191":{"start":{"line":302,"column":8},"end":{"line":302,"column":77}},"192":{"start":{"line":302,"column":38},"end":{"line":302,"column":77}},"193":{"start":{"line":303,"column":13},"end":{"line":305,"column":7}},"194":{"start":{"line":304,"column":8},"end":{"line":304,"column":30}},"195":{"start":{"line":308,"column":4},"end":{"line":308,"column":45}},"196":{"start":{"line":311,"column":2},"end":{"line":333,"column":3}},"197":{"start":{"line":312,"column":4},"end":{"line":312,"column":98}},"198":{"start":{"line":314,"column":4},"end":{"line":318,"column":5}},"199":{"start":{"line":315,"column":6},"end":{"line":315,"column":34}},"200":{"start":{"line":316,"column":6},"end":{"line":316,"column":71}},"201":{"start":{"line":317,"column":6},"end":{"line":317,"column":17}},"202":{"start":{"line":321,"column":4},"end":{"line":324,"column":5}},"203":{"start":{"line":322,"column":6},"end":{"line":322,"column":19}},"204":{"start":{"line":323,"column":6},"end":{"line":323,"column":16}},"205":{"start":{"line":326,"column":4},"end":{"line":326,"column":25}},"206":{"start":{"line":327,"column":4},"end":{"line":328,"column":5}},"207":{"start":{"line":328,"column":5},"end":{"line":330,"column":6}},"208":{"start":{"line":329,"column":6},"end":{"line":329,"column":41}},"209":{"start":{"line":332,"column":4},"end":{"line":332,"column":15}},"210":{"start":{"line":335,"column":2},"end":{"line":339,"column":3}},"211":{"start":{"line":336,"column":4},"end":{"line":336,"column":70}},"212":{"start":{"line":337,"column":4},"end":{"line":337,"column":35}},"213":{"start":{"line":338,"column":4},"end":{"line":338,"column":15}},"214":{"start":{"line":341,"column":2},"end":{"line":345,"column":3}},"215":{"start":{"line":342,"column":4},"end":{"line":342,"column":159}},"216":{"start":{"line":343,"column":4},"end":{"line":343,"column":71}},"217":{"start":{"line":344,"column":4},"end":{"line":344,"column":15}},"218":{"start":{"line":347,"column":2},"end":{"line":352,"column":3}},"219":{"start":{"line":348,"column":4},"end":{"line":348,"column":63}},"220":{"start":{"line":349,"column":16},"end":{"line":349,"column":40}},"221":{"start":{"line":350,"column":4},"end":{"line":350,"column":89}},"222":{"start":{"line":351,"column":4},"end":{"line":351,"column":15}},"223":{"start":{"line":356,"column":2},"end":{"line":385,"column":3}},"224":{"start":{"line":360,"column":4},"end":{"line":368,"column":5}},"225":{"start":{"line":361,"column":6},"end":{"line":363,"column":8}},"226":{"start":{"line":362,"column":8},"end":{"line":362,"column":35}},"227":{"start":{"line":364,"column":6},"end":{"line":364,"column":20}},"228":{"start":{"line":365,"column":11},"end":{"line":368,"column":5}},"229":{"start":{"line":366,"column":6},"end":{"line":366,"column":15}},"230":{"start":{"line":367,"column":6},"end":{"line":367,"column":20}},"231":{"start":{"line":370,"column":4},"end":{"line":382,"column":5}},"232":{"start":{"line":371,"column":6},"end":{"line":371,"column":45}},"233":{"start":{"line":372,"column":11},"end":{"line":382,"column":5}},"234":{"start":{"line":373,"column":6},"end":{"line":375,"column":8}},"235":{"start":{"line":374,"column":8},"end":{"line":374,"column":35}},"236":{"start":{"line":377,"column":6},"end":{"line":381,"column":7}},"237":{"start":{"line":378,"column":8},"end":{"line":378,"column":36}},"238":{"start":{"line":379,"column":13},"end":{"line":381,"column":7}},"239":{"start":{"line":380,"column":8},"end":{"line":380,"column":31}},"240":{"start":{"line":384,"column":4},"end":{"line":384,"column":15}},"241":{"start":{"line":387,"column":2},"end":{"line":407,"column":3}},"242":{"start":{"line":388,"column":4},"end":{"line":388,"column":133}},"243":{"start":{"line":390,"column":4},"end":{"line":390,"column":43}},"244":{"start":{"line":390,"column":36},"end":{"line":390,"column":43}},"245":{"start":{"line":392,"column":4},"end":{"line":395,"column":5}},"246":{"start":{"line":393,"column":6},"end":{"line":393,"column":18}},"247":{"start":{"line":394,"column":6},"end":{"line":394,"column":20}},"248":{"start":{"line":397,"column":4},"end":{"line":397,"column":27}},"249":{"start":{"line":399,"column":4},"end":{"line":404,"column":5}},"250":{"start":{"line":406,"column":4},"end":{"line":406,"column":15}},"251":{"start":{"line":409,"column":2},"end":{"line":412,"column":3}},"252":{"start":{"line":410,"column":4},"end":{"line":410,"column":18}},"253":{"start":{"line":411,"column":4},"end":{"line":411,"column":34}},"254":{"start":{"line":414,"column":2},"end":{"line":417,"column":3}},"255":{"start":{"line":415,"column":4},"end":{"line":415,"column":18}},"256":{"start":{"line":416,"column":4},"end":{"line":416,"column":35}},"257":{"start":{"line":419,"column":2},"end":{"line":423,"column":3}},"258":{"start":{"line":420,"column":4},"end":{"line":420,"column":84}},"259":{"start":{"line":421,"column":4},"end":{"line":421,"column":34}},"260":{"start":{"line":422,"column":4},"end":{"line":422,"column":15}},"261":{"start":{"line":425,"column":2},"end":{"line":429,"column":3}},"262":{"start":{"line":426,"column":4},"end":{"line":426,"column":77}},"263":{"start":{"line":427,"column":4},"end":{"line":427,"column":36}},"264":{"start":{"line":428,"column":4},"end":{"line":428,"column":15}},"265":{"start":{"line":431,"column":2},"end":{"line":446,"column":3}},"266":{"start":{"line":432,"column":4},"end":{"line":432,"column":140}},"267":{"start":{"line":434,"column":4},"end":{"line":445,"column":5}},"268":{"start":{"line":437,"column":6},"end":{"line":441,"column":7}},"269":{"start":{"line":438,"column":8},"end":{"line":438,"column":63}},"270":{"start":{"line":440,"column":8},"end":{"line":440,"column":105}},"271":{"start":{"line":443,"column":6},"end":{"line":443,"column":22}},"272":{"start":{"line":444,"column":6},"end":{"line":444,"column":17}},"273":{"start":{"line":448,"column":2},"end":{"line":452,"column":3}},"274":{"start":{"line":449,"column":4},"end":{"line":449,"column":48}},"275":{"start":{"line":450,"column":4},"end":{"line":450,"column":21}},"276":{"start":{"line":451,"column":4},"end":{"line":451,"column":15}},"277":{"start":{"line":454,"column":2},"end":{"line":458,"column":3}},"278":{"start":{"line":455,"column":4},"end":{"line":455,"column":48}},"279":{"start":{"line":456,"column":4},"end":{"line":456,"column":19}},"280":{"start":{"line":457,"column":4},"end":{"line":457,"column":15}},"281":{"start":{"line":460,"column":2},"end":{"line":464,"column":3}},"282":{"start":{"line":461,"column":4},"end":{"line":461,"column":67}},"283":{"start":{"line":462,"column":4},"end":{"line":462,"column":42}},"284":{"start":{"line":463,"column":4},"end":{"line":463,"column":15}},"285":{"start":{"line":466,"column":2},"end":{"line":477,"column":3}},"286":{"start":{"line":467,"column":4},"end":{"line":467,"column":76}},"287":{"start":{"line":468,"column":4},"end":{"line":468,"column":32}},"288":{"start":{"line":469,"column":4},"end":{"line":475,"column":5}},"289":{"start":{"line":470,"column":6},"end":{"line":470,"column":74}},"290":{"start":{"line":470,"column":48},"end":{"line":470,"column":73}},"291":{"start":{"line":472,"column":6},"end":{"line":474,"column":8}},"292":{"start":{"line":473,"column":8},"end":{"line":473,"column":66}},"293":{"start":{"line":473,"column":45},"end":{"line":473,"column":66}},"294":{"start":{"line":476,"column":4},"end":{"line":476,"column":15}},"295":{"start":{"line":479,"column":2},"end":{"line":494,"column":3}},"296":{"start":{"line":480,"column":4},"end":{"line":480,"column":63}},"297":{"start":{"line":481,"column":15},"end":{"line":481,"column":19}},"298":{"start":{"line":485,"column":16},"end":{"line":485,"column":34}},"299":{"start":{"line":488,"column":4},"end":{"line":491,"column":5}},"300":{"start":{"line":489,"column":6},"end":{"line":489,"column":48}},"301":{"start":{"line":490,"column":6},"end":{"line":490,"column":72}},"302":{"start":{"line":493,"column":4},"end":{"line":493,"column":15}},"303":{"start":{"line":496,"column":15},"end":{"line":496,"column":17}},"304":{"start":{"line":498,"column":18},"end":{"line":498,"column":29}},"305":{"start":{"line":499,"column":4},"end":{"line":499,"column":39}},"306":{"start":{"line":499,"column":21},"end":{"line":499,"column":39}},"307":{"start":{"line":500,"column":19},"end":{"line":500,"column":37}},"308":{"start":{"line":502,"column":14},"end":{"line":502,"column":16}},"309":{"start":{"line":503,"column":4},"end":{"line":509,"column":21}},"310":{"start":{"line":504,"column":26},"end":{"line":507,"column":8}},"311":{"start":{"line":508,"column":6},"end":{"line":508,"column":52}},"312":{"start":{"line":511,"column":4},"end":{"line":511,"column":27}},"313":{"start":{"line":512,"column":4},"end":{"line":512,"column":22}},"314":{"start":{"line":515,"column":16},"end":{"line":515,"column":20}},"315":{"start":{"line":516,"column":21},"end":{"line":516,"column":25}},"316":{"start":{"line":517,"column":2},"end":{"line":547,"column":3}},"317":{"start":{"line":518,"column":4},"end":{"line":518,"column":116}},"318":{"start":{"line":519,"column":4},"end":{"line":519,"column":55}},"319":{"start":{"line":519,"column":37},"end":{"line":519,"column":55}},"320":{"start":{"line":523,"column":4},"end":{"line":526,"column":5}},"321":{"start":{"line":524,"column":6},"end":{"line":524,"column":33}},"322":{"start":{"line":525,"column":6},"end":{"line":525,"column":29}},"323":{"start":{"line":531,"column":4},"end":{"line":534,"column":5}},"324":{"start":{"line":532,"column":6},"end":{"line":532,"column":28}},"325":{"start":{"line":533,"column":6},"end":{"line":533,"column":25}},"326":{"start":{"line":537,"column":4},"end":{"line":537,"column":41}},"327":{"start":{"line":537,"column":23},"end":{"line":537,"column":41}},"328":{"start":{"line":539,"column":4},"end":{"line":539,"column":12}},"329":{"start":{"line":540,"column":4},"end":{"line":540,"column":36}},"330":{"start":{"line":540,"column":17},"end":{"line":540,"column":36}},"331":{"start":{"line":542,"column":19},"end":{"line":542,"column":54}},"332":{"start":{"line":543,"column":4},"end":{"line":543,"column":51}},"333":{"start":{"line":543,"column":17},"end":{"line":543,"column":51}},"334":{"start":{"line":544,"column":4},"end":{"line":544,"column":14}},"335":{"start":{"line":546,"column":4},"end":{"line":546,"column":17}},"336":{"start":{"line":549,"column":2},"end":{"line":549,"column":50}},"337":{"start":{"line":549,"column":32},"end":{"line":549,"column":50}},"338":{"start":{"line":551,"column":2},"end":{"line":551,"column":42}},"339":{"start":{"line":551,"column":33},"end":{"line":551,"column":42}},"340":{"start":{"line":553,"column":2},"end":{"line":662,"column":3}},"341":{"start":{"line":554,"column":4},"end":{"line":554,"column":69}},"342":{"start":{"line":555,"column":4},"end":{"line":659,"column":5}},"343":{"start":{"line":556,"column":6},"end":{"line":558,"column":8}},"344":{"start":{"line":557,"column":8},"end":{"line":557,"column":31}},"345":{"start":{"line":560,"column":6},"end":{"line":562,"column":7}},"346":{"start":{"line":561,"column":8},"end":{"line":561,"column":16}},"347":{"start":{"line":564,"column":6},"end":{"line":564,"column":29}},"348":{"start":{"line":566,"column":6},"end":{"line":566,"column":47}},"349":{"start":{"line":566,"column":21},"end":{"line":566,"column":47}},"350":{"start":{"line":568,"column":21},"end":{"line":568,"column":62}},"351":{"start":{"line":571,"column":6},"end":{"line":573,"column":7}},"352":{"start":{"line":572,"column":8},"end":{"line":572,"column":32}},"353":{"start":{"line":575,"column":6},"end":{"line":577,"column":7}},"354":{"start":{"line":576,"column":8},"end":{"line":576,"column":99}},"355":{"start":{"line":579,"column":6},"end":{"line":581,"column":7}},"356":{"start":{"line":580,"column":8},"end":{"line":580,"column":42}},"357":{"start":{"line":583,"column":6},"end":{"line":585,"column":7}},"358":{"start":{"line":584,"column":8},"end":{"line":584,"column":38}},"359":{"start":{"line":587,"column":6},"end":{"line":589,"column":7}},"360":{"start":{"line":588,"column":8},"end":{"line":588,"column":38}},"361":{"start":{"line":591,"column":6},"end":{"line":593,"column":7}},"362":{"start":{"line":592,"column":8},"end":{"line":592,"column":34}},"363":{"start":{"line":595,"column":6},"end":{"line":597,"column":7}},"364":{"start":{"line":596,"column":8},"end":{"line":596,"column":42}},"365":{"start":{"line":599,"column":6},"end":{"line":601,"column":7}},"366":{"start":{"line":600,"column":8},"end":{"line":600,"column":27}},"367":{"start":{"line":603,"column":6},"end":{"line":605,"column":7}},"368":{"start":{"line":604,"column":8},"end":{"line":604,"column":38}},"369":{"start":{"line":607,"column":6},"end":{"line":609,"column":7}},"370":{"start":{"line":608,"column":8},"end":{"line":608,"column":36}},"371":{"start":{"line":611,"column":6},"end":{"line":613,"column":7}},"372":{"start":{"line":612,"column":8},"end":{"line":612,"column":34}},"373":{"start":{"line":615,"column":6},"end":{"line":618,"column":7}},"374":{"start":{"line":616,"column":8},"end":{"line":616,"column":25}},"375":{"start":{"line":617,"column":8},"end":{"line":617,"column":46}},"376":{"start":{"line":617,"column":23},"end":{"line":617,"column":46}},"377":{"start":{"line":620,"column":6},"end":{"line":623,"column":7}},"378":{"start":{"line":621,"column":8},"end":{"line":621,"column":23}},"379":{"start":{"line":622,"column":8},"end":{"line":622,"column":44}},"380":{"start":{"line":622,"column":23},"end":{"line":622,"column":44}},"381":{"start":{"line":625,"column":6},"end":{"line":628,"column":7}},"382":{"start":{"line":626,"column":8},"end":{"line":626,"column":24}},"383":{"start":{"line":627,"column":8},"end":{"line":627,"column":45}},"384":{"start":{"line":627,"column":23},"end":{"line":627,"column":45}},"385":{"start":{"line":630,"column":6},"end":{"line":633,"column":7}},"386":{"start":{"line":631,"column":8},"end":{"line":631,"column":24}},"387":{"start":{"line":632,"column":8},"end":{"line":632,"column":45}},"388":{"start":{"line":632,"column":23},"end":{"line":632,"column":45}},"389":{"start":{"line":635,"column":6},"end":{"line":637,"column":7}},"390":{"start":{"line":636,"column":8},"end":{"line":636,"column":23}},"391":{"start":{"line":639,"column":6},"end":{"line":641,"column":7}},"392":{"start":{"line":640,"column":8},"end":{"line":640,"column":36}},"393":{"start":{"line":643,"column":6},"end":{"line":645,"column":7}},"394":{"start":{"line":644,"column":8},"end":{"line":644,"column":64}},"395":{"start":{"line":647,"column":6},"end":{"line":649,"column":7}},"396":{"start":{"line":648,"column":8},"end":{"line":648,"column":32}},"397":{"start":{"line":651,"column":19},"end":{"line":651,"column":62}},"398":{"start":{"line":652,"column":6},"end":{"line":654,"column":7}},"399":{"start":{"line":653,"column":8},"end":{"line":653,"column":32}},"400":{"start":{"line":656,"column":6},"end":{"line":658,"column":7}},"401":{"start":{"line":657,"column":8},"end":{"line":657,"column":29}},"402":{"start":{"line":661,"column":4},"end":{"line":661,"column":15}},"403":{"start":{"line":663,"column":2},"end":{"line":663,"column":33}},"404":{"start":{"line":663,"column":26},"end":{"line":663,"column":33}},"405":{"start":{"line":665,"column":2},"end":{"line":700,"column":3}},"406":{"start":{"line":666,"column":4},"end":{"line":666,"column":63}},"407":{"start":{"line":667,"column":4},"end":{"line":669,"column":5}},"408":{"start":{"line":668,"column":6},"end":{"line":668,"column":90}},"409":{"start":{"line":673,"column":26},"end":{"line":675,"column":37}},"410":{"start":{"line":676,"column":4},"end":{"line":681,"column":6}},"411":{"start":{"line":677,"column":19},"end":{"line":677,"column":50}},"412":{"start":{"line":679,"column":6},"end":{"line":679,"column":91}},"413":{"start":{"line":679,"column":77},"end":{"line":679,"column":91}},"414":{"start":{"line":680,"column":6},"end":{"line":680,"column":19}},"415":{"start":{"line":684,"column":24},"end":{"line":684,"column":77}},"416":{"start":{"line":685,"column":25},"end":{"line":690,"column":5}},"417":{"start":{"line":691,"column":4},"end":{"line":697,"column":6}},"418":{"start":{"line":692,"column":6},"end":{"line":696,"column":7}},"419":{"start":{"line":693,"column":8},"end":{"line":693,"column":65}},"420":{"start":{"line":693,"column":50},"end":{"line":693,"column":65}},"421":{"start":{"line":695,"column":8},"end":{"line":695,"column":84}},"422":{"start":{"line":695,"column":52},"end":{"line":695,"column":84}},"423":{"start":{"line":698,"column":4},"end":{"line":698,"column":51}},"424":{"start":{"line":699,"column":4},"end":{"line":699,"column":33}},"425":{"start":{"line":702,"column":2},"end":{"line":716,"column":3}},"426":{"start":{"line":703,"column":4},"end":{"line":703,"column":75}},"427":{"start":{"line":704,"column":21},"end":{"line":704,"column":68}},"428":{"start":{"line":705,"column":4},"end":{"line":708,"column":5}},"429":{"start":{"line":707,"column":6},"end":{"line":707,"column":39}},"430":{"start":{"line":710,"column":17},"end":{"line":710,"column":19}},"431":{"start":{"line":711,"column":4},"end":{"line":714,"column":6}},"432":{"start":{"line":712,"column":6},"end":{"line":712,"column":33}},"433":{"start":{"line":712,"column":21},"end":{"line":712,"column":33}},"434":{"start":{"line":713,"column":6},"end":{"line":713,"column":31}},"435":{"start":{"line":715,"column":4},"end":{"line":715,"column":15}},"436":{"start":{"line":718,"column":2},"end":{"line":718,"column":67}},"437":{"start":{"line":718,"column":25},"end":{"line":718,"column":67}},"438":{"start":{"line":722,"column":2},"end":{"line":727,"column":3}},"439":{"start":{"line":723,"column":4},"end":{"line":723,"column":59}},"440":{"start":{"line":724,"column":4},"end":{"line":725,"column":41}},"441":{"start":{"line":724,"column":26},"end":{"line":724,"column":55}},"442":{"start":{"line":725,"column":9},"end":{"line":725,"column":41}},"443":{"start":{"line":726,"column":4},"end":{"line":726,"column":15}},"444":{"start":{"line":729,"column":2},"end":{"line":733,"column":3}},"445":{"start":{"line":730,"column":4},"end":{"line":730,"column":64}},"446":{"start":{"line":731,"column":4},"end":{"line":731,"column":20}},"447":{"start":{"line":732,"column":4},"end":{"line":732,"column":15}},"448":{"start":{"line":735,"column":15},"end":{"line":735,"column":20}},"449":{"start":{"line":736,"column":2},"end":{"line":740,"column":3}},"450":{"start":{"line":737,"column":4},"end":{"line":737,"column":53}},"451":{"start":{"line":738,"column":4},"end":{"line":738,"column":30}},"452":{"start":{"line":739,"column":4},"end":{"line":739,"column":15}},"453":{"start":{"line":741,"column":2},"end":{"line":741,"column":31}},"454":{"start":{"line":741,"column":25},"end":{"line":741,"column":31}},"455":{"start":{"line":743,"column":2},"end":{"line":752,"column":3}},"456":{"start":{"line":744,"column":4},"end":{"line":744,"column":59}},"457":{"start":{"line":745,"column":4},"end":{"line":745,"column":50}},"458":{"start":{"line":745,"column":22},"end":{"line":745,"column":50}},"459":{"start":{"line":746,"column":4},"end":{"line":749,"column":5}},"460":{"start":{"line":747,"column":6},"end":{"line":747,"column":22}},"461":{"start":{"line":748,"column":6},"end":{"line":748,"column":45}},"462":{"start":{"line":750,"column":4},"end":{"line":750,"column":25}},"463":{"start":{"line":751,"column":4},"end":{"line":751,"column":15}},"464":{"start":{"line":754,"column":19},"end":{"line":754,"column":23}},"465":{"start":{"line":755,"column":2},"end":{"line":788,"column":3}},"466":{"start":{"line":756,"column":30},"end":{"line":756,"column":39}},"467":{"start":{"line":757,"column":4},"end":{"line":757,"column":84}},"468":{"start":{"line":761,"column":4},"end":{"line":765,"column":5}},"469":{"start":{"line":762,"column":6},"end":{"line":762,"column":44}},"470":{"start":{"line":763,"column":6},"end":{"line":763,"column":30}},"471":{"start":{"line":764,"column":6},"end":{"line":764,"column":23}},"472":{"start":{"line":767,"column":4},"end":{"line":779,"column":5}},"473":{"start":{"line":768,"column":6},"end":{"line":768,"column":26}},"474":{"start":{"line":769,"column":6},"end":{"line":769,"column":29}},"475":{"start":{"line":770,"column":11},"end":{"line":779,"column":5}},"476":{"start":{"line":771,"column":6},"end":{"line":773,"column":7}},"477":{"start":{"line":772,"column":8},"end":{"line":772,"column":19}},"478":{"start":{"line":774,"column":6},"end":{"line":774,"column":15}},"479":{"start":{"line":775,"column":6},"end":{"line":775,"column":29}},"480":{"start":{"line":776,"column":11},"end":{"line":779,"column":5}},"481":{"start":{"line":777,"column":6},"end":{"line":777,"column":15}},"482":{"start":{"line":778,"column":6},"end":{"line":778,"column":16}},"483":{"start":{"line":781,"column":4},"end":{"line":781,"column":66}},"484":{"start":{"line":782,"column":4},"end":{"line":782,"column":61}},"485":{"start":{"line":784,"column":4},"end":{"line":784,"column":35}},"486":{"start":{"line":785,"column":4},"end":{"line":785,"column":28}},"487":{"start":{"line":786,"column":4},"end":{"line":786,"column":34}},"488":{"start":{"line":787,"column":4},"end":{"line":787,"column":15}},"489":{"start":{"line":791,"column":16},"end":{"line":791,"column":23}},"490":{"start":{"line":793,"column":4},"end":{"line":793,"column":35}},"491":{"start":{"line":796,"column":16},"end":{"line":796,"column":20}},"492":{"start":{"line":797,"column":2},"end":{"line":817,"column":3}},"493":{"start":{"line":798,"column":27},"end":{"line":798,"column":33}},"494":{"start":{"line":799,"column":4},"end":{"line":799,"column":70}},"495":{"start":{"line":803,"column":4},"end":{"line":806,"column":5}},"496":{"start":{"line":804,"column":6},"end":{"line":804,"column":41}},"497":{"start":{"line":805,"column":6},"end":{"line":805,"column":20}},"498":{"start":{"line":808,"column":4},"end":{"line":810,"column":5}},"499":{"start":{"line":809,"column":6},"end":{"line":809,"column":36}},"500":{"start":{"line":809,"column":25},"end":{"line":809,"column":36}},"501":{"start":{"line":813,"column":4},"end":{"line":813,"column":60}},"502":{"start":{"line":814,"column":4},"end":{"line":814,"column":25}},"503":{"start":{"line":815,"column":4},"end":{"line":815,"column":69}},"504":{"start":{"line":816,"column":4},"end":{"line":816,"column":15}},"505":{"start":{"line":819,"column":2},"end":{"line":823,"column":3}},"506":{"start":{"line":820,"column":4},"end":{"line":820,"column":78}},"507":{"start":{"line":821,"column":4},"end":{"line":821,"column":42}},"508":{"start":{"line":822,"column":4},"end":{"line":822,"column":15}},"509":{"start":{"line":825,"column":20},"end":{"line":825,"column":24}},"510":{"start":{"line":826,"column":2},"end":{"line":833,"column":3}},"511":{"start":{"line":827,"column":4},"end":{"line":827,"column":53}},"512":{"start":{"line":828,"column":4},"end":{"line":830,"column":5}},"513":{"start":{"line":829,"column":6},"end":{"line":829,"column":20}},"514":{"start":{"line":831,"column":4},"end":{"line":831,"column":25}},"515":{"start":{"line":832,"column":4},"end":{"line":832,"column":15}},"516":{"start":{"line":834,"column":2},"end":{"line":834,"column":41}},"517":{"start":{"line":834,"column":30},"end":{"line":834,"column":41}},"518":{"start":{"line":836,"column":26},"end":{"line":836,"column":30}},"519":{"start":{"line":837,"column":2},"end":{"line":859,"column":3}},"520":{"start":{"line":838,"column":4},"end":{"line":838,"column":95}},"521":{"start":{"line":843,"column":4},"end":{"line":846,"column":5}},"522":{"start":{"line":844,"column":6},"end":{"line":844,"column":15}},"523":{"start":{"line":845,"column":6},"end":{"line":845,"column":17}},"524":{"start":{"line":849,"column":4},"end":{"line":849,"column":43}},"525":{"start":{"line":850,"column":4},"end":{"line":852,"column":5}},"526":{"start":{"line":851,"column":6},"end":{"line":851,"column":46}},"527":{"start":{"line":853,"column":4},"end":{"line":853,"column":41}},"528":{"start":{"line":856,"column":4},"end":{"line":856,"column":43}},"529":{"start":{"line":856,"column":12},"end":{"line":856,"column":43}},"530":{"start":{"line":858,"column":4},"end":{"line":858,"column":15}},"531":{"start":{"line":861,"column":2},"end":{"line":866,"column":3}},"532":{"start":{"line":862,"column":4},"end":{"line":862,"column":47}},"533":{"start":{"line":863,"column":4},"end":{"line":863,"column":22}},"534":{"start":{"line":864,"column":4},"end":{"line":864,"column":75}},"535":{"start":{"line":865,"column":4},"end":{"line":865,"column":15}},"536":{"start":{"line":868,"column":2},"end":{"line":871,"column":3}},"537":{"start":{"line":869,"column":4},"end":{"line":869,"column":65}},"538":{"start":{"line":870,"column":4},"end":{"line":870,"column":40}},"539":{"start":{"line":873,"column":2},"end":{"line":882,"column":3}},"540":{"start":{"line":874,"column":4},"end":{"line":874,"column":51}},"541":{"start":{"line":875,"column":4},"end":{"line":878,"column":5}},"542":{"start":{"line":876,"column":6},"end":{"line":876,"column":19}},"543":{"start":{"line":877,"column":6},"end":{"line":877,"column":29}},"544":{"start":{"line":879,"column":4},"end":{"line":879,"column":24}},"545":{"start":{"line":880,"column":4},"end":{"line":880,"column":26}},"546":{"start":{"line":881,"column":4},"end":{"line":881,"column":15}},"547":{"start":{"line":884,"column":2},"end":{"line":889,"column":3}},"548":{"start":{"line":885,"column":4},"end":{"line":885,"column":48}},"549":{"start":{"line":886,"column":4},"end":{"line":886,"column":24}},"550":{"start":{"line":887,"column":4},"end":{"line":887,"column":26}},"551":{"start":{"line":888,"column":4},"end":{"line":888,"column":15}},"552":{"start":{"line":891,"column":21},"end":{"line":891,"column":25}},"553":{"start":{"line":892,"column":2},"end":{"line":896,"column":3}},"554":{"start":{"line":893,"column":4},"end":{"line":893,"column":52}},"555":{"start":{"line":894,"column":4},"end":{"line":894,"column":25}},"556":{"start":{"line":895,"column":4},"end":{"line":895,"column":15}},"557":{"start":{"line":897,"column":2},"end":{"line":897,"column":43}},"558":{"start":{"line":897,"column":31},"end":{"line":897,"column":43}},"559":{"start":{"line":899,"column":18},"end":{"line":899,"column":23}},"560":{"start":{"line":900,"column":18},"end":{"line":900,"column":22}},"561":{"start":{"line":903,"column":2},"end":{"line":907,"column":3}},"562":{"start":{"line":904,"column":4},"end":{"line":904,"column":20}},"563":{"start":{"line":905,"column":4},"end":{"line":905,"column":19}},"564":{"start":{"line":906,"column":4},"end":{"line":906,"column":39}},"565":{"start":{"line":906,"column":21},"end":{"line":906,"column":39}},"566":{"start":{"line":911,"column":18},"end":{"line":928,"column":3}},"567":{"start":{"line":913,"column":19},"end":{"line":913,"column":21}},"568":{"start":{"line":914,"column":6},"end":{"line":914,"column":72}},"569":{"start":{"line":914,"column":49},"end":{"line":914,"column":72}},"570":{"start":{"line":915,"column":6},"end":{"line":915,"column":69}},"571":{"start":{"line":915,"column":37},"end":{"line":915,"column":69}},"572":{"start":{"line":916,"column":6},"end":{"line":916,"column":22}},"573":{"start":{"line":917,"column":6},"end":{"line":917,"column":39}},"574":{"start":{"line":917,"column":25},"end":{"line":917,"column":39}},"575":{"start":{"line":918,"column":6},"end":{"line":918,"column":30}},"576":{"start":{"line":921,"column":19},"end":{"line":921,"column":21}},"577":{"start":{"line":922,"column":6},"end":{"line":922,"column":72}},"578":{"start":{"line":922,"column":49},"end":{"line":922,"column":72}},"579":{"start":{"line":923,"column":6},"end":{"line":923,"column":71}},"580":{"start":{"line":923,"column":37},"end":{"line":923,"column":71}},"581":{"start":{"line":924,"column":6},"end":{"line":924,"column":22}},"582":{"start":{"line":925,"column":6},"end":{"line":925,"column":39}},"583":{"start":{"line":925,"column":25},"end":{"line":925,"column":39}},"584":{"start":{"line":926,"column":6},"end":{"line":926,"column":30}},"585":{"start":{"line":929,"column":2},"end":{"line":929,"column":41}},"586":{"start":{"line":929,"column":34},"end":{"line":929,"column":41}},"587":{"start":{"line":932,"column":2},"end":{"line":932,"column":35}},"588":{"start":{"line":932,"column":26},"end":{"line":932,"column":35}},"589":{"start":{"line":934,"column":2},"end":{"line":936,"column":3}},"590":{"start":{"line":935,"column":4},"end":{"line":935,"column":20}},"591":{"start":{"line":939,"column":2},"end":{"line":943,"column":3}},"592":{"start":{"line":940,"column":4},"end":{"line":940,"column":55}},"593":{"start":{"line":941,"column":4},"end":{"line":941,"column":73}},"594":{"start":{"line":942,"column":4},"end":{"line":942,"column":15}},"595":{"start":{"line":945,"column":2},"end":{"line":945,"column":37}},"596":{"start":{"line":945,"column":32},"end":{"line":945,"column":37}},"597":{"start":{"line":947,"column":2},"end":{"line":947,"column":47}},"598":{"start":{"line":947,"column":37},"end":{"line":947,"column":47}},"599":{"start":{"line":949,"column":2},"end":{"line":949,"column":41}},"600":{"start":{"line":949,"column":34},"end":{"line":949,"column":41}},"601":{"start":{"line":951,"column":2},"end":{"line":954,"column":3}},"602":{"start":{"line":952,"column":4},"end":{"line":952,"column":18}},"603":{"start":{"line":953,"column":4},"end":{"line":953,"column":88}},"604":{"start":{"line":956,"column":2},"end":{"line":959,"column":4}},"605":{"start":{"line":957,"column":15},"end":{"line":957,"column":43}},"606":{"start":{"line":961,"column":2},"end":{"line":1104,"column":3}},"607":{"start":{"line":962,"column":25},"end":{"line":962,"column":42}},"608":{"start":{"line":963,"column":4},"end":{"line":963,"column":30}},"609":{"start":{"line":965,"column":4},"end":{"line":965,"column":24}},"610":{"start":{"line":966,"column":4},"end":{"line":966,"column":50}},"611":{"start":{"line":967,"column":19},"end":{"line":967,"column":49}},"612":{"start":{"line":968,"column":15},"end":{"line":968,"column":26}},"613":{"start":{"line":969,"column":4},"end":{"line":969,"column":66}},"614":{"start":{"line":969,"column":22},"end":{"line":969,"column":66}},"615":{"start":{"line":970,"column":20},"end":{"line":970,"column":34}},"616":{"start":{"line":972,"column":4},"end":{"line":972,"column":21}},"617":{"start":{"line":973,"column":4},"end":{"line":973,"column":24}},"618":{"start":{"line":975,"column":4},"end":{"line":1101,"column":5}},"619":{"start":{"line":976,"column":6},"end":{"line":976,"column":19}},"620":{"start":{"line":981,"column":6},"end":{"line":983,"column":7}},"621":{"start":{"line":982,"column":8},"end":{"line":982,"column":19}},"622":{"start":{"line":987,"column":6},"end":{"line":999,"column":7}},"623":{"start":{"line":991,"column":25},"end":{"line":993,"column":36}},"624":{"start":{"line":993,"column":23},"end":{"line":993,"column":35}},"625":{"start":{"line":995,"column":8},"end":{"line":998,"column":9}},"626":{"start":{"line":996,"column":10},"end":{"line":996,"column":22}},"627":{"start":{"line":997,"column":10},"end":{"line":997,"column":30}},"628":{"start":{"line":1000,"column":26},"end":{"line":1000,"column":47}},"629":{"start":{"line":1001,"column":33},"end":{"line":1001,"column":101}},"630":{"start":{"line":1003,"column":6},"end":{"line":1042,"column":7}},"631":{"start":{"line":1004,"column":8},"end":{"line":1031,"column":9}},"632":{"start":{"line":1006,"column":10},"end":{"line":1018,"column":11}},"633":{"start":{"line":1007,"column":12},"end":{"line":1007,"column":35}},"634":{"start":{"line":1008,"column":12},"end":{"line":1017,"column":13}},"635":{"start":{"line":1009,"column":14},"end":{"line":1009,"column":38}},"636":{"start":{"line":1013,"column":14},"end":{"line":1013,"column":65}},"637":{"start":{"line":1014,"column":19},"end":{"line":1017,"column":13}},"638":{"start":{"line":1015,"column":14},"end":{"line":1015,"column":39}},"639":{"start":{"line":1016,"column":14},"end":{"line":1016,"column":19}},"640":{"start":{"line":1021,"column":10},"end":{"line":1024,"column":11}},"641":{"start":{"line":1022,"column":12},"end":{"line":1022,"column":36}},"642":{"start":{"line":1023,"column":12},"end":{"line":1023,"column":57}},"643":{"start":{"line":1028,"column":10},"end":{"line":1030,"column":11}},"644":{"start":{"line":1029,"column":12},"end":{"line":1029,"column":74}},"645":{"start":{"line":1034,"column":8},"end":{"line":1038,"column":9}},"646":{"start":{"line":1035,"column":10},"end":{"line":1035,"column":44}},"647":{"start":{"line":1035,"column":27},"end":{"line":1035,"column":44}},"648":{"start":{"line":1036,"column":10},"end":{"line":1036,"column":37}},"649":{"start":{"line":1037,"column":10},"end":{"line":1037,"column":22}},"650":{"start":{"line":1039,"column":13},"end":{"line":1042,"column":7}},"651":{"start":{"line":1040,"column":8},"end":{"line":1040,"column":32}},"652":{"start":{"line":1041,"column":8},"end":{"line":1041,"column":53}},"653":{"start":{"line":1046,"column":6},"end":{"line":1060,"column":7}},"654":{"start":{"line":1047,"column":8},"end":{"line":1047,"column":42}},"655":{"start":{"line":1047,"column":25},"end":{"line":1047,"column":42}},"656":{"start":{"line":1051,"column":31},"end":{"line":1051,"column":92}},"657":{"start":{"line":1052,"column":8},"end":{"line":1058,"column":10}},"658":{"start":{"line":1053,"column":11},"end":{"line":1055,"column":12}},"659":{"start":{"line":1054,"column":12},"end":{"line":1054,"column":35}},"660":{"start":{"line":1057,"column":10},"end":{"line":1057,"column":22}},"661":{"start":{"line":1059,"column":8},"end":{"line":1059,"column":39}},"662":{"start":{"line":1064,"column":6},"end":{"line":1080,"column":7}},"663":{"start":{"line":1065,"column":8},"end":{"line":1079,"column":10}},"664":{"start":{"line":1066,"column":10},"end":{"line":1078,"column":11}},"665":{"start":{"line":1067,"column":12},"end":{"line":1067,"column":46}},"666":{"start":{"line":1067,"column":29},"end":{"line":1067,"column":46}},"667":{"start":{"line":1069,"column":12},"end":{"line":1069,"column":33}},"668":{"start":{"line":1070,"column":12},"end":{"line":1070,"column":32}},"669":{"start":{"line":1071,"column":12},"end":{"line":1071,"column":24}},"670":{"start":{"line":1072,"column":17},"end":{"line":1078,"column":11}},"671":{"start":{"line":1073,"column":12},"end":{"line":1073,"column":46}},"672":{"start":{"line":1073,"column":29},"end":{"line":1073,"column":46}},"673":{"start":{"line":1075,"column":12},"end":{"line":1075,"column":33}},"674":{"start":{"line":1076,"column":12},"end":{"line":1076,"column":31}},"675":{"start":{"line":1077,"column":12},"end":{"line":1077,"column":24}},"676":{"start":{"line":1083,"column":6},"end":{"line":1085,"column":7}},"677":{"start":{"line":1084,"column":8},"end":{"line":1084,"column":118}},"678":{"start":{"line":1084,"column":55},"end":{"line":1084,"column":117}},"679":{"start":{"line":1089,"column":6},"end":{"line":1097,"column":7}},"680":{"start":{"line":1090,"column":8},"end":{"line":1090,"column":64}},"681":{"start":{"line":1090,"column":26},"end":{"line":1090,"column":64}},"682":{"start":{"line":1094,"column":8},"end":{"line":1096,"column":9}},"683":{"start":{"line":1095,"column":10},"end":{"line":1095,"column":62}},"684":{"start":{"line":1099,"column":6},"end":{"line":1100,"column":20}},"685":{"start":{"line":1099,"column":33},"end":{"line":1099,"column":61}},"686":{"start":{"line":1100,"column":11},"end":{"line":1100,"column":20}},"687":{"start":{"line":1103,"column":4},"end":{"line":1103,"column":35}},"688":{"start":{"line":1106,"column":2},"end":{"line":1116,"column":3}},"689":{"start":{"line":1107,"column":4},"end":{"line":1107,"column":58}},"690":{"start":{"line":1107,"column":21},"end":{"line":1107,"column":58}},"691":{"start":{"line":1108,"column":4},"end":{"line":1108,"column":35}},"692":{"start":{"line":1109,"column":4},"end":{"line":1109,"column":41}},"693":{"start":{"line":1110,"column":4},"end":{"line":1110,"column":38}},"694":{"start":{"line":1111,"column":4},"end":{"line":1111,"column":73}},"695":{"start":{"line":1111,"column":16},"end":{"line":1111,"column":73}},"696":{"start":{"line":1112,"column":4},"end":{"line":1112,"column":42}},"697":{"start":{"line":1113,"column":4},"end":{"line":1113,"column":35}},"698":{"start":{"line":1114,"column":4},"end":{"line":1114,"column":33}},"699":{"start":{"line":1115,"column":4},"end":{"line":1115,"column":32}},"700":{"start":{"line":1119,"column":4},"end":{"line":1119,"column":29}},"701":{"start":{"line":1119,"column":23},"end":{"line":1119,"column":29}},"702":{"start":{"line":1121,"column":4},"end":{"line":1127,"column":5}},"703":{"start":{"line":1122,"column":23},"end":{"line":1122,"column":43}},"704":{"start":{"line":1123,"column":6},"end":{"line":1123,"column":50}},"705":{"start":{"line":1131,"column":4},"end":{"line":1136,"column":6}},"706":{"start":{"line":1134,"column":6},"end":{"line":1134,"column":35}},"707":{"start":{"line":1134,"column":29},"end":{"line":1134,"column":35}},"708":{"start":{"line":1135,"column":6},"end":{"line":1135,"column":65}},"709":{"start":{"line":1135,"column":44},"end":{"line":1135,"column":65}},"710":{"start":{"line":1137,"column":4},"end":{"line":1137,"column":15}},"711":{"start":{"line":1142,"column":2},"end":{"line":1142,"column":13}},"712":{"start":{"line":1143,"column":2},"end":{"line":1143,"column":16}},"713":{"start":{"line":1145,"column":2},"end":{"line":1145,"column":13}},"714":{"start":{"line":1150,"column":0},"end":{"line":1150,"column":23}},"715":{"start":{"line":1152,"column":2},"end":{"line":1152,"column":33}}},"fnMap":{"0":{"name":"Yargs","decl":{"start":{"line":17,"column":9},"end":{"line":17,"column":14}},"loc":{"start":{"line":17,"column":49},"end":{"line":1146,"column":1}},"line":17},"1":{"name":"(anonymous_1)","decl":{"start":{"line":38,"column":9},"end":{"line":38,"column":10}},"loc":{"start":{"line":38,"column":19},"end":{"line":44,"column":5}},"line":38},"2":{"name":"(anonymous_2)","decl":{"start":{"line":56,"column":20},"end":{"line":56,"column":21}},"loc":{"start":{"line":56,"column":26},"end":{"line":56,"column":33}},"line":56},"3":{"name":"resetOptions","decl":{"start":{"line":62,"column":44},"end":{"line":62,"column":56}},"loc":{"start":{"line":62,"column":67},"end":{"line":129,"column":3}},"line":62},"4":{"name":"(anonymous_4)","decl":{"start":{"line":76,"column":29},"end":{"line":76,"column":30}},"loc":{"start":{"line":76,"column":36},"end":{"line":81,"column":5}},"line":76},"5":{"name":"(anonymous_5)","decl":{"start":{"line":78,"column":34},"end":{"line":78,"column":35}},"loc":{"start":{"line":78,"column":41},"end":{"line":80,"column":7}},"line":78},"6":{"name":"(anonymous_6)","decl":{"start":{"line":84,"column":49},"end":{"line":84,"column":50}},"loc":{"start":{"line":84,"column":69},"end":{"line":90,"column":5}},"line":84},"7":{"name":"(anonymous_7)","decl":{"start":{"line":85,"column":44},"end":{"line":85,"column":45}},"loc":{"start":{"line":85,"column":51},"end":{"line":85,"column":72}},"line":85},"8":{"name":"(anonymous_8)","decl":{"start":{"line":104,"column":25},"end":{"line":104,"column":26}},"loc":{"start":{"line":104,"column":32},"end":{"line":106,"column":5}},"line":104},"9":{"name":"(anonymous_9)","decl":{"start":{"line":105,"column":48},"end":{"line":105,"column":49}},"loc":{"start":{"line":105,"column":53},"end":{"line":105,"column":68}},"line":105},"10":{"name":"(anonymous_10)","decl":{"start":{"line":108,"column":26},"end":{"line":108,"column":27}},"loc":{"start":{"line":108,"column":33},"end":{"line":110,"column":5}},"line":108},"11":{"name":"(anonymous_11)","decl":{"start":{"line":109,"column":44},"end":{"line":109,"column":45}},"loc":{"start":{"line":109,"column":54},"end":{"line":109,"column":69}},"line":109},"12":{"name":"freeze","decl":{"start":{"line":134,"column":11},"end":{"line":134,"column":17}},"loc":{"start":{"line":134,"column":21},"end":{"line":149,"column":3}},"line":134},"13":{"name":"unfreeze","decl":{"start":{"line":150,"column":11},"end":{"line":150,"column":19}},"loc":{"start":{"line":150,"column":23},"end":{"line":167,"column":3}},"line":150},"14":{"name":"(anonymous_14)","decl":{"start":{"line":169,"column":17},"end":{"line":169,"column":18}},"loc":{"start":{"line":169,"column":33},"end":{"line":173,"column":3}},"line":169},"15":{"name":"(anonymous_15)","decl":{"start":{"line":175,"column":15},"end":{"line":175,"column":16}},"loc":{"start":{"line":175,"column":31},"end":{"line":179,"column":3}},"line":175},"16":{"name":"(anonymous_16)","decl":{"start":{"line":181,"column":16},"end":{"line":181,"column":17}},"loc":{"start":{"line":181,"column":32},"end":{"line":185,"column":3}},"line":181},"17":{"name":"(anonymous_17)","decl":{"start":{"line":187,"column":19},"end":{"line":187,"column":20}},"loc":{"start":{"line":187,"column":35},"end":{"line":191,"column":3}},"line":187},"18":{"name":"(anonymous_18)","decl":{"start":{"line":193,"column":15},"end":{"line":193,"column":16}},"loc":{"start":{"line":193,"column":31},"end":{"line":197,"column":3}},"line":193},"19":{"name":"(anonymous_19)","decl":{"start":{"line":199,"column":16},"end":{"line":199,"column":17}},"loc":{"start":{"line":199,"column":32},"end":{"line":203,"column":3}},"line":199},"20":{"name":"(anonymous_20)","decl":{"start":{"line":205,"column":21},"end":{"line":205,"column":22}},"loc":{"start":{"line":205,"column":37},"end":{"line":209,"column":3}},"line":205},"21":{"name":"(anonymous_21)","decl":{"start":{"line":211,"column":24},"end":{"line":211,"column":25}},"loc":{"start":{"line":211,"column":40},"end":{"line":215,"column":3}},"line":211},"22":{"name":"populateParserHintArray","decl":{"start":{"line":217,"column":11},"end":{"line":217,"column":34}},"loc":{"start":{"line":217,"column":55},"end":{"line":222,"column":3}},"line":217},"23":{"name":"(anonymous_23)","decl":{"start":{"line":219,"column":17},"end":{"line":219,"column":18}},"loc":{"start":{"line":219,"column":26},"end":{"line":221,"column":5}},"line":219},"24":{"name":"(anonymous_24)","decl":{"start":{"line":224,"column":15},"end":{"line":224,"column":16}},"loc":{"start":{"line":224,"column":37},"end":{"line":228,"column":3}},"line":224},"25":{"name":"(anonymous_25)","decl":{"start":{"line":230,"column":17},"end":{"line":230,"column":18}},"loc":{"start":{"line":230,"column":39},"end":{"line":234,"column":3}},"line":230},"26":{"name":"(anonymous_26)","decl":{"start":{"line":236,"column":15},"end":{"line":236,"column":16}},"loc":{"start":{"line":236,"column":37},"end":{"line":240,"column":3}},"line":236},"27":{"name":"(anonymous_27)","decl":{"start":{"line":243,"column":33},"end":{"line":243,"column":34}},"loc":{"start":{"line":243,"column":75},"end":{"line":252,"column":3}},"line":243},"28":{"name":"(anonymous_28)","decl":{"start":{"line":254,"column":18},"end":{"line":254,"column":19}},"loc":{"start":{"line":254,"column":39},"end":{"line":259,"column":3}},"line":254},"29":{"name":"(anonymous_29)","decl":{"start":{"line":261,"column":22},"end":{"line":261,"column":23}},"loc":{"start":{"line":261,"column":43},"end":{"line":265,"column":3}},"line":261},"30":{"name":"(anonymous_30)","decl":{"start":{"line":267,"column":16},"end":{"line":267,"column":17}},"loc":{"start":{"line":267,"column":39},"end":{"line":271,"column":3}},"line":267},"31":{"name":"populateParserHintObject","decl":{"start":{"line":273,"column":11},"end":{"line":273,"column":35}},"loc":{"start":{"line":273,"column":73},"end":{"line":294,"column":3}},"line":273},"32":{"name":"(anonymous_32)","decl":{"start":{"line":277,"column":18},"end":{"line":277,"column":19}},"loc":{"start":{"line":277,"column":25},"end":{"line":279,"column":7}},"line":277},"33":{"name":"(anonymous_33)","decl":{"start":{"line":283,"column":31},"end":{"line":283,"column":32}},"loc":{"start":{"line":283,"column":38},"end":{"line":285,"column":7}},"line":283},"34":{"name":"deleteFromParserHintObject","decl":{"start":{"line":296,"column":11},"end":{"line":296,"column":37}},"loc":{"start":{"line":296,"column":50},"end":{"line":309,"column":3}},"line":296},"35":{"name":"(anonymous_35)","decl":{"start":{"line":299,"column":33},"end":{"line":299,"column":34}},"loc":{"start":{"line":299,"column":46},"end":{"line":306,"column":5}},"line":299},"36":{"name":"config","decl":{"start":{"line":311,"column":25},"end":{"line":311,"column":31}},"loc":{"start":{"line":311,"column":52},"end":{"line":333,"column":3}},"line":311},"37":{"name":"(anonymous_37)","decl":{"start":{"line":328,"column":48},"end":{"line":328,"column":49}},"loc":{"start":{"line":328,"column":55},"end":{"line":330,"column":5}},"line":328},"38":{"name":"(anonymous_38)","decl":{"start":{"line":335,"column":17},"end":{"line":335,"column":18}},"loc":{"start":{"line":335,"column":45},"end":{"line":339,"column":3}},"line":335},"39":{"name":"(anonymous_39)","decl":{"start":{"line":341,"column":17},"end":{"line":341,"column":18}},"loc":{"start":{"line":341,"column":76},"end":{"line":345,"column":3}},"line":341},"40":{"name":"(anonymous_40)","decl":{"start":{"line":347,"column":20},"end":{"line":347,"column":21}},"loc":{"start":{"line":347,"column":41},"end":{"line":352,"column":3}},"line":347},"41":{"name":"demand","decl":{"start":{"line":356,"column":56},"end":{"line":356,"column":62}},"loc":{"start":{"line":356,"column":80},"end":{"line":385,"column":3}},"line":356},"42":{"name":"(anonymous_42)","decl":{"start":{"line":361,"column":18},"end":{"line":361,"column":19}},"loc":{"start":{"line":361,"column":27},"end":{"line":363,"column":7}},"line":361},"43":{"name":"(anonymous_43)","decl":{"start":{"line":373,"column":19},"end":{"line":373,"column":20}},"loc":{"start":{"line":373,"column":28},"end":{"line":375,"column":7}},"line":373},"44":{"name":"demandCommand","decl":{"start":{"line":387,"column":32},"end":{"line":387,"column":45}},"loc":{"start":{"line":387,"column":73},"end":{"line":407,"column":3}},"line":387},"45":{"name":"(anonymous_45)","decl":{"start":{"line":409,"column":28},"end":{"line":409,"column":29}},"loc":{"start":{"line":409,"column":34},"end":{"line":412,"column":3}},"line":409},"46":{"name":"(anonymous_46)","decl":{"start":{"line":414,"column":29},"end":{"line":414,"column":30}},"loc":{"start":{"line":414,"column":35},"end":{"line":417,"column":3}},"line":414},"47":{"name":"(anonymous_47)","decl":{"start":{"line":419,"column":17},"end":{"line":419,"column":18}},"loc":{"start":{"line":419,"column":39},"end":{"line":423,"column":3}},"line":419},"48":{"name":"(anonymous_48)","decl":{"start":{"line":425,"column":19},"end":{"line":425,"column":20}},"loc":{"start":{"line":425,"column":41},"end":{"line":429,"column":3}},"line":425},"49":{"name":"(anonymous_49)","decl":{"start":{"line":431,"column":15},"end":{"line":431,"column":16}},"loc":{"start":{"line":431,"column":61},"end":{"line":446,"column":3}},"line":431},"50":{"name":"(anonymous_50)","decl":{"start":{"line":448,"column":32},"end":{"line":448,"column":33}},"loc":{"start":{"line":448,"column":47},"end":{"line":452,"column":3}},"line":448},"51":{"name":"(anonymous_51)","decl":{"start":{"line":454,"column":14},"end":{"line":454,"column":15}},"loc":{"start":{"line":454,"column":27},"end":{"line":458,"column":3}},"line":454},"52":{"name":"(anonymous_52)","decl":{"start":{"line":460,"column":15},"end":{"line":460,"column":16}},"loc":{"start":{"line":460,"column":37},"end":{"line":464,"column":3}},"line":460},"53":{"name":"global","decl":{"start":{"line":466,"column":25},"end":{"line":466,"column":31}},"loc":{"start":{"line":466,"column":50},"end":{"line":477,"column":3}},"line":466},"54":{"name":"(anonymous_54)","decl":{"start":{"line":470,"column":43},"end":{"line":470,"column":44}},"loc":{"start":{"line":470,"column":48},"end":{"line":470,"column":73}},"line":470},"55":{"name":"(anonymous_55)","decl":{"start":{"line":472,"column":22},"end":{"line":472,"column":23}},"loc":{"start":{"line":472,"column":29},"end":{"line":474,"column":7}},"line":472},"56":{"name":"pkgConf","decl":{"start":{"line":479,"column":26},"end":{"line":479,"column":33}},"loc":{"start":{"line":479,"column":46},"end":{"line":494,"column":3}},"line":479},"57":{"name":"pkgUp","decl":{"start":{"line":497,"column":11},"end":{"line":497,"column":16}},"loc":{"start":{"line":497,"column":24},"end":{"line":513,"column":3}},"line":497},"58":{"name":"parse","decl":{"start":{"line":517,"column":24},"end":{"line":517,"column":29}},"loc":{"start":{"line":517,"column":61},"end":{"line":547,"column":3}},"line":517},"59":{"name":"(anonymous_59)","decl":{"start":{"line":549,"column":26},"end":{"line":549,"column":27}},"loc":{"start":{"line":549,"column":32},"end":{"line":549,"column":50}},"line":549},"60":{"name":"(anonymous_60)","decl":{"start":{"line":551,"column":27},"end":{"line":551,"column":28}},"loc":{"start":{"line":551,"column":33},"end":{"line":551,"column":42}},"line":551},"61":{"name":"option","decl":{"start":{"line":553,"column":40},"end":{"line":553,"column":46}},"loc":{"start":{"line":553,"column":58},"end":{"line":662,"column":3}},"line":553},"62":{"name":"(anonymous_62)","decl":{"start":{"line":556,"column":31},"end":{"line":556,"column":32}},"loc":{"start":{"line":556,"column":38},"end":{"line":558,"column":7}},"line":556},"63":{"name":"(anonymous_63)","decl":{"start":{"line":663,"column":20},"end":{"line":663,"column":21}},"loc":{"start":{"line":663,"column":26},"end":{"line":663,"column":33}},"line":663},"64":{"name":"(anonymous_64)","decl":{"start":{"line":665,"column":20},"end":{"line":665,"column":21}},"loc":{"start":{"line":665,"column":41},"end":{"line":700,"column":3}},"line":665},"65":{"name":"(anonymous_65)","decl":{"start":{"line":676,"column":27},"end":{"line":676,"column":28}},"loc":{"start":{"line":676,"column":37},"end":{"line":681,"column":5}},"line":676},"66":{"name":"(anonymous_66)","decl":{"start":{"line":691,"column":38},"end":{"line":691,"column":39}},"loc":{"start":{"line":691,"column":46},"end":{"line":697,"column":5}},"line":691},"67":{"name":"group","decl":{"start":{"line":702,"column":24},"end":{"line":702,"column":29}},"loc":{"start":{"line":702,"column":48},"end":{"line":716,"column":3}},"line":702},"68":{"name":"(anonymous_68)","decl":{"start":{"line":711,"column":61},"end":{"line":711,"column":62}},"loc":{"start":{"line":711,"column":70},"end":{"line":714,"column":5}},"line":711},"69":{"name":"(anonymous_69)","decl":{"start":{"line":718,"column":19},"end":{"line":718,"column":20}},"loc":{"start":{"line":718,"column":25},"end":{"line":718,"column":67}},"line":718},"70":{"name":"(anonymous_70)","decl":{"start":{"line":722,"column":13},"end":{"line":722,"column":14}},"loc":{"start":{"line":722,"column":31},"end":{"line":727,"column":3}},"line":722},"71":{"name":"(anonymous_71)","decl":{"start":{"line":729,"column":14},"end":{"line":729,"column":15}},"loc":{"start":{"line":729,"column":30},"end":{"line":733,"column":3}},"line":729},"72":{"name":"(anonymous_72)","decl":{"start":{"line":736,"column":16},"end":{"line":736,"column":17}},"loc":{"start":{"line":736,"column":35},"end":{"line":740,"column":3}},"line":736},"73":{"name":"(anonymous_73)","decl":{"start":{"line":741,"column":19},"end":{"line":741,"column":20}},"loc":{"start":{"line":741,"column":25},"end":{"line":741,"column":31}},"line":741},"74":{"name":"(anonymous_74)","decl":{"start":{"line":743,"column":18},"end":{"line":743,"column":19}},"loc":{"start":{"line":743,"column":35},"end":{"line":752,"column":3}},"line":743},"75":{"name":"version","decl":{"start":{"line":755,"column":26},"end":{"line":755,"column":33}},"loc":{"start":{"line":755,"column":50},"end":{"line":788,"column":3}},"line":755},"76":{"name":"guessVersion","decl":{"start":{"line":790,"column":11},"end":{"line":790,"column":23}},"loc":{"start":{"line":790,"column":27},"end":{"line":794,"column":3}},"line":790},"77":{"name":"addHelpOpt","decl":{"start":{"line":797,"column":41},"end":{"line":797,"column":51}},"loc":{"start":{"line":797,"column":63},"end":{"line":817,"column":3}},"line":797},"78":{"name":"showHelpOnFail","decl":{"start":{"line":819,"column":33},"end":{"line":819,"column":47}},"loc":{"start":{"line":819,"column":67},"end":{"line":823,"column":3}},"line":819},"79":{"name":"(anonymous_79)","decl":{"start":{"line":826,"column":21},"end":{"line":826,"column":22}},"loc":{"start":{"line":826,"column":40},"end":{"line":833,"column":3}},"line":826},"80":{"name":"(anonymous_80)","decl":{"start":{"line":834,"column":24},"end":{"line":834,"column":25}},"loc":{"start":{"line":834,"column":30},"end":{"line":834,"column":41}},"line":834},"81":{"name":"(anonymous_81)","decl":{"start":{"line":837,"column":20},"end":{"line":837,"column":21}},"loc":{"start":{"line":837,"column":45},"end":{"line":859,"column":3}},"line":837},"82":{"name":"(anonymous_82)","decl":{"start":{"line":861,"column":30},"end":{"line":861,"column":31}},"loc":{"start":{"line":861,"column":44},"end":{"line":866,"column":3}},"line":861},"83":{"name":"(anonymous_83)","decl":{"start":{"line":868,"column":23},"end":{"line":868,"column":24}},"loc":{"start":{"line":868,"column":45},"end":{"line":871,"column":3}},"line":868},"84":{"name":"(anonymous_84)","decl":{"start":{"line":873,"column":16},"end":{"line":873,"column":17}},"loc":{"start":{"line":873,"column":34},"end":{"line":882,"column":3}},"line":873},"85":{"name":"(anonymous_85)","decl":{"start":{"line":884,"column":43},"end":{"line":884,"column":44}},"loc":{"start":{"line":884,"column":58},"end":{"line":889,"column":3}},"line":884},"86":{"name":"(anonymous_86)","decl":{"start":{"line":892,"column":22},"end":{"line":892,"column":23}},"loc":{"start":{"line":892,"column":40},"end":{"line":896,"column":3}},"line":892},"87":{"name":"(anonymous_87)","decl":{"start":{"line":897,"column":25},"end":{"line":897,"column":26}},"loc":{"start":{"line":897,"column":31},"end":{"line":897,"column":43}},"line":897},"88":{"name":"(anonymous_88)","decl":{"start":{"line":903,"column":14},"end":{"line":903,"column":15}},"loc":{"start":{"line":903,"column":29},"end":{"line":907,"column":3}},"line":903},"89":{"name":"(anonymous_89)","decl":{"start":{"line":929,"column":28},"end":{"line":929,"column":29}},"loc":{"start":{"line":929,"column":34},"end":{"line":929,"column":41}},"line":929},"90":{"name":"(anonymous_90)","decl":{"start":{"line":932,"column":20},"end":{"line":932,"column":21}},"loc":{"start":{"line":932,"column":26},"end":{"line":932,"column":35}},"line":932},"91":{"name":"(anonymous_91)","decl":{"start":{"line":934,"column":23},"end":{"line":934,"column":24}},"loc":{"start":{"line":934,"column":29},"end":{"line":936,"column":3}},"line":934},"92":{"name":"(anonymous_92)","decl":{"start":{"line":939,"column":27},"end":{"line":939,"column":28}},"loc":{"start":{"line":939,"column":48},"end":{"line":943,"column":3}},"line":939},"93":{"name":"(anonymous_93)","decl":{"start":{"line":945,"column":26},"end":{"line":945,"column":27}},"loc":{"start":{"line":945,"column":32},"end":{"line":945,"column":37}},"line":945},"94":{"name":"(anonymous_94)","decl":{"start":{"line":947,"column":31},"end":{"line":947,"column":32}},"loc":{"start":{"line":947,"column":37},"end":{"line":947,"column":47}},"line":947},"95":{"name":"(anonymous_95)","decl":{"start":{"line":949,"column":28},"end":{"line":949,"column":29}},"loc":{"start":{"line":949,"column":34},"end":{"line":949,"column":41}},"line":949},"96":{"name":"(anonymous_96)","decl":{"start":{"line":951,"column":23},"end":{"line":951,"column":24}},"loc":{"start":{"line":951,"column":29},"end":{"line":954,"column":3}},"line":951},"97":{"name":"(anonymous_97)","decl":{"start":{"line":957,"column":9},"end":{"line":957,"column":10}},"loc":{"start":{"line":957,"column":15},"end":{"line":957,"column":43}},"line":957},"98":{"name":"parseArgs","decl":{"start":{"line":961,"column":29},"end":{"line":961,"column":38}},"loc":{"start":{"line":961,"column":91},"end":{"line":1104,"column":3}},"line":961},"99":{"name":"(anonymous_99)","decl":{"start":{"line":993,"column":18},"end":{"line":993,"column":19}},"loc":{"start":{"line":993,"column":23},"end":{"line":993,"column":35}},"line":993},"100":{"name":"(anonymous_100)","decl":{"start":{"line":1052,"column":49},"end":{"line":1052,"column":50}},"loc":{"start":{"line":1052,"column":66},"end":{"line":1058,"column":9}},"line":1052},"101":{"name":"(anonymous_101)","decl":{"start":{"line":1053,"column":39},"end":{"line":1053,"column":40}},"loc":{"start":{"line":1053,"column":55},"end":{"line":1055,"column":11}},"line":1053},"102":{"name":"(anonymous_102)","decl":{"start":{"line":1065,"column":34},"end":{"line":1065,"column":35}},"loc":{"start":{"line":1065,"column":43},"end":{"line":1079,"column":9}},"line":1065},"103":{"name":"(anonymous_103)","decl":{"start":{"line":1084,"column":48},"end":{"line":1084,"column":49}},"loc":{"start":{"line":1084,"column":55},"end":{"line":1084,"column":117}},"line":1084},"104":{"name":"runValidation","decl":{"start":{"line":1106,"column":33},"end":{"line":1106,"column":46}},"loc":{"start":{"line":1106,"column":91},"end":{"line":1116,"column":3}},"line":1106},"105":{"name":"guessLocale","decl":{"start":{"line":1118,"column":11},"end":{"line":1118,"column":22}},"loc":{"start":{"line":1118,"column":26},"end":{"line":1128,"column":3}},"line":1118},"106":{"name":"setPlaceholderKeys","decl":{"start":{"line":1130,"column":11},"end":{"line":1130,"column":29}},"loc":{"start":{"line":1130,"column":37},"end":{"line":1138,"column":3}},"line":1130},"107":{"name":"(anonymous_107)","decl":{"start":{"line":1131,"column":37},"end":{"line":1131,"column":38}},"loc":{"start":{"line":1131,"column":46},"end":{"line":1136,"column":5}},"line":1131},"108":{"name":"rebase","decl":{"start":{"line":1151,"column":9},"end":{"line":1151,"column":15}},"loc":{"start":{"line":1151,"column":28},"end":{"line":1153,"column":1}},"line":1151}},"branchMap":{"0":{"loc":{"start":{"line":18,"column":16},"end":{"line":18,"column":33}},"type":"binary-expr","locations":[{"start":{"line":18,"column":16},"end":{"line":18,"column":27}},{"start":{"line":18,"column":31},"end":{"line":18,"column":33}}],"line":18},"1":{"loc":{"start":{"line":34,"column":2},"end":{"line":34,"column":31}},"type":"if","locations":[{"start":{"line":34,"column":2},"end":{"line":34,"column":31}},{"start":{"line":34,"column":2},"end":{"line":34,"column":31}}],"line":34},"2":{"loc":{"start":{"line":41,"column":6},"end":{"line":41,"column":61}},"type":"if","locations":[{"start":{"line":41,"column":6},"end":{"line":41,"column":61}},{"start":{"line":41,"column":6},"end":{"line":41,"column":61}}],"line":41},"3":{"loc":{"start":{"line":41,"column":10},"end":{"line":41,"column":53}},"type":"binary-expr","locations":[{"start":{"line":41,"column":10},"end":{"line":41,"column":17}},{"start":{"line":41,"column":21},"end":{"line":41,"column":53}}],"line":41},"4":{"loc":{"start":{"line":43,"column":13},"end":{"line":43,"column":75}},"type":"cond-expr","locations":[{"start":{"line":43,"column":70},"end":{"line":43,"column":71}},{"start":{"line":43,"column":74},"end":{"line":43,"column":75}}],"line":43},"5":{"loc":{"start":{"line":43,"column":13},"end":{"line":43,"column":67}},"type":"binary-expr","locations":[{"start":{"line":43,"column":13},"end":{"line":43,"column":44}},{"start":{"line":43,"column":48},"end":{"line":43,"column":67}}],"line":43},"6":{"loc":{"start":{"line":47,"column":2},"end":{"line":51,"column":3}},"type":"if","locations":[{"start":{"line":47,"column":2},"end":{"line":51,"column":3}},{"start":{"line":47,"column":2},"end":{"line":51,"column":3}}],"line":47},"7":{"loc":{"start":{"line":47,"column":6},"end":{"line":47,"column":70}},"type":"binary-expr","locations":[{"start":{"line":47,"column":6},"end":{"line":47,"column":33}},{"start":{"line":47,"column":37},"end":{"line":47,"column":70}}],"line":47},"8":{"loc":{"start":{"line":64,"column":14},"end":{"line":64,"column":27}},"type":"binary-expr","locations":[{"start":{"line":64,"column":14},"end":{"line":64,"column":21}},{"start":{"line":64,"column":25},"end":{"line":64,"column":27}}],"line":64},"9":{"loc":{"start":{"line":65,"column":14},"end":{"line":65,"column":27}},"type":"binary-expr","locations":[{"start":{"line":65,"column":14},"end":{"line":65,"column":21}},{"start":{"line":65,"column":25},"end":{"line":65,"column":27}}],"line":65},"10":{"loc":{"start":{"line":70,"column":23},"end":{"line":70,"column":57}},"type":"cond-expr","locations":[{"start":{"line":70,"column":39},"end":{"line":70,"column":52}},{"start":{"line":70,"column":55},"end":{"line":70,"column":57}}],"line":70},"11":{"loc":{"start":{"line":71,"column":31},"end":{"line":71,"column":81}},"type":"cond-expr","locations":[{"start":{"line":71,"column":55},"end":{"line":71,"column":76}},{"start":{"line":71,"column":79},"end":{"line":71,"column":81}}],"line":71},"12":{"loc":{"start":{"line":78,"column":8},"end":{"line":78,"column":24}},"type":"binary-expr","locations":[{"start":{"line":78,"column":8},"end":{"line":78,"column":18}},{"start":{"line":78,"column":22},"end":{"line":78,"column":24}}],"line":78},"13":{"loc":{"start":{"line":86,"column":6},"end":{"line":88,"column":7}},"type":"if","locations":[{"start":{"line":86,"column":6},"end":{"line":88,"column":7}},{"start":{"line":86,"column":6},"end":{"line":88,"column":7}}],"line":86},"14":{"loc":{"start":{"line":105,"column":23},"end":{"line":105,"column":39}},"type":"binary-expr","locations":[{"start":{"line":105,"column":23},"end":{"line":105,"column":33}},{"start":{"line":105,"column":37},"end":{"line":105,"column":39}}],"line":105},"15":{"loc":{"start":{"line":117,"column":12},"end":{"line":117,"column":64}},"type":"cond-expr","locations":[{"start":{"line":117,"column":20},"end":{"line":117,"column":44}},{"start":{"line":117,"column":47},"end":{"line":117,"column":64}}],"line":117},"16":{"loc":{"start":{"line":118,"column":17},"end":{"line":118,"column":91}},"type":"cond-expr","locations":[{"start":{"line":118,"column":30},"end":{"line":118,"column":59}},{"start":{"line":118,"column":62},"end":{"line":118,"column":91}}],"line":118},"17":{"loc":{"start":{"line":119,"column":14},"end":{"line":119,"column":74}},"type":"cond-expr","locations":[{"start":{"line":119,"column":24},"end":{"line":119,"column":39}},{"start":{"line":119,"column":42},"end":{"line":119,"column":74}}],"line":119},"18":{"loc":{"start":{"line":120,"column":4},"end":{"line":120,"column":66}},"type":"if","locations":[{"start":{"line":120,"column":4},"end":{"line":120,"column":66}},{"start":{"line":120,"column":4},"end":{"line":120,"column":66}}],"line":120},"19":{"loc":{"start":{"line":245,"column":4},"end":{"line":245,"column":80}},"type":"if","locations":[{"start":{"line":245,"column":4},"end":{"line":245,"column":80}},{"start":{"line":245,"column":4},"end":{"line":245,"column":80}}],"line":245},"20":{"loc":{"start":{"line":246,"column":4},"end":{"line":249,"column":5}},"type":"if","locations":[{"start":{"line":246,"column":4},"end":{"line":249,"column":5}},{"start":{"line":246,"column":4},"end":{"line":249,"column":5}}],"line":246},"21":{"loc":{"start":{"line":247,"column":6},"end":{"line":247,"column":110}},"type":"if","locations":[{"start":{"line":247,"column":6},"end":{"line":247,"column":110}},{"start":{"line":247,"column":6},"end":{"line":247,"column":110}}],"line":247},"22":{"loc":{"start":{"line":274,"column":4},"end":{"line":293,"column":5}},"type":"if","locations":[{"start":{"line":274,"column":4},"end":{"line":293,"column":5}},{"start":{"line":274,"column":4},"end":{"line":293,"column":5}}],"line":274},"23":{"loc":{"start":{"line":281,"column":11},"end":{"line":293,"column":5}},"type":"if","locations":[{"start":{"line":281,"column":11},"end":{"line":293,"column":5}},{"start":{"line":281,"column":11},"end":{"line":293,"column":5}}],"line":281},"24":{"loc":{"start":{"line":288,"column":6},"end":{"line":292,"column":7}},"type":"if","locations":[{"start":{"line":288,"column":6},"end":{"line":292,"column":7}},{"start":{"line":288,"column":6},"end":{"line":292,"column":7}}],"line":288},"25":{"loc":{"start":{"line":289,"column":30},"end":{"line":289,"column":54}},"type":"binary-expr","locations":[{"start":{"line":289,"column":30},"end":{"line":289,"column":48}},{"start":{"line":289,"column":52},"end":{"line":289,"column":54}}],"line":289},"26":{"loc":{"start":{"line":301,"column":6},"end":{"line":305,"column":7}},"type":"if","locations":[{"start":{"line":301,"column":6},"end":{"line":305,"column":7}},{"start":{"line":301,"column":6},"end":{"line":305,"column":7}}],"line":301},"27":{"loc":{"start":{
[...]
2},"end":{"line":36,"column":131}},"type":"cond-expr","locations":[{"start":{"line":36,"column":40},"end":{"line":36,"column":124}},{"start":{"line":36,"column":127},"end":{"line":36,"column":131}}],"line":36},"8":{"loc":{"start":{"line":50,"column":4},"end":{"line":54,"column":5}},"type":"if","locations":[{"start":{"line":50,"column":4},"end":{"line":54,"column":5}},{"start":{"line":50,"column":4},"end":{"line":54,"column":5}}],"line":50},"9":{"loc":{"start":{"line":63,"column":4},"end":{"line":86,"column":5}},"type":"if","locations":[{"start":{"line":63,"column":4},"end":{"line":86,"column":5}},{"start":{"line":63,"column":4},"end":{"line":86,"column":5}}],"line":63},"10":{"loc":{"start":{"line":72,"column":8},"end":{"line":75,"column":9}},"type":"if","locations":[{"start":{"line":72,"column":8},"end":{"line":75,"column":9}},{"start":{"line":72,"column":8},"end":{"line":75,"column":9}}],"line":72},"11":{"loc":{"start":{"line":72,"column":12},"end":{"line":73,"column":49}},"type":"binary-expr","locations":[{"start":{"line":72,"column":12},"end":{"line":72,"column":41}},{"start":{"line":73,"column":11},"end":{"line":73,"column":31}},{"start":{"line":73,"column":35},"end":{"line":73,"column":48}}],"line":72},"12":{"loc":{"start":{"line":78,"column":6},"end":{"line":85,"column":7}},"type":"if","locations":[{"start":{"line":78,"column":6},"end":{"line":85,"column":7}},{"start":{"line":78,"column":6},"end":{"line":85,"column":7}}],"line":78},"13":{"loc":{"start":{"line":95,"column":6},"end":{"line":98,"column":7}},"type":"if","locations":[{"start":{"line":95,"column":6},"end":{"line":98,"column":7}},{"start":{"line":95,"column":6},"end":{"line":98,"column":7}}],"line":95},"14":{"loc":{"start":{"line":95,"column":10},"end":{"line":95,"column":71}},"type":"binary-expr","locations":[{"start":{"line":95,"column":10},"end":{"line":95,"column":35}},{"start":{"line":95,"column":39},"end":{"line":95,"column":71}}],"line":95},"15":{"loc":{"start":{"line":96,"column":18},"end":{"line":96,"column":31}},"type":"binary-expr","locations":[{"start":{"line":96,"column":18},"end":{"line":96,"column":25}},{"start":{"line":96,"column":29},"end":{"line":96,"column":31}}],"line":96},"16":{"loc":{"start":{"line":101,"column":4},"end":{"line":118,"column":5}},"type":"if","locations":[{"start":{"line":101,"column":4},"end":{"line":118,"column":5}},{"start":{"line":101,"column":4},"end":{"line":118,"column":5}}],"line":101},"17":{"loc":{"start":{"line":105,"column":8},"end":{"line":107,"column":9}},"type":"if","locations":[{"start":{"line":105,"column":8},"end":{"line":107,"column":9}},{"start":{"line":105,"column":8},"end":{"line":107,"column":9}}],"line":105},"18":{"loc":{"start":{"line":105,"column":12},"end":{"line":105,"column":46}},"type":"binary-expr","locations":[{"start":{"line":105,"column":12},"end":{"line":105,"column":15}},{"start":{"line":105,"column":19},"end":{"line":105,"column":46}}],"line":105},"19":{"loc":{"start":{"line":110,"column":24},"end":{"line":110,"column":77}},"type":"cond-expr","locations":[{"start":{"line":110,"column":44},"end":{"line":110,"column":72}},{"start":{"line":110,"column":75},"end":{"line":110,"column":77}}],"line":110},"20":{"loc":{"start":{"line":128,"column":6},"end":{"line":134,"column":7}},"type":"if","locations":[{"start":{"line":128,"column":6},"end":{"line":134,"column":7}},{"start":{"line":128,"column":6},"end":{"line":134,"column":7}}],"line":128},"21":{"loc":{"start":{"line":128,"column":10},"end":{"line":131,"column":36}},"type":"binary-expr","locations":[{"start":{"line":128,"column":10},"end":{"line":128,"column":41}},{"start":{"line":129,"column":8},"end":{"line":129,"column":42}},{"start":{"line":130,"column":8},"end":{"line":130,"column":53}},{"start":{"line":131,"column":8},"end":{"line":131,"column":36}}],"line":128},"22":{"loc":{"start":{"line":137,"column":4},"end":{"line":143,"column":5}},"type":"if","locations":[{"start":{"line":137,"column":4},"end":{"line":143,"column":5}},{"start":{"line":137,"column":4},"end":{"line":143,"column":5}}],"line":137},"23":{"loc":{"start":{"line":139,"column":8},"end":{"line":141,"column":9}},"type":"if","locations":[{"start":{"line":139,"column":8},"end":{"line":141,"column":9}},{"start":{"line":139,"column":8},"end":{"line":141,"column":9}}],"line":139},"24":{"loc":{"start":{"line":145,"column":4},"end":{"line":152,"column":5}},"type":"if","locations":[{"start":{"line":145,"column":4},"end":{"line":152,"column":5}},{"start":{"line":145,"column":4},"end":{"line":152,"column":5}}],"line":145},"25":{"loc":{"start":{"line":160,"column":4},"end":{"line":160,"column":52}},"type":"if","locations":[{"start":{"line":160,"column":4},"end":{"line":160,"column":52}},{"start":{"line":160,"column":4},"end":{"line":160,"column":52}}],"line":160},"26":{"loc":{"start":{"line":163,"column":6},"end":{"line":172,"column":7}},"type":"if","locations":[{"start":{"line":163,"column":6},"end":{"line":172,"column":7}},{"start":{"line":163,"column":6},"end":{"line":172,"column":7}}],"line":163},"27":{"loc":{"start":{"line":163,"column":10},"end":{"line":164,"column":43}},"type":"binary-expr","locations":[{"start":{"line":163,"column":10},"end":{"line":163,"column":41}},{"start":{"line":164,"column":8},"end":{"line":164,"column":43}}],"line":163},"28":{"loc":{"start":{"line":167,"column":10},"end":{"line":170,"column":11}},"type":"if","locations":[{"start":{"line":167,"column":10},"end":{"line":170,"column":11}},{"start":{"line":167,"column":10},"end":{"line":170,"column":11}}],"line":167},"29":{"loc":{"start":{"line":167,"column":14},"end":{"line":168,"column":33}},"type":"binary-expr","locations":[{"start":{"line":167,"column":14},"end":{"line":167,"column":56}},{"start":{"line":168,"column":14},"end":{"line":168,"column":33}}],"line":167},"30":{"loc":{"start":{"line":169,"column":28},"end":{"line":169,"column":46}},"type":"binary-expr","locations":[{"start":{"line":169,"column":28},"end":{"line":169,"column":40}},{"start":{"line":169,"column":44},"end":{"line":169,"column":46}}],"line":169},"31":{"loc":{"start":{"line":177,"column":4},"end":{"line":177,"column":35}},"type":"if","locations":[{"start":{"line":177,"column":4},"end":{"line":177,"column":35}},{"start":{"line":177,"column":4},"end":{"line":177,"column":35}}],"line":177},"32":{"loc":{"start":{"line":207,"column":19},"end":{"line":207,"column":50}},"type":"cond-expr","locations":[{"start":{"line":207,"column":33},"end":{"line":207,"column":44}},{"start":{"line":207,"column":47},"end":{"line":207,"column":50}}],"line":207},"33":{"loc":{"start":{"line":211,"column":6},"end":{"line":215,"column":7}},"type":"if","locations":[{"start":{"line":211,"column":6},"end":{"line":215,"column":7}},{"start":{"line":211,"column":6},"end":{"line":215,"column":7}}],"line":211},"34":{"loc":{"start":{"line":213,"column":13},"end":{"line":215,"column":7}},"type":"if","locations":[{"start":{"line":213,"column":13},"end":{"line":215,"column":7}},{"start":{"line":213,"column":13},"end":{"line":215,"column":7}}],"line":213},"35":{"loc":{"start":{"line":213,"column":17},"end":{"line":213,"column":70}},"type":"binary-expr","locations":[{"start":{"line":213,"column":17},"end":{"line":213,"column":43}},{"start":{"line":213,"column":47},"end":{"line":213,"column":70}}],"line":213},"36":{"loc":{"start":{"line":224,"column":4},"end":{"line":238,"column":5}},"type":"if","locations":[{"start":{"line":224,"column":4},"end":{"line":238,"column":5}},{"start":{"line":224,"column":4},"end":{"line":238,"column":5}}],"line":224},"37":{"loc":{"start":{"line":230,"column":6},"end":{"line":232,"column":7}},"type":"if","locations":[{"start":{"line":230,"column":6},"end":{"line":232,"column":7}},{"start":{"line":230,"column":6},"end":{"line":232,"column":7}}],"line":230},"38":{"loc":{"start":{"line":233,"column":6},"end":{"line":237,"column":7}},"type":"if","locations":[{"start":{"line":233,"column":6},"end":{"line":237,"column":7}},{"start":{"line":233,"column":6},"end":{"line":237,"column":7}}],"line":233},"39":{"loc":{"start":{"line":249,"column":8},"end":{"line":249,"column":26}},"type":"binary-expr","locations":[{"start":{"line":249,"column":8},"end":{"line":249,"column":20}},{"start":{"line":249,"column":24},"end":{"line":249,"column":26}}],"line":249},"40":{"loc":{"start":{"line":256,"column":14},"end":{"line":256,"column":36}},"type":"cond-expr","locations":[{"start":{"line":256,"column":27},"end":{"line":256,"column":30}},{"start":{"line":256,"column":33},"end":{"line":256,"column":36}}],"line":256},"41":{"loc":{"start":{"line":258,"column":8},"end":{"line":268,"column":9}},"type":"if","locations":[{"start":{"line":258,"column":8},"end":{"line":268,"column":9}},{"start":{"line":258,"column":8},"end":{"line":268,"column":9}}],"line":258},"42":{"loc":{"start":{"line":261,"column":15},"end":{"line":268,"column":9}},"type":"if","locations":[{"start":{"line":261,"column":15},"end":{"line":268,"column":9}},{"start":{"line":261,"column":15},"end":{"line":268,"column":9}}],"line":261},"43":{"loc":{"start":{"line":271,"column":16},"end":{"line":271,"column":40}},"type":"cond-expr","locations":[{"start":{"line":271,"column":29},"end":{"line":271,"column":34}},{"start":{"line":271,"column":37},"end":{"line":271,"column":40}}],"line":271},"44":{"loc":{"start":{"line":273,"column":8},"end":{"line":280,"column":9}},"type":"if","locations":[{"start":{"line":273,"column":8},"end":{"line":280,"column":9}},{"start":{"line":273,"column":8},"end":{"line":280,"column":9}}],"line":273},"45":{"loc":{"start":{"line":275,"column":15},"end":{"line":280,"column":9}},"type":"if","locations":[{"start":{"line":275,"column":15},"end":{"line":280,"column":9}},{"start":{"line":275,"column":15},"end":{"line":280,"column":9}}],"line":275},"46":{"loc":{"start":{"line":281,"column":8},"end":{"line":283,"column":9}},"type":"if","locations":[{"start":{"line":281,"column":8},"end":{"line":283,"column":9}},{"start":{"line":281,"column":8},"end":{"line":283,"column":9}}],"line":281},"47":{"loc":{"start":{"line":281,"column":12},"end":{"line":281,"column":25}},"type":"binary-expr","locations":[{"start":{"line":281,"column":12},"end":{"line":281,"column":15}},{"start":{"line":281,"column":19},"end":{"line":281,"column":25}}],"line":281},"48":{"loc":{"start":{"line":287,"column":4},"end":{"line":295,"column":5}},"type":"if","locations":[{"start":{"line":287,"column":4},"end":{"line":295,"column":5}},{"start":{"line":287,"column":4},"end":{"line":295,"column":5}}],"line":287},"49":{"loc":{"start":{"line":302,"column":4},"end":{"line":316,"column":5}},"type":"if","locations":[{"start":{"line":302,"column":4},"end":{"line":316,"column":5}},{"start":{"line":302,"column":4},"end":{"line":316,"column":5}}],"line":302},"50":{"loc":{"start":{"line":308,"column":6},"end":{"line":310,"column":7}},"type":"if","locations":[{"start":{"line":308,"column":6},"end":{"line":310,"column":7}},{"start":{"line":308,"column":6},"end":{"line":310,"column":7}}],"line":308},"51":{"loc":{"start":{"line":311,"column":6},"end":{"line":315,"column":7}},"type":"if","locations":[{"start":{"line":311,"column":6},"end":{"line":315,"column":7}},{"start":{"line":311,"column":6},"end":{"line":315,"column":7}}],"line":311},"52":{"loc":{"start":{"line":322,"column":6},"end":{"line":330,"column":7}},"type":"if","locations":[{"start":{"line":322,"column":6},"end":{"line":330,"column":7}},{"start":{"line":322,"column":6},"end":{"line":330,"column":7}}],"line":322},"53":{"loc":{"start":{"line":326,"column":10},"end":{"line":328,"column":11}},"type":"if","locations":[{"start":{"line":326,"column":10},"end":{"line":328,"column":11}},{"start":{"line":326,"column":10},"end":{"line":328,"column":11}}],"line":326},"54":{"loc":{"start":{"line":326,"column":14},"end":{"line":326,"column":75}},"type":"binary-expr","locations":[{"start":{"line":326,"column":14},"end":{"line":326,"column":19}},{"start":{"line":326,"column":23},"end":{"line":326,"column":46}},{"start":{"line":326,"column":50},"end":{"line":326,"column":75}}],"line":326},"55":{"loc":{"start":{"line":343,"column":6},"end":{"line":346,"column":7}},"type":"if","locations":[{"start":{"line":343,"column":6},"end":{"line":346,"column":7}},{"start":{"line":343,"column":6},"end":{"line":346,"column":7}}],"line":343},"56":{"loc":{"start":{"line":343,"column":10},"end":{"line":343,"column":44}},"type":"binary-expr","locations":[{"start":{"line":343,"column":10},"end":{"line":343,"column":24}},{"start":{"line":343,"column":28},"end":{"line":343,"column":44}}],"line":343},"57":{"loc":{"start":{"line":348,"column":4},"end":{"line":348,"column":68}},"type":"if","locations":[{"start":{"line":348,"column":4},"end":{"line":348,"column":68}},{"start":{"line":348,"column":4},"end":{"line":348,"column":68}}],"line":348}},"s":{"0":1,"1":1,"2":1,"3":1,"4":1,"5":1,"6":1,"7":1,"8":1,"9":1,"10":1,"11":0,"12":0,"13":0,"14":0,"15":0,"16":0,"17":0,"18":0,"19":1,"20":0,"21":0,"22":1,"23":1,"24":1,"25":1,"26":0,"27":0,"28":0,"29":0,"30":0,"31":0,"32":0,"33":1,"34":1,"35":1,"36":1,"37":0,"38":0,"39":0,"40":1,"41":0,"42":0,"43":0,"44":0,"45":0,"46":0,"47":0,"48":1,"49":0,"50":0,"51":0,"52":0,"53":0,"54":0,"55":0,"56":0,"57":0,"58":0,"59":0,"60":0,"61":1,"62":1,"63":1,"64":1,"65":1,"66":0,"67":0,"68":0,"69":0,"70":0,"71":0,"72":0,"73":0,"74":0,"75":0,"76":0,"77":0,"78":1,"79":1,"80":0,"81":1,"82":1,"83":0,"84":0,"85":0,"86":0,"87":0,"88":0,"89":0,"90":0,"91":0,"92":0,"93":1,"94":1,"95":0,"96":0,"97":0,"98":0,"99":0,"100":0,"101":0,"102":0,"103":0,"104":0,"105":0,"106":1,"107":0,"108":1,"109":1,"110":1,"111":0,"112":0,"113":0,"114":0,"115":0,"116":0,"117":0,"118":0,"119":0,"120":0,"121":0,"122":0,"123":0,"124":0,"125":0,"126":0,"127":0,"128":0,"129":0,"130":0,"131":0,"132":0,"133":1,"134":0,"135":0,"136":0,"137":0,"138":1,"139":1,"140":0,"141":0,"142":0,"143":0,"144":0,"145":0,"146":0,"147":0,"148":0,"149":0,"150":0,"151":1,"152":0,"153":1,"154":1,"155":4,"156":0,"157":0,"158":0,"159":1,"160":0,"161":0,"162":0,"163":0,"164":0,"165":0,"166":0,"167":0,"168":0,"169":0,"170":0,"171":0,"172":0,"173":1,"174":0,"175":0,"176":0,"177":0,"178":0,"179":0,"180":0,"181":1,"182":0,"183":0,"184":0,"185":0,"186":1,"187":0,"188":0,"189":0,"190":0,"191":1},"f":{"0":1,"1":1,"2":0,"3":1,"4":0,"5":1,"6":0,"7":0,"8":0,"9":0,"10":0,"11":1,"12":0,"13":0,"14":0,"15":0,"16":1,"17":0,"18":0,"19":0,"20":0,"21":1,"22":0,"23":0,"24":0,"25":0,"26":0,"27":0,"28":0,"29":1,"30":4,"31":0,"32":0,"33":0,"34":0,"35":0,"36":0,"37":0,"38":0,"39":0},"b":{"0":[0,1],"1":[1,0,0],"2":[0,0],"3":[0,0],"4":[0,0],"5":[0,0],"6":[0,0],"7":[0,0],"8":[0,0],"9":[0,1],"10":[0,0],"11":[0,0,0],"12":[0,0],"13":[0,0],"14":[0,0],"15":[0,0],"16":[0,1],"17":[0,0],"18":[0,0],"19":[0,0],"20":[0,0],"21":[0,0,0,0],"22":[0,0],"23":[0,0],"24":[0,0],"25":[1,0],"26":[0,0],"27":[0,0],"28":[0,0],"29":[0,0],"30":[0,0],"31":[0,0],"32":[0,0],"33":[0,0],"34":[0,0],"35":[0,0],"36":[0,0],"37":[0,0],"38":[0,0],"39":[0,0],"40":[0,0],"41":[0,0],"42":[0,0],"43":[0,0],"44":[0,0],"45":[0,0],"46":[0,0],"47":[0,0],"48":[0,1],"49":[0,0],"50":[0,0],"51":[0,0],"52":[0,4],"53":[0,0],"54":[0,0,0],"55":[0,0],"56":[0,0],"57":[0,0]},"_coverageSchema":"332fd63041d2c1bcb487cc26dd0d5f7d97098a6c","hash":"ce2dfdf74b7ee490f05689db3f0ff88af3216e32","contentHash":"b255aafcbe51db7306a55d472ae8aa73_11.9.0"},"/home/grigorisntousakis/thesis/lya/tst/repos/yargs/lib/apply-extends.js":{"path":"/home/grigorisntousakis/thesis/lya/tst/repos/yargs/lib/apply-extends.js","statementMap":{"0":{"start":{"line":3,"column":11},"end":{"line":3,"column":24}},"1":{"start":{"line":4,"column":13},"end":{"line":4,"column":28}},"2":{"start":{"line":5,"column":15},"end":{"line":5,"column":34}},"3":{"start":{"line":7,"column":31},"end":{"line":7,"column":33}},"4":{"start":{"line":10,"column":2},"end":{"line":12,"column":3}},"5":{"start":{"line":11,"column":4},"end":{"line":11,"column":68}},"6":{"start":{"line":16,"column":2},"end":{"line":16,"column":40}},"7":{"start":{"line":20,"column":22},"end":{"line":20,"column":24}},"8":{"start":{"line":22,"column":2},"end":{"line":46,"column":3}},"9":{"start":{"line":23,"column":4},"end":{"line":23,"column":64}},"10":{"start":{"line":23,"column":44},"end":{"line":23,"column":64}},"11":{"start":{"line":24,"column":19},"end":{"line":24,"column":49}},"12":{"start":{"line":25,"column":24},"end":{"line":25,"column":28}},"13":{"start":{"line":26,"column":4},"end":{"line":34,"column":5}},"14":{"start":{"line":27,"column":6},"end":{"line":31,"column":7}},"15":{"start":{"line":28,"column":8},"end":{"line":28,"column":55}},"16":{"start":{"line":33,"column":6},"end":{"line":33,"column":65}},"17":{"start":{"line":37,"column":4},"end":{"line":37,"column":48}},"18":{"start":{"line":37,"column":35},"end":{"line":37,"column":48}},"19":{"start":{"line":39,"column":4},"end":{"line":39,"column":42}},"20":{"start":{"line":41,"column":4},"end":{"line":41,"column":48}},"21":{"start":{"line":43,"column":4},"end":{"line":43,"column":105}},"22":{"start":{"line":44,"column":4},"end":{"line":44,"column":25}},"23":{"start":{"line":45,"column":4},"end":{"line":45,"column":76}},"24":{"start":{"line":48,"column":2},"end":{"line":48,"column":31}},"25":{"start":{"line":50,"column":2},"end":{"line":50,"column":49}},"26":{"start":{"line":53,"column":0},"end":{"line":53,"column":29}}},"fnMap":{"0":{"name":"checkForCircularExtends","decl":{"start":{"line":9,"column":9},"end":{"line":9,"column":32}},"loc":{"start":{"line":9,"column":40},"end":{"line":13,"column":1}},"line":9},"1":{"name":"getPathToDefaultConfig","decl":{"start":{"line":15,"column":9},"end":{"line":15,"column":31}},"loc":{"start":{"line":15,"column":52},"end":{"line":17,"column":1}},"line":15},"2":{"name":"applyExtends","decl":{"start":{"line":19,"column":9},"end":{"line":19,"column":21}},"loc":{"start":{"line":19,"column":36},"end":{"line":51,"column":1}},"line":19}},"branchMap":{"0":{"loc":{"start":{"line":10,"column":2},"end":{"line":12,"column":3}},"type":"if","locations":[{"start":{"line":10,"column":2},"end":{"line":12,"column":3}},{"start":{"line":10,"column":2},"end":{"line":12,"column":3}}],"line":10},"1":{"loc":{"start":{"line":22,"column":2},"end":{"line":46,"column":3}},"type":"if","locations":[{"start":{"line":22,"column":2},"end":{"line":46,"column":3}},{"start":{"line":22,"column":2},"end":{"line":46,"column":3}}],"line":22},"2":{"loc":{"start":{"line":23,"column":4},"end":{"line":23,"column":64}},"type":"if","locations":[{"start":{"line":23,"column":4},"end":{"line":23,"column":64}},{"start":{"line":23,"column":4},"end":{"line":23,"column":64}}],"line":23},"3":{"loc":{"start":{"line":26,"column":4},"end":{"line":34,"column":5}},"type":"if","locations":[{"start":{"line":26,"column":4},"end":{"line":34,"column":5}},{"start":{"line":26,"column":4},"end":{"line":34,"column":5}}],"line":26},"4":{"loc":{"start":{"line":37,"column":4},"end":{"line":37,"column":48}},"type":"if","locations":[{"start":{"line":37,"column":4},"end":{"line":37,"column":48}},{"start":{"line":37,"column":4},"end":{"line":37,"column":48}}],"line":37},"5":{"loc":{"start":{"line":37,"column":8},"end":{"line":37,"column":33}},"type":"binary-expr","locations":[{"start":{"line":37,"column":8},"end":{"line":37,"column":22}},{"start":{"line":37,"column":26},"end":{"line":37,"column":33}}],"line":37},"6":{"loc":{"start":{"line":43,"column":20},"end":{"line":43,"column":105}},"type":"cond-expr","locations":[{"start":{"line":43,"column":29},"end":{"line":43,"column":79}},{"start":{"line":43,"column":82},"end":{"line":43,"column":105}}],"line":43}},"s":{"0":1,"1":1,"2":1,"3":1,"4":0,"5":0,"6":0,"7":0,"8":0,"9":0,"10":0,"11":0,"12":0,"13":0,"14":0,"15":0,"16":0,"17":0,"18":0,"19":0,"20":0,"21":0,"22":0,"23":0,"24":0,"25":0,"26":1},"f":{"0":0,"1":0,"2":0},"b":{"0":[0,0],"1":[0,0],"2":[0,0],"3":[0,0],"4":[0,0],"5":[0,0],"6":[0,0]},"_coverageSchema":"332fd63041d2c1bcb487cc26dd0d5f7d97098a6c","hash":"dad8fbcb4b4a88e40974a9e7c636fd44dd879cd1","contentHash":"3b6e7a3f02388e2c4b0678f05c4c565c_11.9.0"}}