{"/home/grigorisntousakis/Dropbox/thesis/lya/tst/working/repos/yargs/lib/argsert.js":{"path":"/home/grigorisntousakis/Dropbox/thesis/lya/tst/working/repos/yargs/lib/argsert.js","statementMap":{"0":{"start":{"line":2,"column":16},"end":{"line":2,"column":38}},"1":{"start":{"line":3,"column":15},"end":{"line":3,"column":34}},"2":{"start":{"line":5,"column":21},"end":{"line":5,"column":77}},"3":{"start":{"line":7,"column":0},"end":{"line":53,"column":1}},"4":{"start":{"line":9,"column":2},"end":{"line":52,"column":3}},"5":{"start":{"line":12,"column":19},"end":{"line":12,"column":20}},"6":{"start":{"line":13,"column":17},"end":{"line":13,"column":45}},"7":{"start":{"line":14,"column":4},"end":{"line":19,"column":5}},"8":{"start":{"line":15,"column":6},"end":{"line":15,"column":30}},"9":{"start":{"line":16,"column":6},"end":{"line":16,"column":32}},"10":{"start":{"line":18,"column":6},"end":{"line":18,"column":54}},"11":{"start":{"line":20,"column":17},"end":{"line":20,"column":47}},"12":{"start":{"line":22,"column":4},"end":{"line":22,"column":73}},"13":{"start":{"line":22,"column":63},"end":{"line":22,"column":73}},"14":{"start":{"line":23,"column":4},"end":{"line":23,"column":34}},"15":{"start":{"line":25,"column":4},"end":{"line":27,"column":5}},"16":{"start":{"line":26,"column":6},"end":{"line":26,"column":120}},"17":{"start":{"line":29,"column":26},"end":{"line":29,"column":73}},"18":{"start":{"line":30,"column":4},"end":{"line":32,"column":5}},"19":{"start":{"line":31,"column":6},"end":{"line":31,"column":108}},"20":{"start":{"line":34,"column":4},"end":{"line":40,"column":6}},"21":{"start":{"line":35,"column":18},"end":{"line":35,"column":30}},"22":{"start":{"line":36,"column":27},"end":{"line":36,"column":41}},"23":{"start":{"line":37,"column":28},"end":{"line":37,"column":94}},"24":{"start":{"line":37,"column":56},"end":{"line":37,"column":93}},"25":{"start":{"line":38,"column":6},"end":{"line":38,"column":100}},"26":{"start":{"line":38,"column":38},"end":{"line":38,"column":100}},"27":{"start":{"line":39,"column":6},"end":{"line":39,"column":19}},"28":{"start":{"line":42,"column":4},"end":{"line":49,"column":6}},"29":{"start":{"line":43,"column":6},"end":{"line":43,"column":35}},"30":{"start":{"line":43,"column":29},"end":{"line":43,"column":35}},"31":{"start":{"line":44,"column":18},"end":{"line":44,"column":30}},"32":{"start":{"line":45,"column":27},"end":{"line":45,"column":41}},"33":{"start":{"line":46,"column":28},"end":{"line":46,"column":94}},"34":{"start":{"line":46,"column":56},"end":{"line":46,"column":93}},"35":{"start":{"line":47,"column":6},"end":{"line":47,"column":99}},"36":{"start":{"line":47,"column":38},"end":{"line":47,"column":99}},"37":{"start":{"line":48,"column":6},"end":{"line":48,"column":19}},"38":{"start":{"line":51,"column":4},"end":{"line":51,"column":27}},"39":{"start":{"line":56,"column":2},"end":{"line":60,"column":3}},"40":{"start":{"line":57,"column":4},"end":{"line":57,"column":18}},"41":{"start":{"line":58,"column":9},"end":{"line":60,"column":3}},"42":{"start":{"line":59,"column":4},"end":{"line":59,"column":17}},"43":{"start":{"line":61,"column":2},"end":{"line":61,"column":19}},"44":{"start":{"line":65,"column":2},"end":{"line":65,"column":146}}},"fnMap":{"0":{"name":"argsert","decl":{"start":{"line":7,"column":26},"end":{"line":7,"column":33}},"loc":{"start":{"line":7,"column":70},"end":{"line":53,"column":1}},"line":7},"1":{"name":"(anonymous_1)","decl":{"start":{"line":34,"column":28},"end":{"line":34,"column":29}},"loc":{"start":{"line":34,"column":42},"end":{"line":40,"column":5}},"line":34},"2":{"name":"(anonymous_2)","decl":{"start":{"line":37,"column":48},"end":{"line":37,"column":49}},"loc":{"start":{"line":37,"column":56},"end":{"line":37,"column":93}},"line":37},"3":{"name":"(anonymous_3)","decl":{"start":{"line":42,"column":28},"end":{"line":42,"column":29}},"loc":{"start":{"line":42,"column":42},"end":{"line":49,"column":5}},"line":42},"4":{"name":"(anonymous_4)","decl":{"start":{"line":46,"column":48},"end":{"line":46,"column":49}},"loc":{"start":{"line":46,"column":56},"end":{"line":46,"column":93}},"line":46},"5":{"name":"guessType","decl":{"start":{"line":55,"column":9},"end":{"line":55,"column":18}},"loc":{"start":{"line":55,"column":25},"end":{"line":62,"column":1}},"line":55},"6":{"name":"argumentTypeError","decl":{"start":{"line":64,"column":9},"end":{"line":64,"column":26}},"loc":{"start":{"line":64,"column":76},"end":{"line":66,"column":1}},"line":64}},"branchMap":{"0":{"loc":{"start":{"line":14,"column":4},"end":{"line":19,"column":5}},"type":"if","locations":[{"start":{"line":14,"column":4},"end":{"line":19,"column":5}},{"start":{"line":14,"column":4},"end":{"line":19,"column":5}}],"line":14},"1":{"loc":{"start":{"line":22,"column":11},"end":{"line":22,"column":61}},"type":"binary-expr","locations":[{"start":{"line":22,"column":11},"end":{"line":22,"column":22}},{"start":{"line":22,"column":26},"end":{"line":22,"column":61}}],"line":22},"2":{"loc":{"start":{"line":23,"column":13},"end":{"line":23,"column":34}},"type":"binary-expr","locations":[{"start":{"line":23,"column":13},"end":{"line":23,"column":19}},{"start":{"line":23,"column":23},"end":{"line":23,"column":34}}],"line":23},"3":{"loc":{"start":{"line":25,"column":4},"end":{"line":27,"column":5}},"type":"if","locations":[{"start":{"line":25,"column":4},"end":{"line":27,"column":5}},{"start":{"line":25,"column":4},"end":{"line":27,"column":5}}],"line":25},"4":{"loc":{"start":{"line":30,"column":4},"end":{"line":32,"column":5}},"type":"if","locations":[{"start":{"line":30,"column":4},"end":{"line":32,"column":5}},{"start":{"line":30,"column":4},"end":{"line":32,"column":5}}],"line":30},"5":{"loc":{"start":{"line":37,"column":56},"end":{"line":37,"column":93}},"type":"binary-expr","locations":[{"start":{"line":37,"column":56},"end":{"line":37,"column":77}},{"start":{"line":37,"column":81},"end":{"line":37,"column":93}}],"line":37},"6":{"loc":{"start":{"line":38,"column":6},"end":{"line":38,"column":100}},"type":"if","locations":[{"start":{"line":38,"column":6},"end":{"line":38,"column":100}},{"start":{"line":38,"column":6},"end":{"line":38,"column":100}}],"line":38},"7":{"loc":{"start":{"line":43,"column":6},"end":{"line":43,"column":35}},"type":"if","locations":[{"start":{"line":43,"column":6},"end":{"line":43,"column":35}},{"start":{"line":43,"column":6},"end":{"line":43,"column":35}}],"line":43},"8":{"loc":{"start":{"line":46,"column":56},"end":{"line":46,"column":93}},"type":"binary-expr","locations":[{"start":{"line":46,"column":56},"end":{"line":46,"column":77}},{"start":{"line":46,"column":81},"end":{"line":46,"column":93}}],"line":46},"9":{"loc":{"start":{"line":47,"column":6},"end":{"line":47,"column":99}},"type":"if","locations":[{"start":{"line":47,"column":6},"end":{"line":47,"column":99}},{"start":{"line":47,"column":6},"end":{"line":47,"column":99}}],"line":47},"10":{"loc":{"start":{"line":56,"column":2},"end":{"line":60,"column":3}},"type":"if","locations":[{"start":{"line":56,"column":2},"end":{"line":60,"column":3}},{"start":{"line":56,"column":2},"end":{"line":60,"column":3}}],"line":56},"11":{"loc":{"start":{"line":58,"column":9},"end":{"line":60,"column":3}},"type":"if","locations":[{"start":{"line":58,"column":9},"end":{"line":60,"column":3}},{"start":{"line":58,"column":9},"end":{"line":60,"column":3}}],"line":58},"12":{"loc":{"start":{"line":65,"column":30},"end":{"line":65,"column":65}},"type":"binary-expr","locations":[{"start":{"line":65,"column":30},"end":{"line":65,"column":52}},{"start":{"line":65,"column":56},"end":{"line":65,"column":65}}],"line":65}},"s":{"0":1,"1":1,"2":1,"3":1,"4":2370,"5":2370,"6":2370,"7":2370,"8":330,"9":330,"10":2040,"11":2370,"12":2370,"13":1767,"14":2370,"15":2370,"16":1,"17":2369,"18":2369,"19":3,"20":2366,"21":1469,"22":1469,"23":1469,"24":3598,"25":1469,"26":1,"27":1468,"28":2365,"29":2820,"30":1766,"31":1054,"32":1054,"33":1054,"34":1546,"35":1054,"36":1,"37":1053,"38":6,"39":2523,"40":57,"41":2466,"42":38,"43":2428,"44":2},"f":{"0":2370,"1":1469,"2":3598,"3":2820,"4":1546,"5":2523,"6":2},"b":{"0":[330,2040],"1":[4137,3354],"2":[2370,793],"3":[1,2369],"4":[3,2366],"5":[3598,2132],"6":[1,1468],"7":[1766,1054],"8":[1546,506],"9":[1,1053],"10":[57,2466],"11":[38,2428],"12":[2,0]},"_coverageSchema":"332fd63041d2c1bcb487cc26dd0d5f7d97098a6c","hash":"df2abdbfb14aa2de5b73819939da8daa15542510","contentHash":"eaf876c209e53eaa269975fb0cc1aee9_11.9.0"},"/home/grigorisntousakis/Dropbox/thesis/lya/tst/working/repos/yargs/lib/command.js":{"path":"/home/grigorisntousakis/Dropbox/thesis/lya/tst/working/repos/yargs/lib/command.js","statementMap":{"0":{"start":{"line":3,"column":16},"end":{"line":3,"column":39}},"1":{"start":{"line":4,"column":13},"end":{"line":4,"column":28}},"2":{"start":{"line":5,"column":15},"end":{"line":5,"column":38}},"3":{"start":{"line":7,"column":23},"end":{"line":7,"column":37}},"4":{"start":{"line":12,"column":0},"end":{"line":420,"column":1}},"5":{"start":{"line":13,"column":15},"end":{"line":13,"column":17}},"6":{"start":{"line":14,"column":17},"end":{"line":14,"column":19}},"7":{"start":{"line":15,"column":17},"end":{"line":15,"column":19}},"8":{"start":{"line":17,"column":2},"end":{"line":83,"column":3}},"9":{"start":{"line":18,"column":18},"end":{"line":18,"column":20}},"10":{"start":{"line":19,"column":4},"end":{"line":19,"column":35}},"11":{"start":{"line":20,"column":4},"end":{"line":20,"column":35}},"12":{"start":{"line":21,"column":4},"end":{"line":29,"column":5}},"13":{"start":{"line":22,"column":6},"end":{"line":22,"column":28}},"14":{"start":{"line":23,"column":6},"end":{"line":23,"column":18}},"15":{"start":{"line":24,"column":11},"end":{"line":29,"column":5}},"16":{"start":{"line":25,"column":20},"end":{"line":25,"column":115}},"17":{"start":{"line":26,"column":6},"end":{"line":26,"column":71}},"18":{"start":{"line":26,"column":23},"end":{"line":26,"column":71}},"19":{"start":{"line":27,"column":6},"end":{"line":27,"column":91}},"20":{"start":{"line":28,"column":6},"end":{"line":28,"column":12}},"21":{"start":{"line":32,"column":4},"end":{"line":35,"column":5}},"22":{"start":{"line":33,"column":6},"end":{"line":33,"column":112}},"23":{"start":{"line":34,"column":6},"end":{"line":34,"column":12}},"24":{"start":{"line":38,"column":26},"end":{"line":38,"column":48}},"25":{"start":{"line":41,"column":4},"end":{"line":41,"column":64}},"26":{"start":{"line":41,"column":35},"end":{"line":41,"column":63}},"27":{"start":{"line":44,"column":20},"end":{"line":44,"column":25}},"28":{"start":{"line":45,"column":26},"end":{"line":51,"column":6}},"29":{"start":{"line":46,"column":6},"end":{"line":49,"column":7}},"30":{"start":{"line":47,"column":8},"end":{"line":47,"column":24}},"31":{"start":{"line":48,"column":8},"end":{"line":48,"column":20}},"32":{"start":{"line":50,"column":6},"end":{"line":50,"column":17}},"33":{"start":{"line":54,"column":4},"end":{"line":54,"column":73}},"34":{"start":{"line":54,"column":49},"end":{"line":54,"column":73}},"35":{"start":{"line":57,"column":4},"end":{"line":61,"column":5}},"36":{"start":{"line":58,"column":6},"end":{"line":58,"column":42}},"37":{"start":{"line":59,"column":6},"end":{"line":59,"column":38}},"38":{"start":{"line":60,"column":6},"end":{"line":60,"column":58}},"39":{"start":{"line":64,"column":4},"end":{"line":66,"column":6}},"40":{"start":{"line":65,"column":6},"end":{"line":65,"column":41}},"41":{"start":{"line":68,"column":4},"end":{"line":70,"column":5}},"42":{"start":{"line":69,"column":6},"end":{"line":69,"column":57}},"43":{"start":{"line":72,"column":4},"end":{"line":80,"column":5}},"44":{"start":{"line":82,"column":4},"end":{"line":82,"column":63}},"45":{"start":{"line":82,"column":19},"end":{"line":82,"column":63}},"46":{"start":{"line":85,"column":2},"end":{"line":108,"column":3}},"47":{"start":{"line":86,"column":4},"end":{"line":86,"column":21}},"48":{"start":{"line":88,"column":4},"end":{"line":88,"column":63}},"49":{"start":{"line":88,"column":43},"end":{"line":88,"column":63}},"50":{"start":{"line":90,"column":4},"end":{"line":90,"column":65}},"51":{"start":{"line":90,"column":41},"end":{"line":90,"column":65}},"52":{"start":{"line":92,"column":24},"end":{"line":92,"column":78}},"53":{"start":{"line":92,"column":77},"end":{"line":92,"column":78}},"54":{"start":{"line":94,"column":4},"end":{"line":106,"column":5}},"55":{"start":{"line":95,"column":22},"end":{"line":95,"column":56}},"56":{"start":{"line":97,"column":6},"end":{"line":104,"column":7}},"57":{"start":{"line":100,"column":8},"end":{"line":100,"column":58}},"58":{"start":{"line":100,"column":44},"end":{"line":100,"column":58}},"59":{"start":{"line":102,"column":8},"end":{"line":102,"column":34}},"60":{"start":{"line":103,"column":8},"end":{"line":103,"column":32}},"61":{"start":{"line":105,"column":6},"end":{"line":105,"column":20}},"62":{"start":{"line":107,"column":4},"end":{"line":107,"column":83}},"63":{"start":{"line":113,"column":16},"end":{"line":113,"column":44}},"64":{"start":{"line":114,"column":4},"end":{"line":114,"column":82}},"65":{"start":{"line":114,"column":14},"end":{"line":114,"column":82}},"66":{"start":{"line":115,"column":4},"end":{"line":115,"column":44}},"67":{"start":{"line":120,"column":4},"end":{"line":120,"column":58}},"68":{"start":{"line":124,"column":4},"end":{"line":127,"column":5}},"69":{"start":{"line":125,"column":6},"end":{"line":125,"column":25}},"70":{"start":{"line":126,"column":6},"end":{"line":126,"column":76}},"71":{"start":{"line":126,"column":65},"end":{"line":126,"column":76}},"72":{"start":{"line":128,"column":4},"end":{"line":128,"column":16}},"73":{"start":{"line":131,"column":2},"end":{"line":157,"column":3}},"74":{"start":{"line":132,"column":39},"end":{"line":132,"column":66}},"75":{"start":{"line":133,"column":25},"end":{"line":133,"column":81}},"76":{"start":{"line":134,"column":19},"end":{"line":134,"column":32}},"77":{"start":{"line":135,"column":26},"end":{"line":139,"column":5}},"78":{"start":{"line":140,"column":4},"end":{"line":155,"column":6}},"79":{"start":{"line":141,"column":21},"end":{"line":141,"column":26}},"80":{"start":{"line":142,"column":6},"end":{"line":142,"column":34}},"81":{"start":{"line":143,"column":6},"end":{"line":143,"column":80}},"82":{"start":{"line":143,"column":65},"end":{"line":143,"column":80}},"83":{"start":{"line":144,"column":6},"end":{"line":154,"column":7}},"84":{"start":{"line":145,"column":8},"end":{"line":148,"column":10}},"85":{"start":{"line":150,"column":8},"end":{"line":153,"column":10}},"86":{"start":{"line":156,"column":4},"end":{"line":156,"column":24}},"87":{"start":{"line":159,"column":2},"end":{"line":159,"column":78}},"88":{"start":{"line":159,"column":27},"end":{"line":159,"column":78}},"89":{"start":{"line":161,"column":2},"end":{"line":161,"column":42}},"90":{"start":{"line":161,"column":34},"end":{"line":161,"column":42}},"91":{"start":{"line":163,"column":2},"end":{"line":163,"column":49}},"92":{"start":{"line":163,"column":33},"end":{"line":163,"column":49}},"93":{"start":{"line":165,"column":2},"end":{"line":246,"column":3}},"94":{"start":{"line":166,"column":18},"end":{"line":166,"column":32}},"95":{"start":{"line":167,"column":27},"end":{"line":167,"column":93}},"96":{"start":{"line":168,"column":27},"end":{"line":168,"column":45}},"97":{"start":{"line":169,"column":19},"end":{"line":169,"column":46}},"98":{"start":{"line":170,"column":27},"end":{"line":170,"column":58}},"99":{"start":{"line":173,"column":20},"end":{"line":173,"column":31}},"100":{"start":{"line":174,"column":21},"end":{"line":174,"column":25}},"101":{"start":{"line":175,"column":24},"end":{"line":175,"column":26}},"102":{"start":{"line":176,"column":4},"end":{"line":179,"column":5}},"103":{"start":{"line":177,"column":6},"end":{"line":177,"column":43}},"104":{"start":{"line":178,"column":6},"end":{"line":178,"column":63}},"105":{"start":{"line":180,"column":4},"end":{"line":217,"column":5}},"106":{"start":{"line":183,"column":6},"end":{"line":183,"column":70}},"107":{"start":{"line":188,"column":6},"end":{"line":198,"column":7}},"108":{"start":{"line":189,"column":8},"end":{"line":194,"column":9}},"109":{"start":{"line":190,"column":10},"end":{"line":193,"column":11}},"110":{"start":{"line":195,"column":8},"end":{"line":195,"column":137}},"111":{"start":{"line":197,"column":8},"end":{"line":197,"column":37}},"112":{"start":{"line":200,"column":6},"end":{"line":201,"column":41}},"113":{"start":{"line":200,"column":48},"end":{"line":200,"column":83}},"114":{"start":{"line":201,"column":11},"end":{"line":201,"column":41}},"115":{"start":{"line":202,"column":11},"end":{"line":217,"column":5}},"116":{"start":{"line":205,"column":6},"end":{"line":205,"column":46}},"117":{"start":{"line":206,"column":6},"end":{"line":211,"column":7}},"118":{"start":{"line":207,"column":8},"end":{"line":210,"column":9}},"119":{"start":{"line":212,"column":6},"end":{"line":214,"column":8}},"120":{"start":{"line":213,"column":8},"end":{"line":213,"column":59}},"121":{"start":{"line":215,"column":6},"end":{"line":215,"column":71}},"122":{"start":{"line":216,"column":6},"end":{"line":216,"column":41}},"123":{"start":{"line":219,"column":4},"end":{"line":221,"column":5}},"124":{"start":{"line":220,"column":6},"end":{"line":220,"column":91}},"125":{"start":{"line":225,"column":4},"end":{"line":225,"column":104}},"126":{"start":{"line":225,"column":29},"end":{"line":225,"column":104}},"127":{"start":{"line":227,"column":4},"end":{"line":236,"column":5}},"128":{"start":{"line":228,"column":6},"end":{"line":228,"column":27}},"129":{"start":{"line":229,"column":6},"end":{"line":234,"column":7}},"130":{"start":{"line":230,"column":31},"end":{"line":232,"column":14}},"131":{"start":{"line":231,"column":10},"end":{"line":231,"column":65}},"132":{"start":{"line":233,"column":8},"end":{"line":233,"column":48}},"133":{"start":{"line":235,"column":6},"end":{"line":235,"column":39}},"134":{"start":{"line":238,"column":4},"end":{"line":241,"column":5}},"135":{"start":{"line":239,"column":6},"end":{"line":239,"column":35}},"136":{"start":{"line":240,"column":6},"end":{"line":240,"column":39}},"137":{"start":{"line":242,"column":4},"end":{"line":242,"column":53}},"138":{"start":{"line":243,"column":4},"end":{"line":243,"column":74}},"139":{"start":{"line":243,"column":22},"end":{"line":243,"column":74}},"140":{"start":{"line":245,"column":4},"end":{"line":245,"column":20}},"141":{"start":{"line":249,"column":4},"end":{"line":250,"column":54}},"142":{"start":{"line":254,"column":14},"end":{"line":254,"column":145}},"143":{"start":{"line":255,"column":15},"end":{"line":255,"column":79}},"144":{"start":{"line":255,"column":46},"end":{"line":255,"column":76}},"145":{"start":{"line":256,"column":4},"end":{"line":256,"column":14}},"146":{"start":{"line":257,"column":4},"end":{"line":257,"column":31}},"147":{"start":{"line":260,"column":2},"end":{"line":278,"column":3}},"148":{"start":{"line":261,"column":4},"end":{"line":269,"column":5}},"149":{"start":{"line":263,"column":28},"end":{"line":264,"column":88}},"150":{"start":{"line":265,"column":6},"end":{"line":268,"column":7}},"151":{"start":{"line":270,"column":20},"end":{"line":270,"column":42}},"152":{"start":{"line":271,"column":4},"end":{"line":277,"column":5}},"153":{"start":{"line":272,"column":6},"end":{"line":272,"column":20}},"154":{"start":{"line":274,"column":6},"end":{"line":276,"column":8}},"155":{"start":{"line":275,"column":8},"end":{"line":275,"column":39}},"156":{"start":{"line":283,"column":4},"end":{"line":283,"column":50}},"157":{"start":{"line":284,"column":21},"end":{"line":284,"column":53}},"158":{"start":{"line":285,"column":21},"end":{"line":285,"column":53}},"159":{"start":{"line":286,"column":26},"end":{"line":286,"column":28}},"160":{"start":{"line":288,"column":4},"end":{"line":288,"column":62}},"161":{"start":{"line":290,"column":4},"end":{"line":293,"column":5}},"162":{"start":{"line":291,"column":21},"end":{"line":291,"column":37}},"163":{"start":{"line":292,"column":6},"end":{"line":292,"column":53}},"164":{"start":{"line":295,"column":4},"end":{"line":298,"column":5}},"165":{"start":{"line":296,"column":20},"end":{"line":296,"column":36}},"166":{"start":{"line":297,"column":6},"end":{"line":297,"column":52}},"167":{"start":{"line":300,"column":4},"end":{"line":300,"column":44}},"168":{"start":{"line":302,"column":4},"end":{"line":302,"column":96}},"169":{"start":{"line":304,"column":4},"end":{"line":304,"column":24}},"170":{"start":{"line":308,"column":16},"end":{"line":308,"column":33}},"171":{"start":{"line":309,"column":4},"end":{"line":313,"column":5}},"172":{"start":{"line":310,"column":6},"end":{"line":310,"column":55}},"173":{"start":{"line":312,"column":6},"end":{"line":312,"column":70}},"174":{"start":{"line":312,"column":25},"end":{"line":312,"column":70}},"175":{"start":{"line":321,"column":20},"end":{"line":321,"column":57}},"176":{"start":{"line":322,"column":4},"end":{"line":322,"column":74}},"177":{"start":{"line":323,"column":4},"end":{"line":323,"column":68}},"178":{"start":{"line":324,"column":4},"end":{"line":324,"column":60}},"179":{"start":{"line":326,"column":21},"end":{"line":326,"column":23}},"180":{"start":{"line":327,"column":4},"end":{"line":332,"column":6}},"181":{"start":{"line":328,"column":6},"end":{"line":331,"column":8}},"182":{"start":{"line":329,"column":8},"end":{"line":329,"column":33}},"183":{"start":{"line":330,"column":8},"end":{"line":330,"column":28}},"184":{"start":{"line":335,"column":4},"end":{"line":335,"column":32}},"185":{"start":{"line":335,"column":26},"end":{"line":335,"column":32}},"186":{"start":{"line":337,"column":19},"end":{"line":337,"column":53}},"187":{"start":{"line":339,"column":4},"end":{"line":354,"column":5}},"188":{"start":{"line":340,"column":6},"end":{"line":340,"column":71}},"189":{"start":{"line":344,"column":29},"end":{"line":344,"column":55}},"190":{"start":{"line":345,"column":6},"end":{"line":347,"column":8}},"191":{"start":{"line":346,"column":8},"end":{"line":346,"column":58}},"192":{"start":{"line":349,"column":6},"end":{"line":353,"column":8}},"193":{"start":{"line":350,"column":8},"end":{"line":352,"column":9}},"194":{"start":{"line":351,"column":10},"end":{"line":351,"column":38}},"195":{"start":{"line":357,"column":2},"end":{"line":392,"column":3}},"196":{"start":{"line":358,"column":25},"end":{"line":363,"column":5}},"197":{"start":{"line":365,"column":19},"end":{"line":365,"column":47}},"198":{"start":{"line":366,"column":4},"end":{"line":377,"column":6}},"199":{"start":{"line":367,"column":19},"end":{"line":367,"column":33}},"200":{"start":{"line":368,"column":18},"end":{"line":368,"column":30}},"201":{"start":{"line":369,"column":6},"end":{"line":372,"column":7}},"202":{"start":{"line":370,"column":8},"end":{"line":370,"column":36}},"203":{"start":{"line":371,"column":8},"end":{"line":371,"column":38}},"204":{"start":{"line":373,"column":6},"end":{"line":375,"column":8}},"205":{"start":{"line":374,"column":8},"end":{"line":374,"column":35}},"206":{"start":{"line":376,"column":6},"end":{"line":376,"column":37}},"207":{"start":{"line":379,"column":4},"end":{"line":389,"column":6}},"208":{"start":{"line":380,"column":19},"end":{"line":380,"column":33}},"209":{"start":{"line":381,"column":18},"end":{"line":381,"column":30}},"210":{"start":{"line":382,"column":6},"end":{"line":385,"column":7}},"211":{"start":{"line":383,"column":8},"end":{"line":383,"column":36}},"212":{"start":{"line":384,"column":8},"end":{"line":384,"column":38}},"213":{"start":{"line":386,"column":6},"end":{"line":388,"column":8}},"214":{"start":{"line":387,"column":8},"end":{"line":387,"column":35}},"215":{"start":{"line":391,"column":4},"end":{"line":391,"column":23}},"216":{"start":{"line":394,"column":2},"end":{"line":399,"column":3}},"217":{"start":{"line":395,"column":4},"end":{"line":395,"column":17}},"218":{"start":{"line":396,"column":4},"end":{"line":396,"column":17}},"219":{"start":{"line":397,"column":4},"end":{"line":397,"column":30}},"220":{"start":{"line":398,"column":4},"end":{"line":398,"column":15}},"221":{"start":{"line":406,"column":2},"end":{"line":411,"column":3}},"222":{"start":{"line":407,"column":4},"end":{"line":407,"column":15}},"223":{"start":{"line":408,"column":4},"end":{"line":408,"column":30}},"224":{"start":{"line":409,"column":4},"end":{"line":409,"column":30}},"225":{"start":{"line":410,"column":4},"end":{"line":410,"column":42}},"226":{"start":{"line":412,"column":2},"end":{"line":417,"column":3}},"227":{"start":{"line":413,"column":4},"end":{"line":413,"column":30}},"228":{"start":{"line":414,"column":4},"end":{"line":414,"column":30}},"229":{"start":{"line":415,"column":4},"end":{"line":415,"column":42}},"230":{"start":{"line":416,"column":4},"end":{"line":416,"column":22}},"231":{"start":{"line":419,"column":2},"end":{"line":419,"column":13}}},"fnMap":{"0":{"name":"command","decl":{"start":{"line":12,"column":26},"end":{"line":12,"column":33}},"loc":{"start":{"line":12,"column":61},"end":{"line":420,"column":1}},"line":12},"1":{"name":"addHandler","decl":{"start":{"line":17,"column":29},"end":{"line":17,"column":39}},"loc":{"start":{"line":17,"column":90},"end":{"line":83,"column":3}},"line":17},"2":{"name":"(anonymous_2)","decl":{"start":{"line":19,"column":26},"end":{"line":19,"column":27}},"loc":{"start":{"line":19,"column":32},"end":{"line":19,"column":34}},"line":19},"3":{"name":"(anonymous_3)","decl":{"start":{"line":41,"column":26},"end":{"line":41,"column":27}},"loc":{"start":{"line":41,"column":35},"end":{"line":41,"column":63}},"line":41},"4":{"name":"(anonymous_4)","decl":{"start":{"line":45,"column":69},"end":{"line":45,"column":70}},"loc":{"start":{"line":45,"column":76},"end":{"line":51,"column":5}},"line":45},"5":{"name":"(anonymous_5)","decl":{"start":{"line":64,"column":20},"end":{"line":64,"column":21}},"loc":{"start":{"line":64,"column":31},"end":{"line":66,"column":5}},"line":64},"6":{"name":"addDirectory","decl":{"start":{"line":85,"column":31},"end":{"line":85,"column":43}},"loc":{"start":{"line":85,"column":82},"end":{"line":108,"column":3}},"line":85},"7":{"name":"(anonymous_7)","decl":{"start":{"line":92,"column":72},"end":{"line":92,"column":73}},"loc":{"start":{"line":92,"column":77},"end":{"line":92,"column":78}},"line":92},"8":{"name":"visit","decl":{"start":{"line":94,"column":26},"end":{"line":94,"column":31}},"loc":{"start":{"line":94,"column":56},"end":{"line":106,"column":5}},"line":94},"9":{"name":"moduleName","decl":{"start":{"line":112,"column":11},"end":{"line":112,"column":21}},"loc":{"start":{"line":112,"column":28},"end":{"line":116,"column":3}},"line":112},"10":{"name":"commandFromFilename","decl":{"start":{"line":119,"column":11},"end":{"line":119,"column":30}},"loc":{"start":{"line":119,"column":42},"end":{"line":121,"column":3}},"line":119},"11":{"name":"extractDesc","decl":{"start":{"line":123,"column":11},"end":{"line":123,"column":22}},"loc":{"start":{"line":123,"column":29},"end":{"line":129,"column":3}},"line":123},"12":{"name":"parseCommand","decl":{"start":{"line":131,"column":31},"end":{"line":131,"column":43}},"loc":{"start":{"line":131,"column":50},"end":{"line":157,"column":3}},"line":131},"13":{"name":"(anonymous_13)","decl":{"start":{"line":140,"column":25},"end":{"line":140,"column":26}},"loc":{"start":{"line":140,"column":37},"end":{"line":155,"column":5}},"line":140},"14":{"name":"(anonymous_14)","decl":{"start":{"line":159,"column":21},"end":{"line":159,"column":22}},"loc":{"start":{"line":159,"column":27},"end":{"line":159,"column":78}},"line":159},"15":{"name":"(anonymous_15)","decl":{"start":{"line":161,"column":28},"end":{"line":161,"column":29}},"loc":{"start":{"line":161,"column":34},"end":{"line":161,"column":42}},"line":161},"16":{"name":"(anonymous_16)","decl":{"start":{"line":163,"column":27},"end":{"line":163,"column":28}},"loc":{"start":{"line":163,"column":33},"end":{"line":163,"column":49}},"line":163},"17":{"name":"runCommand","decl":{"start":{"line":165,"column":29},"end":{"line":165,"column":39}},"loc":{"start":{"line":165,"column":79},"end":{"line":246,"column":3}},"line":165},"18":{"name":"(anonymous_18)","decl":{"start":{"line":212,"column":50},"end":{"line":212,"column":51}},"loc":{"start":{"line":212,"column":59},"end":{"line":214,"column":7}},"line":212},"19":{"name":"(anonymous_19)","decl":{"start":{"line":230,"column":65},"end":{"line":230,"column":66}},"loc":{"start":{"line":230,"column":99},"end":{"line":232,"column":9}},"line":230},"20":{"name":"shouldUpdateUsage","decl":{"start":{"line":248,"column":11},"end":{"line":248,"column":28}},"loc":{"start":{"line":248,"column":37},"end":{"line":251,"column":3}},"line":248},"21":{"name":"usageFromParentCommandsCommandHandler","decl":{"start":{"line":253,"column":11},"end":{"line":253,"column":48}},"loc":{"start":{"line":253,"column":82},"end":{"line":258,"column":3}},"line":253},"22":{"name":"(anonymous_22)","decl":{"start":{"line":255,"column":37},"end":{"line":255,"column":38}},"loc":{"start":{"line":255,"column":44},"end":{"line":255,"column":78}},"line":255},"23":{"name":"(anonymous_23)","decl":{"start":{"line":260,"column":29},"end":{"line":260,"column":30}},"loc":{"start":{"line":260,"column":46},"end":{"line":278,"column":3}},"line":260},"24":{"name":"(anonymous_24)","decl":{"start":{"line":274,"column":35},"end":{"line":274,"column":36}},"loc":{"start":{"line":274,"column":44},"end":{"line":276,"column":7}},"line":274},"25":{"name":"populatePositionals","decl":{"start":{"line":282,"column":11},"end":{"line":282,"column":30}},"loc":{"start":{"line":282,"column":70},"end":{"line":305,"column":3}},"line":282},"26":{"name":"populatePositional","decl":{"start":{"line":307,"column":11},"end":{"line":307,"column":29}},"loc":{"start":{"line":307,"column":78},"end":{"line":314,"column":3}},"line":307},"27":{"name":"postProcessPositionals","decl":{"start":{"line":318,"column":11},"end":{"line":318,"column":33}},"loc":{"start":{"line":318,"column":70},"end":{"line":355,"column":3}},"line":318},"28":{"name":"(anonymous_28)","decl":{"start":{"line":327,"column":39},"end":{"line":327,"column":40}},"loc":{"start":{"line":327,"column":48},"end":{"line":332,"column":5}},"line":327},"29":{"name":"(anonymous_29)","decl":{"start":{"line":328,"column":29},"end":{"line":328,"column":30}},"loc":{"start":{"line":328,"column":40},"end":{"line":331,"column":7}},"line":328},"30":{"name":"(anonymous_30)","decl":{"start":{"line":345,"column":41},"end":{"line":345,"column":42}},"loc":{"start":{"line":345,"column":50},"end":{"line":347,"column":7}},"line":345},"31":{"name":"(anonymous_31)","decl":{"start":{"line":349,"column":39},"end":{"line":349,"column":40}},"loc":{"start":{"line":349,"column":48},"end":{"line":353,"column":7}},"line":349},"32":{"name":"(anonymous_32)","decl":{"start":{"line":357,"column":27},"end":{"line":357,"column":28}},"loc":{"start":{"line":357,"column":48},"end":{"line":392,"column":3}},"line":357},"33":{"name":"(anonymous_33)","decl":{"start":{"line":366,"column":28},"end":{"line":366,"column":29}},"loc":{"start":{"line":366,"column":35},"end":{"line":377,"column":5}},"line":366},"34":{"name":"(anonymous_34)","decl":{"start":{"line":373,"column":19},"end":{"line":373,"column":20}},"loc":{"start":{"line":373,"column":26},"end":{"line":375,"column":7}},"line":373},"35":{"name":"(anonymous_35)","decl":{"start":{"line":379,"column":28},"end":{"line":379,"column":29}},"loc":{"start":{"line":379,"column":35},"end":{"line":389,"column":5}},"line":379},"36":{"name":"(anonymous_36)","decl":{"start":{"line":386,"column":19},"end":{"line":386,"column":20}},"loc":{"start":{"line":386,"column":26},"end":{"line":388,"column":7}},"line":386},"37":{"name":"(anonymous_37)","decl":{"start":{"line":394,"column":15},"end":{"line":394,"column":16}},"loc":{"start":{"line":394,"column":21},"end":{"line":399,"column":3}},"line":394},"38":{"name":"(anonymous_38)","decl":{"start":{"line":406,"column":16},"end":{"line":406,"column":17}},"loc":{"start":{"line":406,"column":22},"end":{"line":411,"column":3}},"line":406},"39":{"name":"(anonymous_39)","decl":{"start":{"line":412,"column":18},"end":{"line":412,"column":19}},"loc":{"start":{"line":412,"column":24},"end":{"line":417,"column":3}},"line":412}},"branchMap":{"0":{"loc":{"start":{"line":19,"column":14},"end":{"line":19,"column":35}},"type":"binary-expr","locations":[{"start":{"line":19,"column":14},"end":{"line":19,"column":21}},{"start":{"line":19,"column":26},"end":{"line":19,"column":34}}],"line":19},"1":{"loc":{"start":{"line":20,"column":18},"end":{"line":20,"column":35}},"type":"binary-expr","locations":[{"start":{"line":20,"column":18},"end":{"line":20,"column":29}},{"start":{"line":20,"column":33},"end":{"line":20,"column":35}}],"line":20},"2":{"loc":{"start":{"line":21,"column":4},"end":{"line":29,"column":5}},"type":"if","locations":[{"start":{"line":21,"column":4},"end":{"line":29,"column":5}},{"start":{"line":21,"column":4},"end":{"line":29,"column":5}}],"line":21},"3":{"loc":{"start":{"line":24,"column":11},"end":{"line":29,"column":5}},"type":"if","locations":[{"start":{"line":24,"column":11},"end":{"line":29,"column":5}},{"start":{"line":24,"column":11},"end":{"line":29,"column":5}}],"line":24},"4":{"loc":{"start":{"line":25,"column":20},"end":{"line":25,"column":115}},"type":"cond-expr","locations":[{"start":{"line":25,"column":86},"end":{"line":25,"column":97}},{"start":{"line":25,"column":100},"end":{"line":25,"column":115}}],"line":25},"5":{"loc":{"start":{"line":25,"column":21},"end":{"line":25,"column":82}},"type":"binary-expr","locations":[{"start":{"line":25,"column":21},"end":{"line":25,"column":47}},{"start":{"line":25,"column":51},"end":{"line":25,"column":82}}],"line":25},"6":{"loc":{"start":{"line":26,"column":6},"end":{"line":26,"column":71}},"type":"if","locations":[{"start":{"line":26,"column":6},"end":{"line":26,"column":71}},{"start":{"line":26,"column":6},"end":{"line":26,"column":71}}],"line":26},"7":{"loc":{"start":{"line":32,"column":4},"end":{"line":35,"column":5}},"type":"if","locations":[{"start":{"line":32,"column":4},"end":{"line":35,"column":5}},{"start":{"line":32,"column":4},"end":{"line":35,"column":5}}],"line":32},"8":{"loc":{"start":{"line":32,"column":8},"end":{"line":32,"column":95}},"type":"binary-expr","locations":[{"start":{"line":32,"column":8},"end":{"line":32,"column":35}},{"start":{"line":32,"column":39},"end":{"line":32,"column":54}},{"start":{"line":32,"column":58},"end":{"line":32,"column":95}}],"line":32},"9":{"loc":{"start":{"line":46,"column":6},"end":{"line":49,"column":7}},"type":"if","locations":[{"start":{"line":46,"column":6},"end":{"line":49,"column":7}},{"start":{"line":46,"column":6},"end":{"line":49,"column":7}}],"line":46},"10":{"loc":{"start":{"line":54,"column":4},"end":{"line":54,"column":73}},"type":"if","locations":[{"start":{"line":54,"column":4},"end":{"line":54,"column":73}},{"start":{"line":54,"column":4},"end":{"line":54,"column":73}}],"line":54},"11":{"loc":{"start":{"line":54,"column":8},"end":{"line":54,"column":47}},"type":"binary-expr","locations":[{"start":{"line":54,"column":8},"end":{"line":54,"column":34}},{"start":{"line":54,"column":38},"end":{"line":54,"column":47}}],"line":54},"12":{"loc":{"start":{"line":57,"column":4},"end":{"line":61,"column":5}},"type":"if","locations":[{"start":{"line":57,"column":4},"end":{"line":61,"column":5}},{"start":{"line":57,"column":4},"end":{"line":61,"column":5}}],"line":57},"13":{"loc":{"start":{"line":68,"column":4},"end":{"line":70,"column":5}},"type":"if","locations":[{"start":{"line":68,"column":4},"end":{"line":70,"column":5}},{"start":{"line":68,"column":4},"end":{"line":70,"column":5}}],"line":68},"14":{"loc":{"start":{"line":76,"column":15},"end":{"line":76,"column":28}},"type":"binary-expr","locations":[{"start":{"line":76,"column":15},"end":{"line":76,"column":22}},{"start":{"line":76,"column":26},"end":{"line":76,"column":28}}],"line":76},"15":{"loc":{"start":{"line":77,"column":19},"end":{"line":77,"column":36}},"type":"binary-expr","locations":[{"start":{"line":77,"column":19},"end":{"line":77,"column":30}},{"start":{"line":77,"column":34},"end":{"line":77,"column":36}}],"line":77},"16":{"loc":{"start":{"line":82,"column":4},"end":{"line":82,"column":63}},"type":"if","locations":[{"start":{"line":82,"column":4},"end":{"line":82,"column":63}},{"start":{"line":82,"column":4},"end":{"line":82,"column":63}}],"line":82},"17":{"loc":{"start":{"line":86,"column":11},"end":{"line":86,"column":21}},"type":"binary-expr","locations":[{"start":{"line":86,"column":11},"end":{"line":86,"column":15}},{"start":{"line":86,"column":19},"end":{"line":86,"column":21}}],"line":86},"18":{"loc":{"start":{"line":88,"column":4},"end":{"line":88,"column":63}},"type":"if","locations":[{"start":{"line":88,"column":4},"end":{"line":88,"column":63}},{"start":{"line":88,"column":4},"end":{"line":88,"column":63}}],"line":88},"19":{"loc":{"start":{"line":90,"column":4},"end":{"line":90,"column":65}},"type":"if","locations":[{"start":{"line":90,"column":4},"end":{"line":90,"column":65}},{"start":{"line":90,"column":4},"end":{"line":90,"column":65}}],"line":90},"20":{"loc":{"start":{"line":92,"column":24},"end":{"line":92,"column":78}},"type":"cond-expr","locations":[{"start":{"line":92,"column":59},"end":{"line":92,"column":69}},{"start":{"line":92,"column":72},"end":{"line":92,"column":78}}],"line":92},"21":{"loc":{"start":{"line":97,"column":6},"end":{"line":104,"column":7}},"type":"if","locations":[{"start":{"line":97,"column":6},"end":{"line":104,"column":7}},{"start":{"line":97,"column":6},"end":{"line":104,"column":7}}],"line":97},"22":{"loc":{"start":{"line":100,"column":8},"end":{"line":100,"column":58}},"type":"if","locations":[{"start":{"line":100,"column":8},"end":{"line":100,"column":58}},{"start":{"line":100,"column":8},"end":{"line":100,"column":58}}],"line":100},"23":{"loc":{"start":{"line":114,"column":4},"end":{"line":114,"column":82}},"type":"if","locations":[{"start":{"line":114,"column":4},"end":{"line":114,"column":82}},{"start":{"line":114,"column":4},"end":{"line":114,"column":82}}],"line":114},"24":{"loc":{"start":{"line":126,"column":6},"end":{"line":126,"column":76}},"type":"if","locations":[{"start":{"line":126,"column":6},"end":{"line":126,"column":76}},{"start":{"line":126,"column":6},"end":{"line":126,"column":76}}],"line":126},"25":{"loc":{"start":{"line":126,"column":10},"end":{"line":126,"column":63}},"type":"binary-expr","locations":[{"start":{"line":126,"column":10},"end":{"line":126,"column":34}},{"start":{"line":126,"column":38},"end":{"line":126,"column":63}}],"line":126},"26":{"loc":{"start":{"line":143,"column":6},"end":{"line":143,"column":80}},"type":"if","locations":[{"start":{"line":143,"column":6},"end":{"line":143,"column":80}},{"start":{"line":143,"column":6},"end":{"line":143,"column":80}}],"line":143},"27":{"loc":{"start":{"line":143,"column":10},"end":{"line":143,"column":63}},"type":"binary-expr","locations":[{"start":{"line":143,"column":10},"end":{"line":143,"column":30}},{"start":{"line":143,"column":34},"end":{"line":143,"column":63}}],"line":143},"28":{"loc":{"start":{"line":144,"column":6},"end":{"line":154,"column":7}},"type":"if","locations":[{"start":{"line":144,"column":6},"end":{"line":154,"column":7}},{"start":{"line":144,"column":6},"end":{"line":154,"column":7}}],"line":144},"29":{"loc":{"start":{"line":167,"column":27},"end":{"line":167,"column":93}},"type":"binary-expr","locations":[{"start":{"line":167,"column":27},"end":{"line":167,"column":44}},{"start":{"line":167,"column":48},"end":{"line":167,"column":75}},{"start":{"line":167,"column":79},"end":{"line":167,"column":93}}],"line":167},"30":{"loc":{"start":{"line":176,"column":4},"end":{"line":179,"column":5}},"type":"if","locations":[{"start":{"line":176,"column":4},"end":{"line":179,"column":5}},{"start":{"line":176,"column":4},"end":{"line":179,"column":5}}],"line":176},"31":{"loc":{"start":{"line":180,"column":4},"end":{"line":217,"column":5}},"type":"if","locations":[{"start":{"line":180,"column":4},"end":{"line":217,"column":5}},{"start":{"line":180,"column":4},"end":{"line":217,"column":5}}],"line":180},"32":{"loc":{"start":{"line":188,"column":6},"end":{"line":198,"column":7}},"type":"if","locations":[{"start":{"line":188,"column":6},"end":{"line":198,"column":7}},{"start":{"line":188,"column":6},"end":{"line":198,"column":7}}],"line":188},"33":{"loc":{"start":{"line":189,"column":8},"end":{"line":194,"column":9}},"type":"if","locations":[{"start":{"line":189,"column":8},"end":{"line":194,"column":9}},{"start":{"line":189,"column":8},"end":{"line":194,"column":9}}],"line":189},"34":{"loc":{"start":{"line":195,"column":20},"end":{"line":195,"column":137}},"type":"cond-expr","locations":[{"start":{"line":195,"column":33},"end":{"line":195,"column":86}},{"start":{"line":195,"column":89},"end":{"line":195,"column":137}}],"line":195},"35":{"loc":{"start":{"line":200,"column":6},"end":{"line":201,"column":41}},"type":"if","locations":[{"start":{"line":200,"column":6},"end":{"line":201,"column":41}},{"start":{"line":200,"column":6},"end":{"line":201,"column":41}}],"line":200},"36":{"loc":{"start":{"line":200,"column":10},"end":{"line":200,"column":46}},"type":"binary-expr","locations":[{"start":{"line":200,"column":10},"end":{"line":200,"column":20}},{"start":{"line":200,"column":24},"end":{"line":200,"column":46}}],"line":200},"37":{"loc":{"start":{"line":202,"column":11},"end":{"line":217,"column":5}},"type":"if","locations":[{"start":{"line":202,"column":11},"end":{"line":217,"column":5}},{"start":{"line":202,"column":11},"end":{"line":217,"column":5}}],"line":202},"38":{"loc":{"start":{"line":206,"column":6},"end":{"line":211,"column":7}},"type":"if","locations":[{"start":{"line":206,"column":6},"end":{"line":211,"column":7}},{"start":{"line":206,"column":6},"end":{"line":211,"column":7}}],"line":206},"39":{"loc":{"start":{"line":219,"column":4},"end":{"line":221,"column":5}},"type":"if","locations":[{"start":{"line":219,"column":4},"end":{"line":221,"column":5}},{"start":{"line":219,"column":4},"end":{"line":221,"column":5}}],"line":219},"40":{"loc":{"start":{"line":225,"column":4},"end":{"line":225,"column":104}},"type":"if","locations":[{"start":{"line":225,"column":4},"end":{"line":225,"column":104}},{"start":{"line":225,"column":4},"end":{"line":225,"column":104}}],"line":225},"41":{"loc":{"start":{"line":227,"column":4},"end":{"line":236,"column":5}},"type":"if","locations":[{"start":{"line":227,"column":4},"end":{"line":236,"column":5}},{"start":{"line":227,"column":4},"end":{"line":236,"column":5}}],"line":227},"42":{"loc":{"start":{"line":227,"column":8},"end":{"line":227,"column":53}},"type":"binary-expr","locations":[{"start":{"line":227,"column":8},"end":{"line":227,"column":30}},{"start":{"line":227,"column":34},"end":{"line":227,"column":53}}],"line":227},"43":{"loc":{"start":{"line":229,"column":6},"end":{"line":234,"column":7}},"type":"if","locations":[{"start":{"line":229,"column":6},"end":{"line":234,"column":7}},{"start":{"line":229,"column":6},"end":{"line":234,"column":7}}],"line":229},"44":{"loc":{"start":{"line":238,"column":4},"end":{"line":241,"column":5}},"type":"if","locations":[{"start":{"line":238,"column":4},"end":{"line":241,"column":5}},{"start":{"line":238,"column":4},"end":{"line":241,"column":5}}],"line":238},"45":{"loc":{"start":{"line":243,"column":4},"end":{"line":243,"column":74}},"type":"if","locations":[{"start":{"line":243,"column":4},"end":{"line":243,"column":74}},{"start":{"line":243,"column":4},"end":{"line":243,"column":74}}],"line":243},"46":{"loc":{"start":{"line":249,"column":11},"end":{"line":250,"column":54}},"type":"binary-expr","locations":[{"start":{"line":249,"column":11},"end":{"line":249,"column":55}},{"start":{"line":250,"column":6},"end":{"line":250,"column":54}}],"line":249},"47":{"loc":{"start":{"line":254,"column":14},"end":{"line":254,"column":145}},"type":"cond-expr","locations":[{"start":{"line":254,"column":61},"end":{"line":254,"column":119}},{"start":{"line":254,"column":122},"end":{"line":254,"column":145}}],"line":254},"48":{"loc":{"start":{"line":261,"column":4},"end":{"line":269,"column":5}},"type":"if","locations":[{"start":{"line":261,"column":4},"end":{"line":269,"column":5}},{"start":{"line":261,"column":4},"end":{"line":269,"column":5}}],"line":261},"49":{"loc":{"start":{"line":263,"column":28},"end":{"line":264,"column":88}},"type":"cond-expr","locations":[{"start":{"line":264,"column":10},"end":{"line":264,"column":33}},{"start":{"line":264,"column":36},"end":{"line":264,"column":88}}],"line":263},"50":{"loc":{"start":{"line":271,"column":4},"end":{"line":277,"column":5}},"type":"if","locations":[{"start":{"line":271,"column":4},"end":{"line":277,"column":5}},{"start":{"line":271,"column":4},"end":{"line":277,"column":5}}],"line":271},"51":{"loc":{"start":{"line":309,"column":4},"end":{"line":313,"column":5}},"type":"if","locations":[{"start":{"line":309,"column":4},"end":{"line":313,"column":5}},{"start":{"line":309,"column":4},"end":{"line":313,"column":5}}],"line":309},"52":{"loc":{"start":{"line":312,"column":6},"end":{"line":312,"column":70}},"type":"if","locations":[{"start":{"line":312,"column":6},"end":{"line":312,"column":70}},{"start":{"line":312,"column":6},"end":{"line":312,"column":70}}],"line":312},"53":{"loc":{"start":{"line":335,"column":4},"end":{"line":335,"column":32}},"type":"if","locations":[{"start":{"line":335,"column":4},"end":{"line":335,"column":32}},{"start":{"line":335,"column":4},"end":{"line":335,"column":32}}],"line":335},"54":{"loc":{"start":{"line":339,"column":4},"end":{"line":354,"column":5}},"type":"if","locations":[{"start":{"line":339,"column":4},"end":{"line":354,"column":5}},{"start":{"line":339,"column":4},"end":{"line":354,"column":5}}],"line":339},"55":{"loc":{"start":{"line":350,"column":8},"end":{"line":352,"column":9}},"type":"if","locations":[{"start":{"line":350,"column":8},"end":{"line":352,"column":9}},{"start":{"line":350,"column":8},"end":{"line":352,"column":9}}],"line":350},"56":{"loc":{"start":{"line":369,"column":6},"end":{"line":372,"column":7}},"type":"if","locations":[{"start":{"line":369,"column":6},"end":{"line":372,"column":7}},{"start":{"line":369,"column":6},"end":{"line":372,"column":7}}],"line":369},"57":{"loc":{"start":{"line":382,"column":6},"end":{"line":385,"column":7}},"type":"if","locations":[{"start":{"line":382,"column":6},"end":{"line":385,"column":7}},{"start":{"line":382,"column":6},"end":{"line":385,"column":7}}],"line":382}},"s":{"0":1,"1":1,"2":1,"3":1,"4":1,"5":208,"6":208,"7":208,"8":208,"9":164,"10":164,"11":164,"12":164,"13":15,"14":15,"15":149,"16":14,"17":14,"18":3,"19":14,"20":14,"21":150,"22":2,"23":2,"24":148,"25":148,"26":19,"27":148,"28":148,"29":167,"30":12,"31":12,"32":155,"33":148,"34":7,"35":148,"36":12,"37":12,"38":12,"39":148,"40":14,"41":148,"42":141,"43":148,"44":148,"45":12,"46":208,"47":0,"48":0,"49":0,"50":0,"51":0,"52":0,"53":0,"54":0,"55":0,"56":0,"57":0,"58":0,"59":0,"60":0,"61":0,"62":0,"63":0,"64":0,"65":0,"66":0,"67":0,"68":14,"69":25,"70":25,"71":13,"72":1,"73":208,"74":2290,"75":2290,"76":2290,"77":2290,"78":2290,"79":4419,"80":4419,"81":4419,"82":11,"83":4419,"84":2860,"85":1559,"86":2290,"87":208,"88":287,"89":208,"90":34,"91":208,"92":114,"93":208,"94":84,"95":84,"96":84,"97":84,"98":84,"99":84,"100":84,"101":84,"102":84,"103":75,"104":75,"105":84,"106":40,"107":39,"108":37,"109":37,"110":37,"111":2,"112":38,"113":0,"114":38,"115":44,"116":44,"117":44,"118":44,"119":44,"120":1,"121":44,"122":41,"123":79,"124":74,"125":77,"126":72,"127":68,"128":63,"129":63,"130":0,"131":0,"132":0,"133":63,"134":66,"135":58,"136":58,"137":66,"138":66,"139":0,"140":66,"141":81,"142":81,"143":81,"144":4,"145":81,"146":81,"147":208,"148":0,"149":0,"150":0,"151":0,"152":0,"153":0,"154":0,"155":0,"156":74,"157":74,"158":74,"159":74,"160":74,"161":72,"162":35,"163":35,"164":72,"165":15,"166":15,"167":72,"168":72,"169":72,"170":50,"171":50,"172":5,"173":45,"174":42,"175":72,"176":72,"177":72,"178":72,"179":72,"180":72,"181":47,"182":52,"183":52,"184":72,"185":36,"186":36,"187":36,"188":0,"189":36,"190":36,"191":47,"192":36,"193":92,"194":55,"195":208,"196":72,"197":72,"198":72,"199":35,"200":35,"201":35,"202":1,"203":1,"204":35,"205":2,"206":35,"207":72,"208":15,"209":15,"210":15,"211":4,"212":4,"213":15,"214":2,"215":72,"216":208,"217":301,"218":301,"219":301,"220":301,"221":208,"222":41,"223":41,"224":41,"225":41,"226":208,"227":35,"228":35,"229":35,"230":35,"231":208},"f":{"0":208,"1":164,"2":28,"3":19,"4":167,"5":14,"6":0,"7":0,"8":0,"9":0,"10":0,"11":14,"12":2290,"13":4419,"14":287,"15":34,"16":114,"17":84,"18":1,"19":0,"20":81,"21":81,"22":4,"23":0,"24":0,"25":74,"26":50,"27":72,"28":47,"29":52,"30":47,"31":92,"32":72,"33":35,"34":2,"35":15,"36":2,"37":301,"38":41,"39":35},"b":{"0":[164,109],"1":[164,164],"2":[15,149],"3":[14,135],"4":[14,0],"5":[14,12],"6":[3,11],"7":[2,148],"8":[150,20,2],"9":[12,155],"10":[7,141],"11":[148,7],"12":[12,136],"13":[141,7],"14":[148,68],"15":[148,0],"16":[12,136],"17":[0,0],"18":[0,0],"19":[0,0],"20":[0,0],"21":[0,0],"22":[0,0],"23":[0,0],"24":[13,12],"25":[25,13],"26":[11,4408],"27":[4419,13],"28":[2860,1559],"29":[84,10,9],"30":[75,9],"31":[40,44],"32":[37,2],"33":[37,0],"34":[4,33],"35":[0,38],"36":[38,4],"37":[44,0],"38":[44,0],"39":[74,5],"40":[72,5],"41":[63,5],"42":[68,68],"43":[0,63],"44":[58,8],"45":[0,66],"46":[81,81],"47":[5,76],"48":[0,0],"49":[0,0],"50":[0,0],"51":[5,45],"52":[42,3],"53":[36,36],"54":[0,36],"55":[55,37],"56":[1,34],"57":[4,11]},"_coverageSchema":"332fd63041d2c1bcb487cc26dd0d5f7d97098a6c","hash":"ca60bb5695991c9cfe9f90af59267ffe7f67277f","contentHash":"de622e8e0b002c14b594313663a4b741_11.9.0"},"/home/grigorisntousakis/Dropbox/thesis/lya/tst/working/repos/yargs/lib/yerror.js":{"path":"/home/grigorisntousakis/Dropbox/thesis/lya/tst/working/repos/yargs/lib/yerror.js","statementMap":{"0":{"start":{"line":3,"column":2},"end":{"line":3,"column":22}},"1":{"start":{"line":4,"column":2},"end":{"line":4,"column":37}},"2":{"start":{"line":5,"column":2},"end":{"line":5,"column":39}},"3":{"start":{"line":8,"column":0},"end":{"line":8,"column":49}},"4":{"start":{"line":9,"column":0},"end":{"line":9,"column":37}},"5":{"start":{"line":11,"column":0},"end":{"line":11,"column":23}}},"fnMap":{"0":{"name":"YError","decl":{"start":{"line":2,"column":9},"end":{"line":2,"column":15}},"loc":{"start":{"line":2,"column":22},"end":{"line":6,"column":1}},"line":2}},"branchMap":{"0":{"loc":{"start":{"line":4,"column":17},"end":{"line":4,"column":37}},"type":"binary-expr","locations":[{"start":{"line":4,"column":17},"end":{"line":4,"column":20}},{"start":{"line":4,"column":24},"end":{"line":4,"column":37}}],"line":4}},"s":{"0":12,"1":12,"2":12,"3":1,"4":1,"5":1},"f":{"0":12},"b":{"0":[12,0]},"_coverageSchema":"332fd63041d2c1bcb487cc26dd0d5f7d97098a6c","hash":"b2ab866b6d0d4d6bd936faa270de96de0dbe67a1","contentHash":"4161ef16db8b90e49c421d6a55ac6db2_11.9.0"},"/home/grigorisntousakis/Dropbox/thesis/lya/tst/working/repos/yargs/index.js":{"path":"/home/grigorisntousakis/Dropbox/thesis/lya/tst/working/repos/yargs/index.js","statementMap":{"0":{"start":{"line":5,"column":14},"end":{"line":5,"column":32}},"1":{"start":{"line":7,"column":0},"end":{"line":7,"column":27}},"2":{"start":{"line":9,"column":0},"end":{"line":9,"column":21}},"3":{"start":{"line":12,"column":15},"end":{"line":12,"column":47}},"4":{"start":{"line":13,"column":2},"end":{"line":13,"column":20}},"5":{"start":{"line":14,"column":2},"end":{"line":14,"column":13}},"6":{"start":{"line":25,"column":2},"end":{"line":31,"column":4}},"7":{"start":{"line":26,"column":4},"end":{"line":30,"column":5}},"8":{"start":{"line":27,"column":6},"end":{"line":27,"column":60}},"9":{"start":{"line":29,"column":6},"end":{"line":29,"column":84}}},"fnMap":{"0":{"name":"Argv","decl":{"start":{"line":11,"column":9},"end":{"line":11,"column":13}},"loc":{"start":{"line":11,"column":33},"end":{"line":15,"column":1}},"line":11},"1":{"name":"singletonify","decl":{"start":{"line":24,"column":9},"end":{"line":24,"column":21}},"loc":{"start":{"line":24,"column":29},"end":{"line":32,"column":1}},"line":24},"2":{"name":"(anonymous_2)","decl":{"start":{"line":25,"column":28},"end":{"line":25,"column":29}},"loc":{"start":{"line":25,"column":37},"end":{"line":31,"column":3}},"line":25}},"branchMap":{"0":{"loc":{"start":{"line":26,"column":4},"end":{"line":30,"column":5}},"type":"if","locations":[{"start":{"line":26,"column":4},"end":{"line":30,"column":5}},{"start":{"line":26,"column":4},"end":{"line":30,"column":5}}],"line":26},"1":{"loc":{"start":{"line":29,"column":18},"end":{"line":29,"column":84}},"type":"cond-expr","locations":[{"start":{"line":29,"column":52},"end":{"line":29,"column":72}},{"start":{"line":29,"column":75},"end":{"line":29,"column":84}}],"line":29}},"s":{"0":1,"1":1,"2":1,"3":207,"4":207,"5":207,"6":207,"7":16560,"8":207,"9":16353},"f":{"0":207,"1":207,"2":16560},"b":{"0":[207,16353],"1":[15939,414]},"_coverageSchema":"332fd63041d2c1bcb487cc26dd0d5f7d97098a6c","hash":"abd9df353853fd83c20134ddf88406cca56cdf3c","contentHash":"74a85fe017cf4494c620da0ed581b6e4_11.9.0"},"/home/grigorisntousakis/Dropbox/thesis/lya/tst/working/repos/yargs/yargs.js":{"path":"/home/grigorisntousakis/Dropbox/thesis/lya/tst/working/repos/yargs/yargs.js","statementMap":{"0":{"start":{"line":2,"column":16},"end":{"line":2,"column":40}},"1":{"start":{"line":3,"column":11},"end":{"line":3,"column":24}},"2":{"start":{"line":4,"column":16},"end":{"line":4,"column":40}},"3":{"start":{"line":5,"column":19},"end":{"line":5,"column":46}},"4":{"start":{"line":6,"column":15},"end":{"line":6,"column":38}},"5":{"start":{"line":7,"column":13},"end":{"line":7,"column":28}},"6":{"start":{"line":8,"column":14},"end":{"line":8,"column":36}},"7":{"start":{"line":9,"column":19},"end":{"line":9,"column":46}},"8":{"start":{"line":10,"column":13},"end":{"line":10,"column":28}},"9":{"start":{"line":11,"column":18},"end":{"line":11,"column":45}},"10":{"start":{"line":12,"column":20},"end":{"line":12,"column":43}},"11":{"start":{"line":13,"column":21},"end":{"line":13,"column":51}},"12":{"start":{"line":14,"column":15},"end":{"line":14,"column":38}},"13":{"start":{"line":16,"column":0},"end":{"line":16,"column":32}},"14":{"start":{"line":18,"column":2},"end":{"line":18,"column":33}},"15":{"start":{"line":20,"column":15},"end":{"line":20,"column":17}},"16":{"start":{"line":21,"column":16},"end":{"line":21,"column":20}},"17":{"start":{"line":22,"column":19},"end":{"line":22,"column":23}},"18":{"start":{"line":23,"column":15},"end":{"line":23,"column":17}},"19":{"start":{"line":24,"column":15},"end":{"line":24,"column":17}},"20":{"start":{"line":25,"column":24},"end":{"line":25,"column":26}},"21":{"start":{"line":26,"column":14},"end":{"line":26,"column":18}},"22":{"start":{"line":27,"column":19},"end":{"line":27,"column":23}},"23":{"start":{"line":29,"column":15},"end":{"line":32,"column":4}},"24":{"start":{"line":34,"column":2},"end":{"line":34,"column":31}},"25":{"start":{"line":34,"column":12},"end":{"line":34,"column":31}},"26":{"start":{"line":36,"column":2},"end":{"line":45,"column":21}},"27":{"start":{"line":41,"column":6},"end":{"line":41,"column":61}},"28":{"start":{"line":41,"column":55},"end":{"line":41,"column":61}},"29":{"start":{"line":42,"column":16},"end":{"line":42,"column":30}},"30":{"start":{"line":43,"column":6},"end":{"line":43,"column":75}},"31":{"start":{"line":47,"column":2},"end":{"line":51,"column":3}},"32":{"start":{"line":48,"column":4},"end":{"line":50,"column":5}},"33":{"start":{"line":55,"column":18},"end":{"line":55,"column":75}},"34":{"start":{"line":56,"column":2},"end":{"line":56,"column":33}},"35":{"start":{"line":56,"column":26},"end":{"line":56,"column":33}},"36":{"start":{"line":62,"column":2},"end":{"line":129,"column":3}},"37":{"start":{"line":63,"column":4},"end":{"line":63,"column":20}},"38":{"start":{"line":64,"column":4},"end":{"line":64,"column":27}},"39":{"start":{"line":65,"column":4},"end":{"line":65,"column":27}},"40":{"start":{"line":69,"column":23},"end":{"line":69,"column":25}},"41":{"start":{"line":70,"column":4},"end":{"line":70,"column":57}},"42":{"start":{"line":71,"column":4},"end":{"line":71,"column":81}},"43":{"start":{"line":75,"column":24},"end":{"line":75,"column":26}},"44":{"start":{"line":76,"column":4},"end":{"line":81,"column":6}},"45":{"start":{"line":77,"column":6},"end":{"line":78,"column":7}},"46":{"start":{"line":78,"column":7},"end":{"line":80,"column":8}},"47":{"start":{"line":79,"column":8},"end":{"line":79,"column":29}},"48":{"start":{"line":84,"column":4},"end":{"line":90,"column":10}},"49":{"start":{"line":85,"column":19},"end":{"line":85,"column":73}},"50":{"start":{"line":85,"column":51},"end":{"line":85,"column":72}},"51":{"start":{"line":86,"column":6},"end":{"line":88,"column":7}},"52":{"start":{"line":87,"column":8},"end":{"line":87,"column":29}},"53":{"start":{"line":89,"column":6},"end":{"line":89,"column":16}},"54":{"start":{"line":92,"column":4},"end":{"line":92,"column":15}},"55":{"start":{"line":94,"column":25},"end":{"line":97,"column":5}},"56":{"start":{"line":99,"column":26},"end":{"line":102,"column":5}},"57":{"start":{"line":104,"column":4},"end":{"line":106,"column":6}},"58":{"start":{"line":105,"column":6},"end":{"line":105,"column":69}},"59":{"start":{"line":105,"column":53},"end":{"line":105,"column":68}},"60":{"start":{"line":108,"column":4},"end":{"line":110,"column":6}},"61":{"start":{"line":109,"column":6},"end":{"line":109,"column":70}},"62":{"start":{"line":109,"column":54},"end":{"line":109,"column":69}},"63":{"start":{"line":112,"column":4},"end":{"line":112,"column":44}},"64":{"start":{"line":113,"column":4},"end":{"line":113,"column":24}},"65":{"start":{"line":117,"column":4},"end":{"line":117,"column":64}},"66":{"start":{"line":118,"column":4},"end":{"line":118,"column":91}},"67":{"start":{"line":119,"column":4},"end":{"line":119,"column":74}},"68":{"start":{"line":120,"column":4},"end":{"line":120,"column":66}},"69":{"start":{"line":120,"column":21},"end":{"line":120,"column":66}},"70":{"start":{"line":122,"column":4},"end":{"line":122,"column":28}},"71":{"start":{"line":123,"column":4},"end":{"line":123,"column":15}},"72":{"start":{"line":124,"column":4},"end":{"line":124,"column":20}},"73":{"start":{"line":125,"column":4},"end":{"line":125,"column":21}},"74":{"start":{"line":126,"column":4},"end":{"line":126,"column":23}},"75":{"start":{"line":128,"column":4},"end":{"line":128,"column":15}},"76":{"start":{"line":130,"column":2},"end":{"line":130,"column":21}},"77":{"start":{"line":135,"column":4},"end":{"line":135,"column":15}},"78":{"start":{"line":136,"column":4},"end":{"line":136,"column":28}},"79":{"start":{"line":137,"column":4},"end":{"line":137,"column":57}},"80":{"start":{"line":138,"column":4},"end":{"line":138,"column":36}},"81":{"start":{"line":139,"column":4},"end":{"line":139,"column":26}},"82":{"start":{"line":140,"column":4},"end":{"line":140,"column":18}},"83":{"start":{"line":141,"column":4},"end":{"line":141,"column":23}},"84":{"start":{"line":142,"column":4},"end":{"line":142,"column":20}},"85":{"start":{"line":143,"column":4},"end":{"line":143,"column":26}},"86":{"start":{"line":144,"column":4},"end":{"line":144,"column":48}},"87":{"start":{"line":145,"column":4},"end":{"line":145,"column":26}},"88":{"start":{"line":146,"column":4},"end":{"line":146,"column":32}},"89":{"start":{"line":147,"column":4},"end":{"line":147,"column":32}},"90":{"start":{"line":148,"column":4},"end":{"line":148,"column":31}},"91":{"start":{"line":151,"column":4},"end":{"line":151,"column":28}},"92":{"start":{"line":152,"column":4},"end":{"line":152,"column":48}},"93":{"start":{"line":153,"column":4},"end":{"line":153,"column":36}},"94":{"start":{"line":154,"column":4},"end":{"line":154,"column":26}},"95":{"start":{"line":155,"column":4},"end":{"line":155,"column":26}},"96":{"start":{"line":156,"column":4},"end":{"line":156,"column":32}},"97":{"start":{"line":157,"column":4},"end":{"line":157,"column":32}},"98":{"start":{"line":158,"column":4},"end":{"line":158,"column":31}},"99":{"start":{"line":159,"column":4},"end":{"line":159,"column":20}},"100":{"start":{"line":160,"column":4},"end":{"line":160,"column":25}},"101":{"start":{"line":161,"column":4},"end":{"line":161,"column":22}},"102":{"start":{"line":162,"column":4},"end":{"line":162,"column":26}},"103":{"start":{"line":163,"column":4},"end":{"line":163,"column":48}},"104":{"start":{"line":164,"column":4},"end":{"line":164,"column":18}},"105":{"start":{"line":165,"column":4},"end":{"line":165,"column":23}},"106":{"start":{"line":166,"column":4},"end":{"line":166,"column":22}},"107":{"start":{"line":169,"column":2},"end":{"line":173,"column":3}},"108":{"start":{"line":170,"column":4},"end":{"line":170,"column":55}},"109":{"start":{"line":171,"column":4},"end":{"line":171,"column":44}},"110":{"start":{"line":172,"column":4},"end":{"line":172,"column":15}},"111":{"start":{"line":175,"column":2},"end":{"line":179,"column":3}},"112":{"start":{"line":176,"column":4},"end":{"line":176,"column":55}},"113":{"start":{"line":177,"column":4},"end":{"line":177,"column":42}},"114":{"start":{"line":178,"column":4},"end":{"line":178,"column":15}},"115":{"start":{"line":181,"column":2},"end":{"line":185,"column":3}},"116":{"start":{"line":182,"column":4},"end":{"line":182,"column":55}},"117":{"start":{"line":183,"column":4},"end":{"line":183,"column":43}},"118":{"start":{"line":184,"column":4},"end":{"line":184,"column":15}},"119":{"start":{"line":187,"column":2},"end":{"line":191,"column":3}},"120":{"start":{"line":188,"column":4},"end":{"line":188,"column":55}},"121":{"start":{"line":189,"column":4},"end":{"line":189,"column":46}},"122":{"start":{"line":190,"column":4},"end":{"line":190,"column":15}},"123":{"start":{"line":193,"column":2},"end":{"line":197,"column":3}},"124":{"start":{"line":194,"column":4},"end":{"line":194,"column":55}},"125":{"start":{"line":195,"column":4},"end":{"line":195,"column":42}},"126":{"start":{"line":196,"column":4},"end":{"line":196,"column":15}},"127":{"start":{"line":199,"column":2},"end":{"line":203,"column":3}},"128":{"start":{"line":200,"column":4},"end":{"line":200,"column":55}},"129":{"start":{"line":201,"column":4},"end":{"line":201,"column":43}},"130":{"start":{"line":202,"column":4},"end":{"line":202,"column":15}},"131":{"start":{"line":205,"column":2},"end":{"line":209,"column":3}},"132":{"start":{"line":206,"column":4},"end":{"line":206,"column":55}},"133":{"start":{"line":207,"column":4},"end":{"line":207,"column":48}},"134":{"start":{"line":208,"column":4},"end":{"line":208,"column":15}},"135":{"start":{"line":211,"column":2},"end":{"line":215,"column":3}},"136":{"start":{"line":212,"column":4},"end":{"line":212,"column":55}},"137":{"start":{"line":213,"column":4},"end":{"line":213,"column":51}},"138":{"start":{"line":214,"column":4},"end":{"line":214,"column":15}},"139":{"start":{"line":218,"column":4},"end":{"line":218,"column":26}},"140":{"start":{"line":219,"column":4},"end":{"line":221,"column":6}},"141":{"start":{"line":220,"column":6},"end":{"line":220,"column":29}},"142":{"start":{"line":224,"column":2},"end":{"line":228,"column":3}},"143":{"start":{"line":225,"column":4},"end":{"line":225,"column":77}},"144":{"start":{"line":226,"column":4},"end":{"line":226,"column":67}},"145":{"start":{"line":227,"column":4},"end":{"line":227,"column":15}},"146":{"start":{"line":230,"column":2},"end":{"line":234,"column":3}},"147":{"start":{"line":231,"column":4},"end":{"line":231,"column":83}},"148":{"start":{"line":232,"column":4},"end":{"line":232,"column":71}},"149":{"start":{"line":233,"column":4},"end":{"line":233,"column":15}},"150":{"start":{"line":236,"column":2},"end":{"line":240,"column":3}},"151":{"start":{"line":237,"column":4},"end":{"line":237,"column":83}},"152":{"start":{"line":238,"column":4},"end":{"line":238,"column":67}},"153":{"start":{"line":239,"column":4},"end":{"line":239,"column":15}},"154":{"start":{"line":243,"column":2},"end":{"line":252,"column":3}},"155":{"start":{"line":244,"column":4},"end":{"line":244,"column":101}},"156":{"start":{"line":245,"column":4},"end":{"line":245,"column":80}},"157":{"start":{"line":245,"column":28},"end":{"line":245,"column":80}},"158":{"start":{"line":246,"column":4},"end":{"line":249,"column":5}},"159":{"start":{"line":247,"column":6},"end":{"line":247,"column":110}},"160":{"start":{"line":247,"column":44},"end":{"line":247,"column":110}},"161":{"start":{"line":248,"column":6},"end":{"line":248,"column":26}},"162":{"start":{"line":250,"column":4},"end":{"line":250,"column":72}},"163":{"start":{"line":251,"column":4},"end":{"line":251,"column":15}},"164":{"start":{"line":254,"column":2},"end":{"line":259,"column":3}},"165":{"start":{"line":255,"column":4},"end":{"line":255,"column":76}},"166":{"start":{"line":256,"column":4},"end":{"line":256,"column":68}},"167":{"start":{"line":257,"column":4},"end":{"line":257,"column":29}},"168":{"start":{"line":258,"column":4},"end":{"line":258,"column":15}},"169":{"start":{"line":261,"column":2},"end":{"line":265,"column":3}},"170":{"start":{"line":262,"column":4},"end":{"line":262,"column":76}},"171":{"start":{"line":263,"column":4},"end":{"line":263,"column":84}},"172":{"start":{"line":264,"column":4},"end":{"line":264,"column":15}},"173":{"start":{"line":267,"column":2},"end":{"line":271,"column":3}},"174":{"start":{"line":268,"column":4},"end":{"line":268,"column":80}},"175":{"start":{"line":269,"column":4},"end":{"line":269,"column":71}},"176":{"start":{"line":270,"column":4},"end":{"line":270,"column":15}},"177":{"start":{"line":274,"column":4},"end":{"line":293,"column":5}},"178":{"start":{"line":276,"column":19},"end":{"line":276,"column":21}},"179":{"start":{"line":277,"column":6},"end":{"line":279,"column":8}},"180":{"start":{"line":278,"column":8},"end":{"line":278,"column":23}},"181":{"start":{"line":280,"column":6},"end":{"line":280,"column":19}},"182":{"start":{"line":281,"column":11},"end":{"line":293,"column":5}},"183":{"start":{"line":283,"column":6},"end":{"line":285,"column":8}},"184":{"start":{"line":284,"column":8},"end":{"line":284,"column":26}},"185":{"start":{"line":288,"column":6},"end":{"line":292,"column":7}},"186":{"start":{"line":289,"column":8},"end":{"line":289,"column":69}},"187":{"start":{"line":291,"column":8},"end":{"line":291,"column":34}},"188":{"start":{"line":299,"column":4},"end":{"line":306,"column":6}},"189":{"start":{"line":300,"column":19},"end":{"line":300,"column":35}},"190":{"start":{"line":301,"column":6},"end":{"line":305,"column":7}},"191":{"start":{"line":302,"column":8},"end":{"line":302,"column":77}},"192":{"start":{"line":302,"column":38},"end":{"line":302,"column":77}},"193":{"start":{"line":303,"column":13},"end":{"line":305,"column":7}},"194":{"start":{"line":304,"column":8},"end":{"line":304,"column":30}},"195":{"start":{"line":308,"column":4},"end":{"line":308,"column":45}},"196":{"start":{"line":311,"column":2},"end":{"line":333,"column":3}},"197":{"start":{"line":312,"column":4},"end":{"line":312,"column":98}},"198":{"start":{"line":314,"column":4},"end":{"line":318,"column":5}},"199":{"start":{"line":315,"column":6},"end":{"line":315,"column":34}},"200":{"start":{"line":316,"column":6},"end":{"line":316,"column":71}},"201":{"start":{"line":317,"column":6},"end":{"line":317,"column":17}},"202":{"start":{"line":321,"column":4},"end":{"line":324,"column":5}},"203":{"start":{"line":322,"column":6},"end":{"line":322,"column":19}},"204":{"start":{"line":323,"column":6},"end":{"line":323,"column":16}},"205":{"start":{"line":326,"column":4},"end":{"line":326,"column":25}},"206":{"start":{"line":327,"column":4},"end":{"line":328,"column":5}},"207":{"start":{"line":328,"column":5},"end":{"line":330,"column":6}},"208":{"start":{"line":329,"column":6},"end":{"line":329,"column":41}},"209":{"start":{"line":332,"column":4},"end":{"line":332,"column":15}},"210":{"start":{"line":335,"column":2},"end":{"line":339,"column":3}},"211":{"start":{"line":336,"column":4},"end":{"line":336,"column":70}},"212":{"start":{"line":337,"column":4},"end":{"line":337,"column":35}},"213":{"start":{"line":338,"column":4},"end":{"line":338,"column":15}},"214":{"start":{"line":341,"column":2},"end":{"line":345,"column":3}},"215":{"start":{"line":342,"column":4},"end":{"line":342,"column":159}},"216":{"start":{"line":343,"column":4},"end":{"line":343,"column":71}},"217":{"start":{"line":344,"column":4},"end":{"line":344,"column":15}},"218":{"start":{"line":347,"column":2},"end":{"line":352,"column":3}},"219":{"start":{"line":348,"column":4},"end":{"line":348,"column":63}},"220":{"start":{"line":349,"column":16},"end":{"line":349,"column":40}},"221":{"start":{"line":350,"column":4},"end":{"line":350,"column":89}},"222":{"start":{"line":351,"column":4},"end":{"line":351,"column":15}},"223":{"start":{"line":356,"column":2},"end":{"line":385,"column":3}},"224":{"start":{"line":360,"column":4},"end":{"line":368,"column":5}},"225":{"start":{"line":361,"column":6},"end":{"line":363,"column":8}},"226":{"start":{"line":362,"column":8},"end":{"line":362,"column":35}},"227":{"start":{"line":364,"column":6},"end":{"line":364,"column":20}},"228":{"start":{"line":365,"column":11},"end":{"line":368,"column":5}},"229":{"start":{"line":366,"column":6},"end":{"line":366,"column":15}},"230":{"start":{"line":367,"column":6},"end":{"line":367,"column":20}},"231":{"start":{"line":370,"column":4},"end":{"line":382,"column":5}},"232":{"start":{"line":371,"column":6},"end":{"line":371,"column":45}},"233":{"start":{"line":372,"column":11},"end":{"line":382,"column":5}},"234":{"start":{"line":373,"column":6},"end":{"line":375,"column":8}},"235":{"start":{"line":374,"column":8},"end":{"line":374,"column":35}},"236":{"start":{"line":377,"column":6},"end":{"line":381,"column":7}},"237":{"start":{"line":378,"column":8},"end":{"line":378,"column":36}},"238":{"start":{"line":379,"column":13},"end":{"line":381,"column":7}},"239":{"start":{"line":380,"column":8},"end":{"line":380,"column":31}},"240":{"start":{"line":384,"column":4},"end":{"line":384,"column":15}},"241":{"start":{"line":387,"column":2},"end":{"line":407,"column":3}},"242":{"start":{"line":388,"column":4},"end":{"line":388,"column":133}},"243":{"start":{"line":390,"column":4},"end":{"line":390,"column":43}},"244":{"start":{"line":390,"column":36},"end":{"line":390,"column":43}},"245":{"start":{"line":392,"column":4},"end":{"line":395,"column":5}},"246":{"start":{"line":393,"column":6},"end":{"line":393,"column":18}},"247":{"start":{"line":394,"column":6},"end":{"line":394,"column":20}},"248":{"start":{"line":397,"column":4},"end":{"line":397,"column":27}},"249":{"start":{"line":399,"column":4},"end":{"line":404,"column":5}},"250":{"start":{"line":406,"column":4},"end":{"line":406,"column":15}},"251":{"start":{"line":409,"column":2},"end":{"line":412,"column":3}},"252":{"start":{"line":410,"column":4},"end":{"line":410,"column":18}},"253":{"start":{"line":411,"column":4},"end":{"line":411,"column":34}},"254":{"start":{"line":414,"column":2},"end":{"line":417,"column":3}},"255":{"start":{"line":415,"column":4},"end":{"line":415,"column":18}},"256":{"start":{"line":416,"column":4},"end":{"line":416,"column":35}},"257":{"start":{"line":419,"column":2},"end":{"line":423,"column":3}},"258":{"start":{"line":420,"column":4},"end":{"line":420,"column":84}},"259":{"start":{"line":421,"column":4},"end":{"line":421,"column":34}},"260":{"start":{"line":422,"column":4},"end":{"line":422,"column":15}},"261":{"start":{"line":425,"column":2},"end":{"line":429,"column":3}},"262":{"start":{"line":426,"column":4},"end":{"line":426,"column":77}},"263":{"start":{"line":427,"column":4},"end":{"line":427,"column":36}},"264":{"start":{"line":428,"column":4},"end":{"line":428,"column":15}},"265":{"start":{"line":431,"column":2},"end":{"line":446,"column":3}},"266":{"start":{"line":432,"column":4},"end":{"line":432,"column":140}},"267":{"start":{"line":434,"column":4},"end":{"line":445,"column":5}},"268":{"start":{"line":437,"column":6},"end":{"line":441,"column":7}},"269":{"start":{"line":438,"column":8},"end":{"line":438,"column":63}},"270":{"start":{"line":440,"column":8},"end":{"line":440,"column":105}},"271":{"start":{"line":443,"column":6},"end":{"line":443,"column":22}},"272":{"start":{"line":444,"column":6},"end":{"line":444,"column":17}},"273":{"start":{"line":448,"column":2},"end":{"line":452,"column":3}},"274":{"start":{"line":449,"column":4},"end":{"line":449,"column":48}},"275":{"start":{"line":450,"column":4},"end":{"line":450,"column":21}},"276":{"start":{"line":451,"column":4},"end":{"line":451,"column":15}},"277":{"start":{"line":454,"column":2},"end":{"line":458,"column":3}},"278":{"start":{"line":455,"column":4},"end":{"line":455,"column":48}},"279":{"start":{"line":456,"column":4},"end":{"line":456,"column":19}},"280":{"start":{"line":457,"column":4},"end":{"line":457,"column":15}},"281":{"start":{"line":460,"column":2},"end":{"line":464,"column":3}},"282":{"start":{"line":461,"column":4},"end":{"line":461,"column":67}},"283":{"start":{"line":462,"column":4},"end":{"line":462,"column":42}},"284":{"start":{"line":463,"column":4},"end":{"line":463,"column":15}},"285":{"start":{"line":466,"column":2},"end":{"line":477,"column":3}},"286":{"start":{"line":467,"column":4},"end":{"line":467,"column":76}},"287":{"start":{"line":468,"column":4},"end":{"line":468,"column":32}},"288":{"start":{"line":469,"column":4},"end":{"line":475,"column":5}},"289":{"start":{"line":470,"column":6},"end":{"line":470,"column":74}},"290":{"start":{"line":470,"column":48},"end":{"line":470,"column":73}},"291":{"start":{"line":472,"column":6},"end":{"line":474,"column":8}},"292":{"start":{"line":473,"column":8},"end":{"line":473,"column":66}},"293":{"start":{"line":473,"column":45},"end":{"line":473,"column":66}},"294":{"start":{"line":476,"column":4},"end":{"line":476,"column":15}},"295":{"start":{"line":479,"column":2},"end":{"line":494,"column":3}},"296":{"start":{"line":480,"column":4},"end":{"line":480,"column":63}},"297":{"start":{"line":481,"column":15},"end":{"line":481,"column":19}},"298":{"start":{"line":485,"column":16},"end":{"line":485,"column":34}},"299":{"start":{"line":488,"column":4},"end":{"line":491,"column":5}},"300":{"start":{"line":489,"column":6},"end":{"line":489,"column":48}},"301":{"start":{"line":490,"column":6},"end":{"line":490,"column":72}},"302":{"start":{"line":493,"column":4},"end":{"line":493,"column":15}},"303":{"start":{"line":496,"column":15},"end":{"line":496,"column":17}},"304":{"start":{"line":498,"column":18},"end":{"line":498,"column":29}},"305":{"start":{"line":499,"column":4},"end":{"line":499,"column":39}},"306":{"start":{"line":499,"column":21},"end":{"line":499,"column":39}},"307":{"start":{"line":500,"column":19},"end":{"line":500,"column":37}},"308":{"start":{"line":502,"column":14},"end":{"line":502,"column":16}},"309":{"start":{"line":503,"column":4},"end":{"line":509,"column":21}},"310":{"start":{"line":504,"column":26},"end":{"line":507,"column":8}},"311":{"start":{"line":508,"column":6},"end":{"line":508,"column":52}},"312":{"start":{"line":511,"column":4},"end":{"line":511,"column":27}},"313":{"start":{"line":512,"column":4},"end":{"line":512,"column":22}},"314":{"start":{"line":515,"column":16},"end":{"line":515,"column":20}},"315":{"start":{"line":516,"column":21},"end":{"line":516,"column":25}},"316":{"start":{"line":517,"column":2},"end":{"line":547,"column":3}},"317":{"start":{"line":518,"column":4},"end":{"line":518,"column":116}},"318":{"start":{"line":519,"column":4},"end":{"line":519,"column":55}},"319":{"start":{"line":519,"column":37},"end":{"line":519,"column":55}},"320":{"start":{"line":523,"column":4},"end":{"line":526,"column":5}},"321":{"start":{"line":524,"column":6},"end":{"line":524,"column":33}},"322":{"start":{"line":525,"column":6},"end":{"line":525,"column":29}},"323":{"start":{"line":531,"column":4},"end":{"line":534,"column":5}},"324":{"start":{"line":532,"column":6},"end":{"line":532,"column":28}},"325":{"start":{"line":533,"column":6},"end":{"line":533,"column":25}},"326":{"start":{"line":537,"column":4},"end":{"line":537,"column":41}},"327":{"start":{"line":537,"column":23},"end":{"line":537,"column":41}},"328":{"start":{"line":539,"column":4},"end":{"line":539,"column":12}},"329":{"start":{"line":540,"column":4},"end":{"line":540,"column":36}},"330":{"start":{"line":540,"column":17},"end":{"line":540,"column":36}},"331":{"start":{"line":542,"column":19},"end":{"line":542,"column":54}},"332":{"start":{"line":543,"column":4},"end":{"line":543,"column":51}},"333":{"start":{"line":543,"column":17},"end":{"line":543,"column":51}},"334":{"start":{"line":544,"column":4},"end":{"line":544,"column":14}},"335":{"start":{"line":546,"column":4},"end":{"line":546,"column":17}},"336":{"start":{"line":549,"column":2},"end":{"line":549,"column":50}},"337":{"start":{"line":549,"column":32},"end":{"line":549,"column":50}},"338":{"start":{"line":551,"column":2},"end":{"line":551,"column":42}},"339":{"start":{"line":551,"column":33},"end":{"line":551,"column":42}},"340":{"start":{"line":553,"column":2},"end":{"line":662,"column":3}},"341":{"start":{"line":554,"column":4},"end":{"line":554,"column":69}},"342":{"start":{"line":555,"column":4},"end":{"line":659,"column":5}},"343":{"start":{"line":556,"column":6},"end":{"line":558,"column":8}},"344":{"start":{"line":557,"column":8},"end":{"line":557,"column":31}},"345":{"start":{"line":560,"column":6},"end":{"line":562,"column":7}},"346":{"start":{"line":561,"column":8},"end":{"line":561,"column":16}},"347":{"start":{"line":564,"column":6},"end":{"line":564,"column":29}},"348":{"start":{"line":566,"column":6},"end":{"line":566,"column":47}},"349":{"start":{"line":566,"column":21},"end":{"line":566,"column":47}},"350":{"start":{"line":568,"column":21},"end":{"line":568,"column":62}},"351":{"start":{"line":571,"column":6},"end":{"line":573,"column":7}},"352":{"start":{"line":572,"column":8},"end":{"line":572,"column":32}},"353":{"start":{"line":575,"column":6},"end":{"line":577,"column":7}},"354":{"start":{"line":576,"column":8},"end":{"line":576,"column":99}},"355":{"start":{"line":579,"column":6},"end":{"line":581,"column":7}},"356":{"start":{"line":580,"column":8},"end":{"line":580,"column":42}},"357":{"start":{"line":583,"column":6},"end":{"line":585,"column":7}},"358":{"start":{"line":584,"column":8},"end":{"line":584,"column":38}},"359":{"start":{"line":587,"column":6},"end":{"line":589,"column":7}},"360":{"start":{"line":588,"column":8},"end":{"line":588,"column":38}},"361":{"start":{"line":591,"column":6},"end":{"line":593,"column":7}},"362":{"start":{"line":592,"column":8},"end":{"line":592,"column":34}},"363":{"start":{"line":595,"column":6},"end":{"line":597,"column":7}},"364":{"start":{"line":596,"column":8},"end":{"line":596,"column":42}},"365":{"start":{"line":599,"column":6},"end":{"line":601,"column":7}},"366":{"start":{"line":600,"column":8},"end":{"line":600,"column":27}},"367":{"start":{"line":603,"column":6},"end":{"line":605,"column":7}},"368":{"start":{"line":604,"column":8},"end":{"line":604,"column":38}},"369":{"start":{"line":607,"column":6},"end":{"line":609,"column":7}},"370":{"start":{"line":608,"column":8},"end":{"line":608,"column":36}},"371":{"start":{"line":611,"column":6},"end":{"line":613,"column":7}},"372":{"start":{"line":612,"column":8},"end":{"line":612,"column":34}},"373":{"start":{"line":615,"column":6},"end":{"line":618,"column":7}},"374":{"start":{"line":616,"column":8},"end":{"line":616,"column":25}},"375":{"start":{"line":617,"column":8},"end":{"line":617,"column":46}},"376":{"
[...]
":5}},"type":"if","locations":[{"start":{"line":50,"column":4},"end":{"line":54,"column":5}},{"start":{"line":50,"column":4},"end":{"line":54,"column":5}}],"line":50},"9":{"loc":{"start":{"line":63,"column":4},"end":{"line":86,"column":5}},"type":"if","locations":[{"start":{"line":63,"column":4},"end":{"line":86,"column":5}},{"start":{"line":63,"column":4},"end":{"line":86,"column":5}}],"line":63},"10":{"loc":{"start":{"line":72,"column":8},"end":{"line":75,"column":9}},"type":"if","locations":[{"start":{"line":72,"column":8},"end":{"line":75,"column":9}},{"start":{"line":72,"column":8},"end":{"line":75,"column":9}}],"line":72},"11":{"loc":{"start":{"line":72,"column":12},"end":{"line":73,"column":49}},"type":"binary-expr","locations":[{"start":{"line":72,"column":12},"end":{"line":72,"column":41}},{"start":{"line":73,"column":11},"end":{"line":73,"column":31}},{"start":{"line":73,"column":35},"end":{"line":73,"column":48}}],"line":72},"12":{"loc":{"start":{"line":78,"column":6},"end":{"line":85,"column":7}},"type":"if","locations":[{"start":{"line":78,"column":6},"end":{"line":85,"column":7}},{"start":{"line":78,"column":6},"end":{"line":85,"column":7}}],"line":78},"13":{"loc":{"start":{"line":95,"column":6},"end":{"line":98,"column":7}},"type":"if","locations":[{"start":{"line":95,"column":6},"end":{"line":98,"column":7}},{"start":{"line":95,"column":6},"end":{"line":98,"column":7}}],"line":95},"14":{"loc":{"start":{"line":95,"column":10},"end":{"line":95,"column":71}},"type":"binary-expr","locations":[{"start":{"line":95,"column":10},"end":{"line":95,"column":35}},{"start":{"line":95,"column":39},"end":{"line":95,"column":71}}],"line":95},"15":{"loc":{"start":{"line":96,"column":18},"end":{"line":96,"column":31}},"type":"binary-expr","locations":[{"start":{"line":96,"column":18},"end":{"line":96,"column":25}},{"start":{"line":96,"column":29},"end":{"line":96,"column":31}}],"line":96},"16":{"loc":{"start":{"line":101,"column":4},"end":{"line":118,"column":5}},"type":"if","locations":[{"start":{"line":101,"column":4},"end":{"line":118,"column":5}},{"start":{"line":101,"column":4},"end":{"line":118,"column":5}}],"line":101},"17":{"loc":{"start":{"line":105,"column":8},"end":{"line":107,"column":9}},"type":"if","locations":[{"start":{"line":105,"column":8},"end":{"line":107,"column":9}},{"start":{"line":105,"column":8},"end":{"line":107,"column":9}}],"line":105},"18":{"loc":{"start":{"line":105,"column":12},"end":{"line":105,"column":46}},"type":"binary-expr","locations":[{"start":{"line":105,"column":12},"end":{"line":105,"column":15}},{"start":{"line":105,"column":19},"end":{"line":105,"column":46}}],"line":105},"19":{"loc":{"start":{"line":110,"column":24},"end":{"line":110,"column":77}},"type":"cond-expr","locations":[{"start":{"line":110,"column":44},"end":{"line":110,"column":72}},{"start":{"line":110,"column":75},"end":{"line":110,"column":77}}],"line":110},"20":{"loc":{"start":{"line":128,"column":6},"end":{"line":134,"column":7}},"type":"if","locations":[{"start":{"line":128,"column":6},"end":{"line":134,"column":7}},{"start":{"line":128,"column":6},"end":{"line":134,"column":7}}],"line":128},"21":{"loc":{"start":{"line":128,"column":10},"end":{"line":131,"column":36}},"type":"binary-expr","locations":[{"start":{"line":128,"column":10},"end":{"line":128,"column":41}},{"start":{"line":129,"column":8},"end":{"line":129,"column":42}},{"start":{"line":130,"column":8},"end":{"line":130,"column":53}},{"start":{"line":131,"column":8},"end":{"line":131,"column":36}}],"line":128},"22":{"loc":{"start":{"line":137,"column":4},"end":{"line":143,"column":5}},"type":"if","locations":[{"start":{"line":137,"column":4},"end":{"line":143,"column":5}},{"start":{"line":137,"column":4},"end":{"line":143,"column":5}}],"line":137},"23":{"loc":{"start":{"line":139,"column":8},"end":{"line":141,"column":9}},"type":"if","locations":[{"start":{"line":139,"column":8},"end":{"line":141,"column":9}},{"start":{"line":139,"column":8},"end":{"line":141,"column":9}}],"line":139},"24":{"loc":{"start":{"line":145,"column":4},"end":{"line":152,"column":5}},"type":"if","locations":[{"start":{"line":145,"column":4},"end":{"line":152,"column":5}},{"start":{"line":145,"column":4},"end":{"line":152,"column":5}}],"line":145},"25":{"loc":{"start":{"line":160,"column":4},"end":{"line":160,"column":52}},"type":"if","locations":[{"start":{"line":160,"column":4},"end":{"line":160,"column":52}},{"start":{"line":160,"column":4},"end":{"line":160,"column":52}}],"line":160},"26":{"loc":{"start":{"line":163,"column":6},"end":{"line":172,"column":7}},"type":"if","locations":[{"start":{"line":163,"column":6},"end":{"line":172,"column":7}},{"start":{"line":163,"column":6},"end":{"line":172,"column":7}}],"line":163},"27":{"loc":{"start":{"line":163,"column":10},"end":{"line":164,"column":43}},"type":"binary-expr","locations":[{"start":{"line":163,"column":10},"end":{"line":163,"column":41}},{"start":{"line":164,"column":8},"end":{"line":164,"column":43}}],"line":163},"28":{"loc":{"start":{"line":167,"column":10},"end":{"line":170,"column":11}},"type":"if","locations":[{"start":{"line":167,"column":10},"end":{"line":170,"column":11}},{"start":{"line":167,"column":10},"end":{"line":170,"column":11}}],"line":167},"29":{"loc":{"start":{"line":167,"column":14},"end":{"line":168,"column":33}},"type":"binary-expr","locations":[{"start":{"line":167,"column":14},"end":{"line":167,"column":56}},{"start":{"line":168,"column":14},"end":{"line":168,"column":33}}],"line":167},"30":{"loc":{"start":{"line":169,"column":28},"end":{"line":169,"column":46}},"type":"binary-expr","locations":[{"start":{"line":169,"column":28},"end":{"line":169,"column":40}},{"start":{"line":169,"column":44},"end":{"line":169,"column":46}}],"line":169},"31":{"loc":{"start":{"line":177,"column":4},"end":{"line":177,"column":35}},"type":"if","locations":[{"start":{"line":177,"column":4},"end":{"line":177,"column":35}},{"start":{"line":177,"column":4},"end":{"line":177,"column":35}}],"line":177},"32":{"loc":{"start":{"line":207,"column":19},"end":{"line":207,"column":50}},"type":"cond-expr","locations":[{"start":{"line":207,"column":33},"end":{"line":207,"column":44}},{"start":{"line":207,"column":47},"end":{"line":207,"column":50}}],"line":207},"33":{"loc":{"start":{"line":211,"column":6},"end":{"line":215,"column":7}},"type":"if","locations":[{"start":{"line":211,"column":6},"end":{"line":215,"column":7}},{"start":{"line":211,"column":6},"end":{"line":215,"column":7}}],"line":211},"34":{"loc":{"start":{"line":213,"column":13},"end":{"line":215,"column":7}},"type":"if","locations":[{"start":{"line":213,"column":13},"end":{"line":215,"column":7}},{"start":{"line":213,"column":13},"end":{"line":215,"column":7}}],"line":213},"35":{"loc":{"start":{"line":213,"column":17},"end":{"line":213,"column":70}},"type":"binary-expr","locations":[{"start":{"line":213,"column":17},"end":{"line":213,"column":43}},{"start":{"line":213,"column":47},"end":{"line":213,"column":70}}],"line":213},"36":{"loc":{"start":{"line":224,"column":4},"end":{"line":238,"column":5}},"type":"if","locations":[{"start":{"line":224,"column":4},"end":{"line":238,"column":5}},{"start":{"line":224,"column":4},"end":{"line":238,"column":5}}],"line":224},"37":{"loc":{"start":{"line":230,"column":6},"end":{"line":232,"column":7}},"type":"if","locations":[{"start":{"line":230,"column":6},"end":{"line":232,"column":7}},{"start":{"line":230,"column":6},"end":{"line":232,"column":7}}],"line":230},"38":{"loc":{"start":{"line":233,"column":6},"end":{"line":237,"column":7}},"type":"if","locations":[{"start":{"line":233,"column":6},"end":{"line":237,"column":7}},{"start":{"line":233,"column":6},"end":{"line":237,"column":7}}],"line":233},"39":{"loc":{"start":{"line":249,"column":8},"end":{"line":249,"column":26}},"type":"binary-expr","locations":[{"start":{"line":249,"column":8},"end":{"line":249,"column":20}},{"start":{"line":249,"column":24},"end":{"line":249,"column":26}}],"line":249},"40":{"loc":{"start":{"line":256,"column":14},"end":{"line":256,"column":36}},"type":"cond-expr","locations":[{"start":{"line":256,"column":27},"end":{"line":256,"column":30}},{"start":{"line":256,"column":33},"end":{"line":256,"column":36}}],"line":256},"41":{"loc":{"start":{"line":258,"column":8},"end":{"line":268,"column":9}},"type":"if","locations":[{"start":{"line":258,"column":8},"end":{"line":268,"column":9}},{"start":{"line":258,"column":8},"end":{"line":268,"column":9}}],"line":258},"42":{"loc":{"start":{"line":261,"column":15},"end":{"line":268,"column":9}},"type":"if","locations":[{"start":{"line":261,"column":15},"end":{"line":268,"column":9}},{"start":{"line":261,"column":15},"end":{"line":268,"column":9}}],"line":261},"43":{"loc":{"start":{"line":271,"column":16},"end":{"line":271,"column":40}},"type":"cond-expr","locations":[{"start":{"line":271,"column":29},"end":{"line":271,"column":34}},{"start":{"line":271,"column":37},"end":{"line":271,"column":40}}],"line":271},"44":{"loc":{"start":{"line":273,"column":8},"end":{"line":280,"column":9}},"type":"if","locations":[{"start":{"line":273,"column":8},"end":{"line":280,"column":9}},{"start":{"line":273,"column":8},"end":{"line":280,"column":9}}],"line":273},"45":{"loc":{"start":{"line":275,"column":15},"end":{"line":280,"column":9}},"type":"if","locations":[{"start":{"line":275,"column":15},"end":{"line":280,"column":9}},{"start":{"line":275,"column":15},"end":{"line":280,"column":9}}],"line":275},"46":{"loc":{"start":{"line":281,"column":8},"end":{"line":283,"column":9}},"type":"if","locations":[{"start":{"line":281,"column":8},"end":{"line":283,"column":9}},{"start":{"line":281,"column":8},"end":{"line":283,"column":9}}],"line":281},"47":{"loc":{"start":{"line":281,"column":12},"end":{"line":281,"column":25}},"type":"binary-expr","locations":[{"start":{"line":281,"column":12},"end":{"line":281,"column":15}},{"start":{"line":281,"column":19},"end":{"line":281,"column":25}}],"line":281},"48":{"loc":{"start":{"line":287,"column":4},"end":{"line":295,"column":5}},"type":"if","locations":[{"start":{"line":287,"column":4},"end":{"line":295,"column":5}},{"start":{"line":287,"column":4},"end":{"line":295,"column":5}}],"line":287},"49":{"loc":{"start":{"line":302,"column":4},"end":{"line":316,"column":5}},"type":"if","locations":[{"start":{"line":302,"column":4},"end":{"line":316,"column":5}},{"start":{"line":302,"column":4},"end":{"line":316,"column":5}}],"line":302},"50":{"loc":{"start":{"line":308,"column":6},"end":{"line":310,"column":7}},"type":"if","locations":[{"start":{"line":308,"column":6},"end":{"line":310,"column":7}},{"start":{"line":308,"column":6},"end":{"line":310,"column":7}}],"line":308},"51":{"loc":{"start":{"line":311,"column":6},"end":{"line":315,"column":7}},"type":"if","locations":[{"start":{"line":311,"column":6},"end":{"line":315,"column":7}},{"start":{"line":311,"column":6},"end":{"line":315,"column":7}}],"line":311},"52":{"loc":{"start":{"line":322,"column":6},"end":{"line":330,"column":7}},"type":"if","locations":[{"start":{"line":322,"column":6},"end":{"line":330,"column":7}},{"start":{"line":322,"column":6},"end":{"line":330,"column":7}}],"line":322},"53":{"loc":{"start":{"line":326,"column":10},"end":{"line":328,"column":11}},"type":"if","locations":[{"start":{"line":326,"column":10},"end":{"line":328,"column":11}},{"start":{"line":326,"column":10},"end":{"line":328,"column":11}}],"line":326},"54":{"loc":{"start":{"line":326,"column":14},"end":{"line":326,"column":75}},"type":"binary-expr","locations":[{"start":{"line":326,"column":14},"end":{"line":326,"column":19}},{"start":{"line":326,"column":23},"end":{"line":326,"column":46}},{"start":{"line":326,"column":50},"end":{"line":326,"column":75}}],"line":326},"55":{"loc":{"start":{"line":343,"column":6},"end":{"line":346,"column":7}},"type":"if","locations":[{"start":{"line":343,"column":6},"end":{"line":346,"column":7}},{"start":{"line":343,"column":6},"end":{"line":346,"column":7}}],"line":343},"56":{"loc":{"start":{"line":343,"column":10},"end":{"line":343,"column":44}},"type":"binary-expr","locations":[{"start":{"line":343,"column":10},"end":{"line":343,"column":24}},{"start":{"line":343,"column":28},"end":{"line":343,"column":44}}],"line":343},"57":{"loc":{"start":{"line":348,"column":4},"end":{"line":348,"column":68}},"type":"if","locations":[{"start":{"line":348,"column":4},"end":{"line":348,"column":68}},{"start":{"line":348,"column":4},"end":{"line":348,"column":68}}],"line":348}},"s":{"0":1,"1":1,"2":1,"3":1,"4":207,"5":207,"6":207,"7":207,"8":146,"9":146,"10":146,"11":13,"12":9,"13":3,"14":6,"15":4,"16":4,"17":3,"18":1,"19":207,"20":74,"21":2,"22":207,"23":137,"24":137,"25":137,"26":8,"27":8,"28":12,"29":12,"30":10,"31":8,"32":8,"33":207,"34":129,"35":129,"36":129,"37":17,"38":9,"39":9,"40":129,"41":8,"42":8,"43":9,"44":9,"45":1,"46":8,"47":8,"48":207,"49":18,"50":18,"51":18,"52":18,"53":86,"54":3,"55":18,"56":2,"57":1,"58":1,"59":18,"60":4,"61":207,"62":112,"63":112,"64":112,"65":103,"66":9,"67":36,"68":10,"69":12,"70":8,"71":9,"72":9,"73":3,"74":6,"75":0,"76":0,"77":0,"78":207,"79":207,"80":11,"81":207,"82":117,"83":10,"84":10,"85":10,"86":10,"87":5,"88":2,"89":5,"90":1,"91":4,"92":1,"93":207,"94":207,"95":21,"96":21,"97":8,"98":8,"99":13,"100":13,"101":11,"102":13,"103":1,"104":2,"105":12,"106":207,"107":0,"108":207,"109":106,"110":106,"111":10,"112":10,"113":11,"114":11,"115":11,"116":11,"117":11,"118":1,"119":10,"120":1,"121":1,"122":9,"123":11,"124":11,"125":11,"126":1,"127":10,"128":3,"129":3,"130":7,"131":11,"132":8,"133":106,"134":8,"135":0,"136":0,"137":0,"138":207,"139":207,"140":20,"141":20,"142":2,"143":4,"144":18,"145":18,"146":14,"147":18,"148":2,"149":4,"150":16,"151":207,"152":0,"153":207,"154":98,"155":449,"156":11,"157":11,"158":8,"159":207,"160":0,"161":0,"162":0,"163":0,"164":0,"165":0,"166":0,"167":0,"168":0,"169":0,"170":0,"171":0,"172":0,"173":207,"174":301,"175":11,"176":301,"177":17,"178":301,"179":13,"180":301,"181":207,"182":41,"183":41,"184":41,"185":41,"186":207,"187":35,"188":35,"189":35,"190":35,"191":207},"f":{"0":207,"1":146,"2":74,"3":137,"4":12,"5":129,"6":17,"7":9,"8":18,"9":86,"10":1,"11":112,"12":36,"13":12,"14":0,"15":11,"16":117,"17":21,"18":8,"19":2,"20":0,"21":106,"22":10,"23":11,"24":0,"25":20,"26":4,"27":4,"28":0,"29":98,"30":449,"31":11,"32":0,"33":0,"34":301,"35":11,"36":17,"37":13,"38":41,"39":35},"b":{"0":[13,133],"1":[146,17,8],"2":[9,4],"3":[3,6],"4":[2,1],"5":[4,0],"6":[3,1],"7":[3,0],"8":[2,72],"9":[8,129],"10":[10,2],"11":[12,4,2],"12":[8,0],"13":[9,8],"14":[17,10],"15":[9,8],"16":[8,121],"17":[1,8],"18":[9,2],"19":[1,7],"20":[3,83],"21":[86,50,44,42],"22":[2,16],"23":[1,0],"24":[4,14],"25":[103,9],"26":[10,26],"27":[36,18],"28":[8,4],"29":[12,10],"30":[8,7],"31":[3,6],"32":[5,0],"33":[1,4],"34":[1,3],"35":[4,3],"36":[8,13],"37":[11,2],"38":[1,12],"39":[10,0],"40":[10,1],"41":[1,10],"42":[1,9],"43":[10,1],"44":[1,10],"45":[3,7],"46":[8,3],"47":[11,11],"48":[8,98],"49":[2,18],"50":[14,4],"51":[2,16],"52":[11,438],"53":[8,3],"54":[11,11,10],"55":[0,0],"56":[0,0],"57":[0,0]},"_coverageSchema":"332fd63041d2c1bcb487cc26dd0d5f7d97098a6c","hash":"e1cca6c32dfb36d707e0166182438d3a4ca3d267","contentHash":"0665f88bac5d3c74221594058192b7d2_11.9.0"},"/home/grigorisntousakis/Dropbox/thesis/lya/tst/working/repos/yargs/lib/apply-extends.js":{"path":"/home/grigorisntousakis/Dropbox/thesis/lya/tst/working/repos/yargs/lib/apply-extends.js","statementMap":{"0":{"start":{"line":3,"column":11},"end":{"line":3,"column":24}},"1":{"start":{"line":4,"column":13},"end":{"line":4,"column":28}},"2":{"start":{"line":5,"column":15},"end":{"line":5,"column":34}},"3":{"start":{"line":7,"column":31},"end":{"line":7,"column":33}},"4":{"start":{"line":10,"column":2},"end":{"line":12,"column":3}},"5":{"start":{"line":11,"column":4},"end":{"line":11,"column":68}},"6":{"start":{"line":16,"column":2},"end":{"line":16,"column":40}},"7":{"start":{"line":20,"column":22},"end":{"line":20,"column":24}},"8":{"start":{"line":22,"column":2},"end":{"line":46,"column":3}},"9":{"start":{"line":23,"column":4},"end":{"line":23,"column":64}},"10":{"start":{"line":23,"column":44},"end":{"line":23,"column":64}},"11":{"start":{"line":24,"column":19},"end":{"line":24,"column":49}},"12":{"start":{"line":25,"column":24},"end":{"line":25,"column":28}},"13":{"start":{"line":26,"column":4},"end":{"line":34,"column":5}},"14":{"start":{"line":27,"column":6},"end":{"line":31,"column":7}},"15":{"start":{"line":28,"column":8},"end":{"line":28,"column":55}},"16":{"start":{"line":33,"column":6},"end":{"line":33,"column":65}},"17":{"start":{"line":37,"column":4},"end":{"line":37,"column":48}},"18":{"start":{"line":37,"column":35},"end":{"line":37,"column":48}},"19":{"start":{"line":39,"column":4},"end":{"line":39,"column":42}},"20":{"start":{"line":41,"column":4},"end":{"line":41,"column":48}},"21":{"start":{"line":43,"column":4},"end":{"line":43,"column":105}},"22":{"start":{"line":44,"column":4},"end":{"line":44,"column":25}},"23":{"start":{"line":45,"column":4},"end":{"line":45,"column":76}},"24":{"start":{"line":48,"column":2},"end":{"line":48,"column":31}},"25":{"start":{"line":50,"column":2},"end":{"line":50,"column":49}},"26":{"start":{"line":53,"column":0},"end":{"line":53,"column":29}}},"fnMap":{"0":{"name":"checkForCircularExtends","decl":{"start":{"line":9,"column":9},"end":{"line":9,"column":32}},"loc":{"start":{"line":9,"column":40},"end":{"line":13,"column":1}},"line":9},"1":{"name":"getPathToDefaultConfig","decl":{"start":{"line":15,"column":9},"end":{"line":15,"column":31}},"loc":{"start":{"line":15,"column":52},"end":{"line":17,"column":1}},"line":15},"2":{"name":"applyExtends","decl":{"start":{"line":19,"column":9},"end":{"line":19,"column":21}},"loc":{"start":{"line":19,"column":36},"end":{"line":51,"column":1}},"line":19}},"branchMap":{"0":{"loc":{"start":{"line":10,"column":2},"end":{"line":12,"column":3}},"type":"if","locations":[{"start":{"line":10,"column":2},"end":{"line":12,"column":3}},{"start":{"line":10,"column":2},"end":{"line":12,"column":3}}],"line":10},"1":{"loc":{"start":{"line":22,"column":2},"end":{"line":46,"column":3}},"type":"if","locations":[{"start":{"line":22,"column":2},"end":{"line":46,"column":3}},{"start":{"line":22,"column":2},"end":{"line":46,"column":3}}],"line":22},"2":{"loc":{"start":{"line":23,"column":4},"end":{"line":23,"column":64}},"type":"if","locations":[{"start":{"line":23,"column":4},"end":{"line":23,"column":64}},{"start":{"line":23,"column":4},"end":{"line":23,"column":64}}],"line":23},"3":{"loc":{"start":{"line":26,"column":4},"end":{"line":34,"column":5}},"type":"if","locations":[{"start":{"line":26,"column":4},"end":{"line":34,"column":5}},{"start":{"line":26,"column":4},"end":{"line":34,"column":5}}],"line":26},"4":{"loc":{"start":{"line":37,"column":4},"end":{"line":37,"column":48}},"type":"if","locations":[{"start":{"line":37,"column":4},"end":{"line":37,"column":48}},{"start":{"line":37,"column":4},"end":{"line":37,"column":48}}],"line":37},"5":{"loc":{"start":{"line":37,"column":8},"end":{"line":37,"column":33}},"type":"binary-expr","locations":[{"start":{"line":37,"column":8},"end":{"line":37,"column":22}},{"start":{"line":37,"column":26},"end":{"line":37,"column":33}}],"line":37},"6":{"loc":{"start":{"line":43,"column":20},"end":{"line":43,"column":105}},"type":"cond-expr","locations":[{"start":{"line":43,"column":29},"end":{"line":43,"column":79}},{"start":{"line":43,"column":82},"end":{"line":43,"column":105}}],"line":43}},"s":{"0":1,"1":1,"2":1,"3":1,"4":0,"5":0,"6":0,"7":0,"8":0,"9":0,"10":0,"11":0,"12":0,"13":0,"14":0,"15":0,"16":0,"17":0,"18":0,"19":0,"20":0,"21":0,"22":0,"23":0,"24":0,"25":0,"26":1},"f":{"0":0,"1":0,"2":0},"b":{"0":[0,0],"1":[0,0],"2":[0,0],"3":[0,0],"4":[0,0],"5":[0,0],"6":[0,0]},"_coverageSchema":"332fd63041d2c1bcb487cc26dd0d5f7d97098a6c","hash":"b2d32e3e98c4babbde497fd1c8329c0ceb704bbe","contentHash":"f7939639203db0d98ec36f17250efff6_11.9.0"}}