{"/home/grigorisntousakis/lya/core/tst/repos/debug/test.js":{"path":"/home/grigorisntousakis/lya/core/tst/repos/debug/test.js","s":{"1":1,"2":1,"3":1,"4":1,"5":1,"6":1,"7":10,"8":10,"9":10,"10":10,"11":10,"12":10,"13":10,"14":10,"15":10,"16":10,"17":10,"18":10,"19":10,"20":10,"21":10,"22":10,"23":10,"24":10,"25":10,"26":10,"27":10,"28":10,"29":10,"30":10,"31":30,"32":10,"33":10,"34":10,"35":10,"36":10,"37":10,"38":10,"39":10,"40":10,"41":10,"42":10,"43":10,"44":10,"45":10,"46":10,"47":10,"48":10,"49":10,"50":10,"51":10,"52":10,"53":10,"54":10,"55":10,"56":10,"57":10,"58":10,"59":10,"60":10,"61":10,"62":10,"63":10,"64":10,"65":10,"66":10,"67":10,"68":10,"69":10,"70":10,"71":10,"72":10,"73":10,"74":10,"75":10,"76":10,"77":10,"78":10},"b":{},"f":{},"fnMap":{},"statementMap":{"1":{"start":{"line":2,"column":0},"end":{"line":2,"column":42}},"2":{"start":{"line":3,"column":0},"end":{"line":6,"column":2}},"3":{"start":{"line":7,"column":0},"end":{"line":7,"column":48}},"4":{"start":{"line":9,"column":0},"end":{"line":9,"column":33}},"5":{"start":{"line":10,"column":0},"end":{"line":10,"column":31}},"6":{"start":{"line":12,"column":0},"end":{"line":129,"column":1}},"7":{"start":{"line":13,"column":1},"end":{"line":128,"column":4}},"8":{"start":{"line":14,"column":2},"end":{"line":20,"column":5}},"9":{"start":{"line":15,"column":3},"end":{"line":15,"column":29}},"10":{"start":{"line":16,"column":3},"end":{"line":16,"column":22}},"11":{"start":{"line":17,"column":3},"end":{"line":17,"column":22}},"12":{"start":{"line":19,"column":3},"end":{"line":19,"column":49}},"13":{"start":{"line":19,"column":29},"end":{"line":19,"column":47}},"14":{"start":{"line":22,"column":2},"end":{"line":28,"column":5}},"15":{"start":{"line":23,"column":3},"end":{"line":23,"column":29}},"16":{"start":{"line":24,"column":3},"end":{"line":24,"column":22}},"17":{"start":{"line":25,"column":3},"end":{"line":25,"column":22}},"18":{"start":{"line":27,"column":3},"end":{"line":27,"column":49}},"19":{"start":{"line":27,"column":29},"end":{"line":27,"column":47}},"20":{"start":{"line":30,"column":2},"end":{"line":37,"column":5}},"21":{"start":{"line":31,"column":3},"end":{"line":31,"column":62}},"22":{"start":{"line":32,"column":3},"end":{"line":32,"column":62}},"23":{"start":{"line":34,"column":3},"end":{"line":34,"column":30}},"24":{"start":{"line":35,"column":3},"end":{"line":35,"column":61}},"25":{"start":{"line":36,"column":3},"end":{"line":36,"column":62}},"26":{"start":{"line":39,"column":2},"end":{"line":51,"column":5}},"27":{"start":{"line":40,"column":3},"end":{"line":40,"column":29}},"28":{"start":{"line":41,"column":3},"end":{"line":41,"column":22}},"29":{"start":{"line":43,"column":3},"end":{"line":43,"column":23}},"30":{"start":{"line":44,"column":3},"end":{"line":44,"column":46}},"31":{"start":{"line":44,"column":26},"end":{"line":44,"column":45}},"32":{"start":{"line":46,"column":3},"end":{"line":46,"column":36}},"33":{"start":{"line":47,"column":3},"end":{"line":47,"column":42}},"34":{"start":{"line":48,"column":3},"end":{"line":48,"column":20}},"35":{"start":{"line":50,"column":3},"end":{"line":50,"column":46}},"36":{"start":{"line":53,"column":2},"end":{"line":88,"column":5}},"37":{"start":{"line":54,"column":3},"end":{"line":61,"column":6}},"38":{"start":{"line":55,"column":4},"end":{"line":55,"column":29}},"39":{"start":{"line":56,"column":4},"end":{"line":56,"column":23}},"40":{"start":{"line":57,"column":4},"end":{"line":57,"column":23}},"41":{"start":{"line":59,"column":4},"end":{"line":59,"column":37}},"42":{"start":{"line":60,"column":4},"end":{"line":60,"column":56}},"43":{"start":{"line":63,"column":3},"end":{"line":70,"column":6}},"44":{"start":{"line":64,"column":4},"end":{"line":64,"column":29}},"45":{"start":{"line":65,"column":4},"end":{"line":65,"column":23}},"46":{"start":{"line":66,"column":4},"end":{"line":66,"column":23}},"47":{"start":{"line":68,"column":4},"end":{"line":68,"column":43}},"48":{"start":{"line":69,"column":4},"end":{"line":69,"column":57}},"49":{"start":{"line":72,"column":3},"end":{"line":79,"column":6}},"50":{"start":{"line":73,"column":4},"end":{"line":73,"column":29}},"51":{"start":{"line":74,"column":4},"end":{"line":74,"column":23}},"52":{"start":{"line":75,"column":4},"end":{"line":75,"column":23}},"53":{"start":{"line":77,"column":4},"end":{"line":77,"column":41}},"54":{"start":{"line":78,"column":4},"end":{"line":78,"column":55}},"55":{"start":{"line":81,"column":3},"end":{"line":87,"column":6}},"56":{"start":{"line":82,"column":4},"end":{"line":82,"column":29}},"57":{"start":{"line":83,"column":4},"end":{"line":83,"column":23}},"58":{"start":{"line":85,"column":4},"end":{"line":85,"column":37}},"59":{"start":{"line":86,"column":4},"end":{"line":86,"column":48}},"60":{"start":{"line":90,"column":2},"end":{"line":127,"column":5}},"61":{"start":{"line":91,"column":3},"end":{"line":95,"column":6}},"62":{"start":{"line":92,"column":4},"end":{"line":92,"column":35}},"63":{"start":{"line":93,"column":4},"end":{"line":93,"column":39}},"64":{"start":{"line":94,"column":4},"end":{"line":94,"column":57}},"65":{"start":{"line":97,"column":3},"end":{"line":103,"column":6}},"66":{"start":{"line":98,"column":4},"end":{"line":98,"column":21}},"67":{"start":{"line":99,"column":4},"end":{"line":99,"column":39}},"68":{"start":{"line":100,"column":4},"end":{"line":100,"column":43}},"69":{"start":{"line":101,"column":4},"end":{"line":101,"column":44}},"70":{"start":{"line":102,"column":4},"end":{"line":102,"column":44}},"71":{"start":{"line":105,"column":3},"end":{"line":109,"column":6}},"72":{"start":{"line":106,"column":4},"end":{"line":106,"column":22}},"73":{"start":{"line":107,"column":4},"end":{"line":107,"column":39}},"74":{"start":{"line":108,"column":4},"end":{"line":108,"column":44}},"75":{"start":{"line":111,"column":3},"end":{"line":115,"column":6}},"76":{"start":{"line":112,"column":4},"end":{"line":112,"column":23}},"77":{"start":{"line":113,"column":4},"end":{"line":113,"column":39}},"78":{"start":{"line":114,"column":4},"end":{"line":114,"column":45}}},"branchMap":{}},"/home/grigorisntousakis/lya/core/tst/repos/debug/src/index.js":{"path":"/home/grigorisntousakis/lya/core/tst/repos/debug/src/index.js","s":{"1":1,"2":0,"3":1},"b":{"1":[0,1],"2":[1,1,1,1]},"f":{},"fnMap":{},"statementMap":{"1":{"start":{"line":6,"column":0},"end":{"line":10,"column":1}},"2":{"start":{"line":7,"column":1},"end":{"line":7,"column":42}},"3":{"start":{"line":9,"column":1},"end":{"line":9,"column":39}}},"branchMap":{"1":{"line":6,"type":"if","locations":[{"start":{"line":6,"column":0},"end":{"line":6,"column":0}},{"start":{"line":6,"column":0},"end":{"line":6,"column":0}}]},"2":{"line":6,"type":"binary-expr","locations":[{"start":{"line":6,"column":4},"end":{"line":6,"column":34}},{"start":{"line":6,"column":38},"end":{"line":6,"column":65}},{"start":{"line":6,"column":69},"end":{"line":6,"column":93}},{"start":{"line":6,"column":97},"end":{"line":6,"column":111}}]}}},"/home/grigorisntousakis/lya/core/tst/repos/debug/src/node.js":{"path":"/home/grigorisntousakis/lya/core/tst/repos/debug/src/node.js","s":{"1":1,"2":1,"3":1,"4":1,"5":1,"6":1,"7":1,"8":1,"9":1,"10":1,"11":1,"12":1,"13":1,"14":1,"15":245,"16":0,"17":0,"18":0,"19":0,"20":0,"21":0,"22":0,"23":0,"24":0,"25":0,"26":0,"27":0,"28":1,"29":150,"30":1,"31":40,"32":40,"33":40,"34":40,"35":40,"36":40,"37":40,"38":0,"39":1,"40":0,"41":0,"42":0,"43":1,"44":0,"45":1,"46":101,"47":50,"48":51,"49":1,"50":1,"51":1,"52":150,"53":150,"54":150,"55":0,"56":1,"57":1,"58":1,"59":0,"60":0,"61":1,"62":10,"63":10},"b":{"1":[1,0],"2":[1,1],"3":[1,1],"4":[0,0],"5":[0,0],"6":[0,0],"7":[0,150],"8":[40,0],"9":[0,40],"10":[0,0],"11":[50,51]},"f":{"1":150,"2":40,"3":0,"4":0,"5":101,"6":1,"7":150,"8":0,"9":10},"fnMap":{"1":{"name":"useColors","line":151,"loc":{"start":{"line":151,"column":0},"end":{"line":151,"column":21}}},"2":{"name":"formatArgs","line":163,"loc":{"start":{"line":163,"column":0},"end":{"line":163,"column":26}}},"3":{"name":"getDate","line":178,"loc":{"start":{"line":178,"column":0},"end":{"line":178,"column":19}}},"4":{"name":"log","line":189,"loc":{"start":{"line":189,"column":0},"end":{"line":189,"column":22}}},"5":{"name":"save","line":199,"loc":{"start":{"line":199,"column":0},"end":{"line":199,"column":26}}},"6":{"name":"load","line":216,"loc":{"start":{"line":216,"column":0},"end":{"line":216,"column":16}}},"7":{"name":"init","line":227,"loc":{"start":{"line":227,"column":0},"end":{"line":227,"column":21}}},"8":{"name":"(anonymous_8)","line":244,"loc":{"start":{"line":244,"column":15},"end":{"line":244,"column":28}}},"9":{"name":"(anonymous_9)","line":254,"loc":{"start":{"line":254,"column":15},"end":{"line":254,"column":28}}}},"statementMap":{"1":{"start":{"line":5,"column":0},"end":{"line":5,"column":27}},"2":{"start":{"line":6,"column":0},"end":{"line":6,"column":29}},"3":{"start":{"line":12,"column":0},"end":{"line":12,"column":20}},"4":{"start":{"line":13,"column":0},"end":{"line":13,"column":18}},"5":{"start":{"line":14,"column":0},"end":{"line":14,"column":32}},"6":{"start":{"line":15,"column":0},"end":{"line":15,"column":20}},"7":{"start":{"line":16,"column":0},"end":{"line":16,"column":20}},"8":{"start":{"line":17,"column":0},"end":{"line":17,"column":30}},"9":{"start":{"line":23,"column":0},"end":{"line":23,"column":36}},"10":{"start":{"line":25,"column":0},"end":{"line":112,"column":1}},"11":{"start":{"line":28,"column":1},"end":{"line":28,"column":49}},"12":{"start":{"line":30,"column":1},"end":{"line":109,"column":2}},"13":{"start":{"line":31,"column":2},"end":{"line":108,"column":4}},"14":{"start":{"line":120,"column":0},"end":{"line":145,"column":7}},"15":{"start":{"line":121,"column":1},"end":{"line":121,"column":29}},"16":{"start":{"line":124,"column":1},"end":{"line":129,"column":5}},"17":{"start":{"line":128,"column":3},"end":{"line":128,"column":26}},"18":{"start":{"line":132,"column":1},"end":{"line":132,"column":28}},"19":{"start":{"line":133,"column":1},"end":{"line":141,"column":2}},"20":{"start":{"line":134,"column":2},"end":{"line":134,"column":13}},"21":{"start":{"line":135,"column":8},"end":{"line":141,"column":2}},"22":{"start":{"line":136,"column":2},"end":{"line":136,"column":14}},"23":{"start":{"line":137,"column":8},"end":{"line":141,"column":2}},"24":{"start":{"line":138,"column":2},"end":{"line":138,"column":13}},"25":{"start":{"line":140,"column":2},"end":{"line":140,"column":20}},"26":{"start":{"line":143,"column":1},"end":{"line":143,"column":17}},"27":{"start":{"line":144,"column":1},"end":{"line":144,"column":12}},"28":{"start":{"line":151,"column":0},"end":{"line":155,"column":1}},"29":{"start":{"line":152,"column":1},"end":{"line":154,"column":32}},"30":{"start":{"line":163,"column":0},"end":{"line":176,"column":1}},"31":{"start":{"line":164,"column":1},"end":{"line":164,"column":43}},"32":{"start":{"line":166,"column":1},"end":{"line":175,"column":2}},"33":{"start":{"line":167,"column":2},"end":{"line":167,"column":23}},"34":{"start":{"line":168,"column":2},"end":{"line":168,"column":58}},"35":{"start":{"line":169,"column":2},"end":{"line":169,"column":54}},"36":{"start":{"line":171,"column":2},"end":{"line":171,"column":61}},"37":{"start":{"line":172,"column":2},"end":{"line":172,"column":81}},"38":{"start":{"line":174,"column":2},"end":{"line":174,"column":45}},"39":{"start":{"line":178,"column":0},"end":{"line":183,"column":1}},"40":{"start":{"line":179,"column":1},"end":{"line":181,"column":2}},"41":{"start":{"line":180,"column":2},"end":{"line":180,"column":12}},"42":{"start":{"line":182,"column":1},"end":{"line":182,"column":39}},"43":{"start":{"line":189,"column":0},"end":{"line":191,"column":1}},"44":{"start":{"line":190,"column":1},"end":{"line":190,"column":58}},"45":{"start":{"line":199,"column":0},"end":{"line":207,"column":1}},"46":{"start":{"line":200,"column":1},"end":{"line":206,"column":2}},"47":{"start":{"line":201,"column":2},"end":{"line":201,"column":33}},"48":{"start":{"line":205,"column":2},"end":{"line":205,"column":27}},"49":{"start":{"line":216,"column":0},"end":{"line":218,"column":1}},"50":{"start":{"line":217,"column":1},"end":{"line":217,"column":26}},"51":{"start":{"line":227,"column":0},"end":{"line":234,"column":1}},"52":{"start":{"line":228,"column":1},"end":{"line":228,"column":24}},"53":{"start":{"line":230,"column":1},"end":{"line":230,"column":47}},"54":{"start":{"line":231,"column":1},"end":{"line":233,"column":2}},"55":{"start":{"line":232,"column":2},"end":{"line":232,"column":60}},"56":{"start":{"line":236,"column":0},"end":{"line":236,"column":46}},"57":{"start":{"line":238,"column":0},"end":{"line":238,"column":36}},"58":{"start":{"line":244,"column":0},"end":{"line":248,"column":2}},"59":{"start":{"line":245,"column":1},"end":{"line":245,"column":42}},"60":{"start":{"line":246,"column":1},"end":{"line":247,"column":29}},"61":{"start":{"line":254,"column":0},"end":{"line":257,"column":2}},"62":{"start":{"line":255,"column":1},"end":{"line":255,"column":42}},"63":{"start":{"line":256,"column":1},"end":{"line":256,"column":42}}},"branchMap":{"1":{"line":30,"type":"if","locations":[{"start":{"line":30,"column":1},"end":{"line":30,"column":1}},{"start":{"line":30,"column":1},"end":{"line":30,"column":1}}]},"2":{"line":30,"type":"binary-expr","locations":[{"start":{"line":30,"column":5},"end":{"line":30,"column":18}},{"start":{"line":30,"column":22},"end":{"line":30,"column":72}}]},"3":{"line":30,"type":"binary-expr","locations":[{"start":{"line":30,"column":23},"end":{"line":30,"column":43}},{"start":{"line":30,"column":47},"end":{"line":30,"column":60}}]},"4":{"line":133,"type":"if","locations":[{"start":{"line":133,"column":1},"end":{"line":133,"column":1}},{"start":{"line":133,"column":1},"end":{"line":133,"column":1}}]},"5":{"line":135,"type":"if","locations":[{"start":{"line":135,"column":8},"end":{"line":135,"column":8}},{"start":{"line":135,"column":8},"end":{"line":135,"column":8}}]},"6":{"line":137,"type":"if","locations":[{"start":{"line":137,"column":8},"end":{"line":137,"column":8}},{"start":{"line":137,"column":8},"end":{"line":137,"column":8}}]},"7":{"line":152,"type":"cond-expr","locations":[{"start":{"line":153,"column":2},"end":{"line":153,"column":37}},{"start":{"line":154,"column":2},"end":{"line":154,"column":31}}]},"8":{"line":166,"type":"if","locations":[{"start":{"line":166,"column":1},"end":{"line":166,"column":1}},{"start":{"line":166,"column":1},"end":{"line":166,"column":1}}]},"9":{"line":168,"type":"cond-expr","locations":[{"start":{"line":168,"column":42},"end":{"line":168,"column":43}},{"start":{"line":168,"column":46},"end":{"line":168,"column":56}}]},"10":{"line":179,"type":"if","locations":[{"start":{"line":179,"column":1},"end":{"line":179,"column":1}},{"start":{"line":179,"column":1},"end":{"line":179,"column":1}}]},"11":{"line":200,"type":"if","locations":[{"start":{"line":200,"column":1},"end":{"line":200,"column":1}},{"start":{"line":200,"column":1},"end":{"line":200,"column":1}}]}}},"/home/grigorisntousakis/lya/core/tst/repos/debug/src/common.js":{"path":"/home/grigorisntousakis/lya/core/tst/repos/debug/src/common.js","s":{"1":1,"2":1,"3":1,"4":1,"5":1,"6":1,"7":1,"8":1,"9":1,"10":8,"11":1,"12":1,"13":1,"14":1,"15":1,"16":150,"17":150,"18":920,"19":920,"20":150,"21":1,"22":1,"23":150,"24":1,"25":40,"26":0,"27":40,"28":40,"29":40,"30":40,"31":40,"32":40,"33":40,"34":40,"35":40,"36":0,"37":40,"38":40,"39":10,"40":0,"41":10,"42":10,"43":10,"44":10,"45":10,"46":10,"47":10,"48":10,"49":40,"50":40,"51":40,"52":150,"53":150,"54":150,"55":150,"56":150,"57":150,"58":150,"59":150,"60":150,"61":150,"62":1,"63":0,"64":0,"65":0,"66":0,"67":0,"68":1,"69":40,"70":40,"71":40,"72":1,"73":101,"74":101,"75":101,"76":101,"77":101,"78":101,"79":101,"80":121,"81":61,"82":60,"83":60,"84":20,"85":40,"86":101,"87":8010,"88":8010,"89":1,"90":40,"91":20,"92":40,"93":40,"94":1,"95":8160,"96":0,"97":8160,"98":8160,"99":8160,"100":1650,"101":825,"102":7335,"103":3135,"104":1100,"105":6235,"106":1,"107":50,"108":1,"109":40,"110":0,"111":40,"112":1,"113":1,"114":1},"b":{"1":[0,40],"2":[40,20],"3":[0,40],"4":[0,10],"5":[10,0],"6":[40,0],"7":[150,0],"8":[0,0],"9":[20,20],"10":[90,11],"11":[61,60],"12":[20,40],"13":[0,8160],"14":[825,825],"15":[1100,2035],"16":[0,40],"17":[0,0]},"f":{"1":1,"2":150,"3":150,"4":40,"5":0,"6":40,"7":101,"8":40,"9":8160,"10":50,"11":40},"fnMap":{"1":{"name":"setup","line":7,"loc":{"start":{"line":7,"column":0},"end":{"line":7,"column":20}}},"2":{"name":"selectColor","line":45,"loc":{"start":{"line":45,"column":1},"end":{"line":45,"column":33}}},"3":{"name":"createDebug","line":64,"loc":{"start":{"line":64,"column":1},"end":{"line":64,"column":33}}},"4":{"name":"debug","line":67,"loc":{"start":{"line":67,"column":2},"end":{"line":67,"column":26}}},"5":{"name":"destroy","line":136,"loc":{"start":{"line":136,"column":1},"end":{"line":136,"column":20}}},"6":{"name":"extend","line":145,"loc":{"start":{"line":145,"column":1},"end":{"line":145,"column":39}}},"7":{"name":"enable","line":158,"loc":{"start":{"line":158,"column":1},"end":{"line":158,"column":29}}},"8":{"name":"disable","line":195,"loc":{"start":{"line":195,"column":1},"end":{"line":195,"column":20}}},"9":{"name":"enabled","line":211,"loc":{"start":{"line":211,"column":1},"end":{"line":211,"column":24}}},"10":{"name":"toNamespace","line":241,"loc":{"start":{"line":241,"column":1},"end":{"line":241,"column":30}}},"11":{"name":"coerce","line":254,"loc":{"start":{"line":254,"column":1},"end":{"line":254,"column":22}}}},"statementMap":{"1":{"start":{"line":7,"column":0},"end":{"line":264,"column":1}},"2":{"start":{"line":8,"column":1},"end":{"line":8,"column":33}},"3":{"start":{"line":9,"column":1},"end":{"line":9,"column":35}},"4":{"start":{"line":10,"column":1},"end":{"line":10,"column":29}},"5":{"start":{"line":11,"column":1},"end":{"line":11,"column":31}},"6":{"start":{"line":12,"column":1},"end":{"line":12,"column":29}},"7":{"start":{"line":13,"column":1},"end":{"line":13,"column":31}},"8":{"start":{"line":14,"column":1},"end":{"line":14,"column":38}},"9":{"start":{"line":16,"column":1},"end":{"line":18,"column":4}},"10":{"start":{"line":17,"column":2},"end":{"line":17,"column":30}},"11":{"start":{"line":23,"column":1},"end":{"line":23,"column":28}},"12":{"start":{"line":29,"column":1},"end":{"line":29,"column":24}},"13":{"start":{"line":30,"column":1},"end":{"line":30,"column":24}},"14":{"start":{"line":37,"column":1},"end":{"line":37,"column":29}},"15":{"start":{"line":45,"column":1},"end":{"line":54,"column":2}},"16":{"start":{"line":46,"column":2},"end":{"line":46,"column":15}},"17":{"start":{"line":48,"column":2},"end":{"line":51,"column":3}},"18":{"start":{"line":49,"column":3},"end":{"line":49,"column":57}},"19":{"start":{"line":50,"column":3},"end":{"line":50,"column":13}},"20":{"start":{"line":53,"column":2},"end":{"line":53,"column":72}},"21":{"start":{"line":55,"column":1},"end":{"line":55,"column":39}},"22":{"start":{"line":64,"column":1},"end":{"line":134,"column":2}},"23":{"start":{"line":65,"column":2},"end":{"line":65,"column":15}},"24":{"start":{"line":67,"column":2},"end":{"line":115,"column":3}},"25":{"start":{"line":69,"column":3},"end":{"line":71,"column":4}},"26":{"start":{"line":70,"column":4},"end":{"line":70,"column":11}},"27":{"start":{"line":73,"column":3},"end":{"line":73,"column":22}},"28":{"start":{"line":76,"column":3},"end":{"line":76,"column":35}},"29":{"start":{"line":77,"column":3},"end":{"line":77,"column":40}},"30":{"start":{"line":78,"column":3},"end":{"line":78,"column":18}},"31":{"start":{"line":79,"column":3},"end":{"line":79,"column":24}},"32":{"start":{"line":80,"column":3},"end":{"line":80,"column":20}},"33":{"start":{"line":81,"column":3},"end":{"line":81,"column":19}},"34":{"start":{"line":83,"column":3},"end":{"line":83,"column":41}},"35":{"start":{"line":85,"column":3},"end":{"line":88,"column":4}},"36":{"start":{"line":87,"column":4},"end":{"line":87,"column":23}},"37":{"start":{"line":91,"column":3},"end":{"line":91,"column":17}},"38":{"start":{"line":92,"column":3},"end":{"line":108,"column":6}},"39":{"start":{"line":94,"column":4},"end":{"line":96,"column":5}},"40":{"start":{"line":95,"column":5},"end":{"line":95,"column":18}},"41":{"start":{"line":97,"column":4},"end":{"line":97,"column":12}},"42":{"start":{"line":98,"column":4},"end":{"line":98,"column":53}},"43":{"start":{"line":99,"column":4},"end":{"line":106,"column":5}},"44":{"start":{"line":100,"column":5},"end":{"line":100,"column":29}},"45":{"start":{"line":101,"column":5},"end":{"line":101,"column":39}},"46":{"start":{"line":104,"column":5},"end":{"line":104,"column":27}},"47":{"start":{"line":105,"column":5},"end":{"line":105,"column":13}},"48":{"start":{"line":107,"column":4},"end":{"line":107,"column":17}},"49":{"start":{"line":111,"column":3},"end":{"line":111,"column":43}},"50":{"start":{"line":113,"column":3},"end":{"line":113,"column":45}},"51":{"start":{"line":114,"column":3},"end":{"line":114,"column":27}},"52":{"start":{"line":117,"column":2},"end":{"line":117,"column":30}},"53":{"start":{"line":118,"column":2},"end":{"line":118,"column":49}},"54":{"start":{"line":119,"column":2},"end":{"line":119,"column":44}},"55":{"start":{"line":120,"column":2},"end":{"line":120,"column":39}},"56":{"start":{"line":121,"column":2},"end":{"line":121,"column":26}},"57":{"start":{"line":122,"column":2},"end":{"line":122,"column":24}},"58":{"start":{"line":127,"column":2},"end":{"line":129,"column":3}},"59":{"start":{"line":128,"column":3},"end":{"line":128,"column":27}},"60":{"start":{"line":131,"column":2},"end":{"line":131,"column":36}},"61":{"start":{"line":133,"column":2},"end":{"line":133,"column":15}},"62":{"start":{"line":136,"column":1},"end":{"line":143,"column":2}},"63":{"start":{"line":137,"column":2},"end":{"line":137,"column":52}},"64":{"start":{"line":138,"column":2},"end":{"line":141,"column":3}},"65":{"start":{"line":139,"column":3},"end":{"line":139,"column":42}},"66":{"start":{"line":140,"column":3},"end":{"line":140,"column":15}},"67":{"start":{"line":142,"column":2},"end":{"line":142,"column":15}},"68":{"start":{"line":145,"column":1},"end":{"line":149,"column":2}},"69":{"start":{"line":146,"column":2},"end":{"line":146,"column":114}},"70":{"start":{"line":147,"column":2},"end":{"line":147,"column":26}},"71":{"start":{"line":148,"column":2},"end":{"line":148,"column":18}},"72":{"start":{"line":158,"column":1},"end":{"line":187,"column":2}},"73":{"start":{"line":159,"column":2},"end":{"line":159,"column":31}},"74":{"start":{"line":161,"column":2},"end":{"line":161,"column":25}},"75":{"start":{"line":162,"column":2},"end":{"line":162,"column":25}},"76":{"start":{"line":164,"column":2},"end":{"line":164,"column":8}},"77":{"start":{"line":165,"column":2},"end":{"line":165,"column":83}},"78":{"start":{"line":166,"column":2},"end":{"line":166,"column":27}},"79":{"start":{"line":168,"column":2},"end":{"line":181,"column":3}},"80":{"start":{"line":169,"column":3},"end":{"line":172,"column":4}},"81":{"start":{"line":171,"column":4},"end":{"line":171,"column":13}},"82":{"start":{"line":174,"column":3},"end":{"line":174,"column":47}},"83":{"start":{"line":176,"column":3},"end":{"line":180,"column":4}},"84":{"start":{"line":177,"column":4},"end":{"line":177,"column":73}},"85":{"start":{"line":179,"column":4},"end":{"line":179,"column":63}},"86":{"start":{"line":183,"column":2},"end":{"line":186,"column":3}},"87":{"start":{"line":184,"column":3},"end":{"line":184,"column":45}},"88":{"start":{"line":185,"column":3},"end":{"line":185,"column":62}},"89":{"start":{"line":195,"column":1},"end":{"line":202,"column":2}},"90":{"start":{"line":196,"column":2},"end":{"line":199,"column":14}},"91":{"start":{"line":198,"column":58},"end":{"line":198,"column":73}},"92":{"start":{"line":200,"column":2},"end":{"line":200,"column":25}},"93":{"start":{"line":201,"column":2},"end":{"line":201,"column":20}},"94":{"start":{"line":211,"column":1},"end":{"line":232,"column":2}},"95":{"start":{"line":212,"column":2},"end":{"line":214,"column":3}},"96":{"start":{"line":213,"column":3},"end":{"line":213,"column":15}},"97":{"start":{"line":216,"column":2},"end":{"line":216,"column":8}},"98":{"start":{"line":217,"column":2},"end":{"line":217,"column":10}},"99":{"start":{"line":219,"column":2},"end":{"line":223,"column":3}},"100":{"start":{"line":220,"column":3},"end":{"line":222,"column":4}},"101":{"start":{"line":221,"column":4},"end":{"line":221,"column":17}},"102":{"start":{"line":225,"column":2},"end":{"line":229,"column":3}},"103":{"start":{"line":226,"column":3},"end":{"line":228,"column":4}},"104":{"start":{"line":227,"column":4},"end":{"line":227,"column":16}},"105":{"start":{"line":231,"column":2},"end":{"line":231,"column":15}},"106":{"start":{"line":241,"column":1},"end":{"line":245,"column":2}},"107":{"start":{"line":242,"column":2},"end":{"line":244,"column":28}},"108":{"start":{"line":254,"column":1},"end":{"line":259,"column":2}},"109":{"start":{"line":255,"column":2},"end":{"line":257,"column":3}},"110":{"start":{"line":256,"column":3},"end":{"line":256,"column":35}},"111":{"start":{"line":258,"column":2},"end":{"line":258,"column":13}},"112":{"start":{"line":261,"column":1},"end":{"line":261,"column":40}},"113":{"start":{"line":263,"column":1},"end":{"line":263,"column":20}},"114":{"start":{"line":266,"column":0},"end":{"line":266,"column":23}}},"branchMap":{"1":{"line":69,"type":"if","locations":[{"start":{"line":69,"column":3},"end":{"line":69,"column":3}},{"start":{"line":69,"column":3},"end":{"line":69,"column":3}}]},"2":{"line":77,"type":"binary-expr","locations":[{"start":{"line":77,"column":22},"end":{"line":77,"column":30}},{"start":{"line":77,"column":34},"end":{"line":77,"column":38}}]},"3":{"line":85,"type":"if","locations":[{"start":{"line":85,"column":3},"end":{"line":85,"column":3}},{"start":{"line":85,"column":3},"end":{"line":85,"column":3}}]},"4":{"line":94,"type":"if","locations":[{"start":{"line":94,"column":4},"end":{"line":94,"column":4}},{"start":{"line":94,"column":4},"end":{"line":94,"column":4}}]},"5":{"line":99,"type":"if","locations":[{"start":{"line":99,"column":4},"end":{"line":99,"column":4}},{"start":{"line":99,"column":4},"end":{"line":99,"column":4}}]},"6":{"line":113,"type":"binary-expr","locations":[{"start":{"line":113,"column":17},"end":{"line":113,"column":25}},{"start":{"line":113,"column":29},"end":{"line":113,"column":44}}]},"7":{"line":127,"type":"if","locations":[{"start":{"line":127,"column":2},"end":{"line":127,"column":2}},{"start":{"line":127,"column":2},"end":{"line":127,"column":2}}]},"8":{"line":138,"type":"if","locations":[{"start":{"line":138,"column":2},"end":{"line":138,"column":2}},{"start":{"line":138,"column":2},"end":{"line":138,"column":2}}]},"9":{"line":146,"type":"cond-expr","locations":[{"start":{"line":146,"column":84},"end":{"line":146,"column":87}},{"start":{"line":146,"column":90},"end":{"line":146,"column":99}}]},"10":{"line":165,"type":"cond-expr","locations":[{"start":{"line":165,"column":50},"end":{"line":165,"column":60}},{"start":{"line":165,"column":63},"end":{"line":165,"column":65}}]},"11":{"line":169,"type":"if","locations":[{"start":{"line":169,"column":3},"end":{"line":169,"column":3}},{"start":{"line":169,"column":3},"end":{"line":169,"column":3}}]},"12":{"line":176,"type":"if","locations":[{"start":{"line":176,"column":3},"end":{"line":176,"column":3}},{"start":{"line":176,"column":3},"end":{"line":176,"column":3}}]},"13":{"line":212,"type":"if","locations":[{"start":{"line":212,"column":2},"end":{"line":212,"column":2}},{"start":{"line":212,"column":2},"end":{"line":212,"column":2}}]},"14":{"line":220,"type":"if","locations":[{"start":{"line":220,"column":3},"end":{"line":220,"column":3}},{"start":{"line":220,"column":3},"end":{"line":220,"column":3}}]},"15":{"line":226,"type":"if","locations":[{"start":{"line":226,"column":3},"end":{"line":226,"column":3}},{"start":{"line":226,"column":3},"end":{"line":226,"column":3}}]},"16":{"line":255,"type":"if","locations":[{"start":{"line":255,"column":2},"end":{"line":255,"column":2}},{"start":{"line":255,"column":2},"end":{"line":255,"column":2}}]},"17":{"line":256,"type":"binary-expr","locations":[{"start":{"line":256,"column":10},"end":{"line":256,"column":19}},{"start":{"line":256,"column":23},"end":{"line":256,"column":34}}]}}}}