TN:
SF:/home/grigorisntousakis/lya/core/tst/repos/debug/test.js
FNF:0
FNH:0
DA:2,1
DA:3,1
DA:7,1
DA:9,1
DA:10,1
DA:12,1
DA:13,10
DA:14,10
DA:15,10
DA:16,10
DA:17,10
DA:19,10
DA:22,10
DA:23,10
DA:24,10
DA:25,10
DA:27,10
DA:30,10
DA:31,10
DA:32,10
DA:34,10
DA:35,10
DA:36,10
DA:39,10
DA:40,10
DA:41,10
DA:43,10
DA:44,30
DA:46,10
DA:47,10
DA:48,10
DA:50,10
DA:53,10
DA:54,10
DA:55,10
DA:56,10
DA:57,10
DA:59,10
DA:60,10
DA:63,10
DA:64,10
DA:65,10
DA:66,10
DA:68,10
DA:69,10
DA:72,10
DA:73,10
DA:74,10
DA:75,10
DA:77,10
DA:78,10
DA:81,10
DA:82,10
DA:83,10
DA:85,10
DA:86,10
DA:90,10
DA:91,10
DA:92,10
DA:93,10
DA:94,10
DA:97,10
DA:98,10
DA:99,10
DA:100,10
DA:101,10
DA:102,10
DA:105,10
DA:106,10
DA:107,10
DA:108,10
DA:111,10
DA:112,10
DA:113,10
DA:114,10
LF:75
LH:75
BRF:0
BRH:0
end_of_record
TN:
SF:/home/grigorisntousakis/lya/core/tst/repos/debug/src/index.js
FNF:0
FNH:0
DA:6,1
DA:7,0
DA:9,1
LF:3
LH:2
BRDA:6,1,0,0
BRDA:6,1,1,1
BRDA:6,2,0,1
BRDA:6,2,1,1
BRDA:6,2,2,1
BRDA:6,2,3,1
BRF:6
BRH:5
end_of_record
TN:
SF:/home/grigorisntousakis/lya/core/tst/repos/debug/src/node.js
FN:151,useColors
FN:163,formatArgs
FN:178,getDate
FN:189,log
FN:199,save
FN:216,load
FN:227,init
FN:244,(anonymous_8)
FN:254,(anonymous_9)
FNF:9
FNH:7
FNDA:150,useColors
FNDA:40,formatArgs
FNDA:40,getDate
FNDA:0,log
FNDA:101,save
FNDA:1,load
FNDA:150,init
FNDA:0,(anonymous_8)
FNDA:10,(anonymous_9)
DA:5,1
DA:6,1
DA:12,1
DA:13,1
DA:14,1
DA:15,1
DA:16,1
DA:17,1
DA:23,1
DA:25,1
DA:28,1
DA:30,1
DA:31,1
DA:120,1
DA:121,245
DA:124,0
DA:128,0
DA:132,0
DA:133,0
DA:134,0
DA:135,0
DA:136,0
DA:137,0
DA:138,0
DA:140,0
DA:143,0
DA:144,0
DA:151,1
DA:152,150
DA:163,1
DA:164,40
DA:166,40
DA:167,0
DA:168,0
DA:169,0
DA:171,0
DA:172,0
DA:174,40
DA:178,1
DA:179,40
DA:180,0
DA:182,40
DA:189,1
DA:190,0
DA:199,1
DA:200,101
DA:201,50
DA:205,51
DA:216,1
DA:217,1
DA:227,1
DA:228,150
DA:230,150
DA:231,150
DA:232,0
DA:236,1
DA:238,1
DA:244,1
DA:245,0
DA:246,0
DA:254,1
DA:255,10
DA:256,10
LF:63
LH:41
BRDA:30,1,0,1
BRDA:30,1,1,0
BRDA:30,2,0,1
BRDA:30,2,1,1
BRDA:30,3,0,1
BRDA:30,3,1,1
BRDA:133,4,0,0
BRDA:133,4,1,0
BRDA:135,5,0,0
BRDA:135,5,1,0
BRDA:137,6,0,0
BRDA:137,6,1,0
BRDA:152,7,0,0
BRDA:152,7,1,150
BRDA:166,8,0,0
BRDA:166,8,1,40
BRDA:168,9,0,0
BRDA:168,9,1,0
BRDA:179,10,0,0
BRDA:179,10,1,40
BRDA:200,11,0,50
BRDA:200,11,1,51
BRF:22
BRH:10
end_of_record
TN:
SF:/home/grigorisntousakis/lya/core/tst/repos/debug/src/common.js
FN:7,setup
FN:45,selectColor
FN:64,createDebug
FN:67,debug
FN:136,destroy
FN:145,extend
FN:158,enable
FN:195,disable
FN:211,enabled
FN:241,toNamespace
FN:254,coerce
FNF:11
FNH:10
FNDA:1,setup
FNDA:150,selectColor
FNDA:150,createDebug
FNDA:40,debug
FNDA:0,destroy
FNDA:40,extend
FNDA:101,enable
FNDA:40,disable
FNDA:8160,enabled
FNDA:50,toNamespace
FNDA:40,coerce
DA:7,1
DA:8,1
DA:9,1
DA:10,1
DA:11,1
DA:12,1
DA:13,1
DA:14,1
DA:16,1
DA:17,8
DA:23,1
DA:29,1
DA:30,1
DA:37,1
DA:45,1
DA:46,150
DA:48,150
DA:49,920
DA:50,920
DA:53,150
DA:55,1
DA:64,1
DA:65,150
DA:67,1
DA:69,40
DA:70,0
DA:73,40
DA:76,40
DA:77,40
DA:78,40
DA:79,40
DA:80,40
DA:81,40
DA:83,40
DA:85,40
DA:87,0
DA:91,40
DA:92,40
DA:94,10
DA:95,0
DA:97,10
DA:98,10
DA:99,10
DA:100,10
DA:101,10
DA:104,10
DA:105,10
DA:107,10
DA:111,40
DA:113,40
DA:114,40
DA:117,150
DA:118,150
DA:119,150
DA:120,150
DA:121,150
DA:122,150
DA:127,150
DA:128,150
DA:131,150
DA:133,150
DA:136,1
DA:137,0
DA:138,0
DA:139,0
DA:140,0
DA:142,0
DA:145,1
DA:146,40
DA:147,40
DA:148,40
DA:158,1
DA:159,101
DA:161,101
DA:162,101
DA:164,101
DA:165,101
DA:166,101
DA:168,101
DA:169,121
DA:171,61
DA:174,60
DA:176,60
DA:177,20
DA:179,40
DA:183,101
DA:184,8010
DA:185,8010
DA:195,1
DA:196,40
DA:198,20
DA:200,40
DA:201,40
DA:211,1
DA:212,8160
DA:213,0
DA:216,8160
DA:217,8160
DA:219,8160
DA:220,1650
DA:221,825
DA:225,7335
DA:226,3135
DA:227,1100
DA:231,6235
DA:241,1
DA:242,50
DA:254,1
DA:255,40
DA:256,0
DA:258,40
DA:261,1
DA:263,1
DA:266,1
LF:114
LH:104
BRDA:69,1,0,0
BRDA:69,1,1,40
BRDA:77,2,0,40
BRDA:77,2,1,20
BRDA:85,3,0,0
BRDA:85,3,1,40
BRDA:94,4,0,0
BRDA:94,4,1,10
BRDA:99,5,0,10
BRDA:99,5,1,0
BRDA:113,6,0,40
BRDA:113,6,1,0
BRDA:127,7,0,150
BRDA:127,7,1,0
BRDA:138,8,0,0
BRDA:138,8,1,0
BRDA:146,9,0,20
BRDA:146,9,1,20
BRDA:165,10,0,90
BRDA:165,10,1,11
BRDA:169,11,0,61
BRDA:169,11,1,60
BRDA:176,12,0,20
BRDA:176,12,1,40
BRDA:212,13,0,0
BRDA:212,13,1,8160
BRDA:220,14,0,825
BRDA:220,14,1,825
BRDA:226,15,0,1100
BRDA:226,15,1,2035
BRDA:255,16,0,0
BRDA:255,16,1,40
BRDA:256,17,0,0
BRDA:256,17,1,0
BRF:34
BRH:22
end_of_record
